#
# There is insufficient memory for the Java Runtime Environment to continue.
# Native memory allocation (malloc) failed to allocate 2341616 bytes for Chunk::new
# Possible reasons:
#   The system is out of physical RAM or swap space
#   The process is running with CompressedOops enabled, and the Java Heap may be blocking the growth of the native heap
# Possible solutions:
#   Reduce memory load on the system
#   Increase physical memory or swap space
#   Check if swap backing store is full
#   Decrease Java heap size (-Xmx/-Xms)
#   Decrease number of Java threads
#   Decrease Java thread stack sizes (-Xss)
#   Set larger code cache with -XX:ReservedCodeCacheSize=
#   JVM is running with Unscaled Compressed Oops mode in which the Java heap is
#     placed in the first 4GB address space. The Java Heap base address is the
#     maximum limit for the native heap growth. Please use -XX:HeapBaseMinAddress
#     to set the Java Heap base and to place the Java Heap above 4GB virtual address.
# This output file may be truncated or incomplete.
#
#  Out of Memory Error (./src/hotspot/share/memory/arena.cpp:197), pid=39868, tid=31160
#
# JRE version: OpenJDK Runtime Environment Corretto-11.0.14.9.1 (11.0.14+9) (build 11.0.14+9-LTS)
# Java VM: OpenJDK 64-Bit Server VM Corretto-11.0.14.9.1 (11.0.14+9-LTS, mixed mode, tiered, compressed oops, g1 gc, windows-amd64)
# No core dump will be written. Minidumps are not enabled by default on client versions of Windows
#

---------------  S U M M A R Y ------------

Command Line: -javaagent:C:\\Users\\Honor\\.m2\\repository\\org\\jacoco\\org.jacoco.agent\\0.8.8\\org.jacoco.agent-0.8.8-runtime.jar=destfile=C:\\Users\\Honor\\IdeaProjects\\java-shareit\\target\\jacoco.exec,output=file C:\Users\Honor\AppData\Local\Temp\surefire9676084511637001109\surefirebooter13675678247907246063.jar C:\Users\Honor\AppData\Local\Temp\surefire9676084511637001109 2023-02-20T22-23-17_140-jvmRun1 surefire10039517491564813635tmp surefire_01688132468271723340tmp

Host: Intel(R) Core(TM) i3-10110U CPU @ 2.10GHz, 4 cores, 7G,  Windows 11 , 64 bit Build 22000 (10.0.22000.1335)
Time: Mon Feb 20 22:23:29 2023 RTZ 2 (зима) elapsed time: 11.271098 seconds (0d 0h 0m 11s)

---------------  T H R E A D  ---------------

Current thread (0x000001557ebe6800):  JavaThread "C2 CompilerThread1" daemon [_thread_in_native, id=31160, stack(0x0000002ab9a00000,0x0000002ab9b00000)]


Current CompileTask:
C2:  11271 5792 %     4       org.jacoco.agent.rt.internal_b6258fc.asm.ClassReader::readCode @ 2036 (5109 bytes)

Stack: [0x0000002ab9a00000,0x0000002ab9b00000]
Native frames: (J=compiled Java code, j=interpreted, Vv=VM code, C=native code)
V  [jvm.dll+0x61e62a]
V  [jvm.dll+0x7ab569]
V  [jvm.dll+0x7acc58]
V  [jvm.dll+0x7ad333]
V  [jvm.dll+0x24f7f8]
V  [jvm.dll+0xc260c]
V  [jvm.dll+0xc2bcc]
V  [jvm.dll+0x359a97]
V  [jvm.dll+0x19e861]
V  [jvm.dll+0x208d42]
V  [jvm.dll+0x207e1d]
V  [jvm.dll+0x18a2d1]
V  [jvm.dll+0x217574]
V  [jvm.dll+0x2157bb]
V  [jvm.dll+0x76e0c0]
V  [jvm.dll+0x767024]
V  [jvm.dll+0x61d486]
C  [ucrtbase.dll+0x26c0c]
C  [KERNEL32.DLL+0x155a0]
C  [ntdll.dll+0x485b]


---------------  P R O C E S S  ---------------

Threads class SMR info:
_java_thread_list=0x00000155013a8c10, length=13, elements={
0x000001555d9cf800, 0x000001557c84a800, 0x000001557c853800, 0x000001557d1d9000,
0x000001557d1dc000, 0x000001557d1dd800, 0x000001557d1e1000, 0x000001557c866800,
0x000001557d1ec800, 0x000001557c7e1800, 0x000001557e0d7800, 0x000001557e09c000,
0x000001557ebe6800
}

Java Threads: ( => current thread )
  0x000001555d9cf800 JavaThread "main" [_thread_in_vm, id=26928, stack(0x0000002ab8500000,0x0000002ab8600000)]
  0x000001557c84a800 JavaThread "Reference Handler" daemon [_thread_blocked, id=27692, stack(0x0000002ab8c00000,0x0000002ab8d00000)]
  0x000001557c853800 JavaThread "Finalizer" daemon [_thread_blocked, id=36112, stack(0x0000002ab8d00000,0x0000002ab8e00000)]
  0x000001557d1d9000 JavaThread "Signal Dispatcher" daemon [_thread_blocked, id=36204, stack(0x0000002ab8e00000,0x0000002ab8f00000)]
  0x000001557d1dc000 JavaThread "Attach Listener" daemon [_thread_blocked, id=33724, stack(0x0000002ab8f00000,0x0000002ab9000000)]
  0x000001557d1dd800 JavaThread "Service Thread" daemon [_thread_blocked, id=36972, stack(0x0000002ab9000000,0x0000002ab9100000)]
  0x000001557d1e1000 JavaThread "C2 CompilerThread0" daemon [_thread_in_native, id=40120, stack(0x0000002ab9100000,0x0000002ab9200000)]
  0x000001557c866800 JavaThread "C1 CompilerThread0" daemon [_thread_blocked, id=32788, stack(0x0000002ab9200000,0x0000002ab9300000)]
  0x000001557d1ec800 JavaThread "Sweeper thread" daemon [_thread_blocked, id=29672, stack(0x0000002ab9300000,0x0000002ab9400000)]
  0x000001557c7e1800 JavaThread "Common-Cleaner" daemon [_thread_blocked, id=32640, stack(0x0000002ab9400000,0x0000002ab9500000)]
  0x000001557e0d7800 JavaThread "surefire-forkedjvm-command-thread" daemon [_thread_in_native, id=35548, stack(0x0000002ab9800000,0x0000002ab9900000)]
  0x000001557e09c000 JavaThread "surefire-forkedjvm-ping-30s" daemon [_thread_in_native, id=30288, stack(0x0000002ab9900000,0x0000002ab9a00000)]
=>0x000001557ebe6800 JavaThread "C2 CompilerThread1" daemon [_thread_in_native, id=31160, stack(0x0000002ab9a00000,0x0000002ab9b00000)]

Other Threads:
  0x000001557c827800 VMThread "VM Thread" [stack: 0x0000002ab8b00000,0x0000002ab8c00000] [id=14896]
  0x000001557d5da800 WatcherThread [stack: 0x0000002ab9700000,0x0000002ab9800000] [id=38328]
  0x000001555d9e7800 GCTaskThread "GC Thread#0" [stack: 0x0000002ab8600000,0x0000002ab8700000] [id=36380]
  0x000001557db2d000 GCTaskThread "GC Thread#1" [stack: 0x0000002ab9500000,0x0000002ab9600000] [id=31040]
  0x000001557df0b000 GCTaskThread "GC Thread#2" [stack: 0x0000002ab9600000,0x0000002ab9700000] [id=20988]
  0x0000015500f3d800 GCTaskThread "GC Thread#3" [stack: 0x0000002ab9c00000,0x0000002ab9d00000] [id=39152]
  0x000001555da19800 ConcurrentGCThread "G1 Main Marker" [stack: 0x0000002ab8700000,0x0000002ab8800000] [id=35092]
  0x000001555da1b800 ConcurrentGCThread "G1 Conc#0" [stack: 0x0000002ab8800000,0x0000002ab8900000] [id=29292]
  0x000001555da8c800 ConcurrentGCThread "G1 Refine#0" [stack: 0x0000002ab8900000,0x0000002ab8a00000] [id=40556]
  0x000001557c692800 ConcurrentGCThread "G1 Young RemSet Sampling" [stack: 0x0000002ab8a00000,0x0000002ab8b00000] [id=28684]

Threads with active compile tasks:
C2 CompilerThread0  11313 6056       4       org.springframework.beans.factory.support.AbstractBeanFactory::isTypeMatch (1380 bytes)
C2 CompilerThread1  11314 5792 %     4       org.jacoco.agent.rt.internal_b6258fc.asm.ClassReader::readCode @ 2036 (5109 bytes)

VM state:not at safepoint (normal execution)

VM Mutex/Monitor currently owned by a thread: None

Heap address: 0x0000000082800000, size: 2008 MB, Compressed Oops mode: 32-bit
Narrow klass base: 0x0000000000000000, Narrow klass shift: 3
Compressed class space size: 1073741824 Address: 0x0000000100000000

Heap:
 garbage-first heap   total 187392K, used 90045K [0x0000000082800000, 0x0000000100000000)
  region size 1024K, 71 young (72704K), 6 survivors (6144K)
 Metaspace       used 55500K, capacity 56785K, committed 56960K, reserved 1099776K
  class space    used 6141K, capacity 6661K, committed 6784K, reserved 1048576K
Heap Regions: E=young(eden), S=young(survivor), O=old, HS=humongous(starts), HC=humongous(continues), CS=collection set, F=free, A=archive, TAMS=top-at-mark-start (previous, next)
|   0|0x0000000082800000, 0x0000000082900000, 0x0000000082900000|100%| O|  |TAMS 0x0000000082900000, 0x0000000082800000| Untracked 
|   1|0x0000000082900000, 0x0000000082a00000, 0x0000000082a00000|100%| O|  |TAMS 0x0000000082a00000, 0x0000000082900000| Untracked 
|   2|0x0000000082a00000, 0x0000000082b00000, 0x0000000082b00000|100%| O|  |TAMS 0x0000000082b00000, 0x0000000082a00000| Untracked 
|   3|0x0000000082b00000, 0x0000000082c00000, 0x0000000082c00000|100%| O|  |TAMS 0x0000000082c00000, 0x0000000082b00000| Untracked 
|   4|0x0000000082c00000, 0x0000000082d00000, 0x0000000082d00000|100%| O|  |TAMS 0x0000000082d00000, 0x0000000082c00000| Untracked 
|   5|0x0000000082d00000, 0x0000000082e00000, 0x0000000082e00000|100%| O|  |TAMS 0x0000000082e00000, 0x0000000082d00000| Untracked 
|   6|0x0000000082e00000, 0x0000000082f00000, 0x0000000082f00000|100%| O|  |TAMS 0x0000000082f00000, 0x0000000082e00000| Untracked 
|   7|0x0000000082f00000, 0x0000000083000000, 0x0000000083000000|100%| O|  |TAMS 0x0000000083000000, 0x0000000082f00000| Untracked 
|   8|0x0000000083000000, 0x0000000083100000, 0x0000000083100000|100%|HS|  |TAMS 0x0000000083100000, 0x0000000083000000| Complete 
|   9|0x0000000083100000, 0x0000000083200000, 0x0000000083200000|100%| O|  |TAMS 0x0000000083200000, 0x0000000083100000| Untracked 
|  10|0x0000000083200000, 0x0000000083300000, 0x0000000083300000|100%| O|  |TAMS 0x0000000083300000, 0x0000000083200000| Untracked 
|  11|0x0000000083300000, 0x0000000083400000, 0x0000000083400000|100%| O|  |TAMS 0x00000000833fa600, 0x0000000083300000| Untracked 
|  12|0x0000000083400000, 0x0000000083500000, 0x0000000083500000|100%| O|  |TAMS 0x0000000083400000, 0x0000000083400000| Untracked 
|  13|0x0000000083500000, 0x0000000083600000, 0x0000000083600000|100%| O|  |TAMS 0x0000000083500000, 0x0000000083500000| Untracked 
|  14|0x0000000083600000, 0x0000000083700000, 0x0000000083700000|100%| O|  |TAMS 0x0000000083600000, 0x0000000083600000| Untracked 
|  15|0x0000000083700000, 0x0000000083800000, 0x0000000083800000|100%| O|  |TAMS 0x0000000083700000, 0x0000000083700000| Untracked 
|  16|0x0000000083800000, 0x0000000083900000, 0x0000000083900000|100%| O|  |TAMS 0x0000000083800000, 0x0000000083800000| Untracked 
|  17|0x0000000083900000, 0x00000000839ef600, 0x0000000083a00000| 93%| O|  |TAMS 0x0000000083900000, 0x0000000083900000| Untracked 
|  18|0x0000000083a00000, 0x0000000083a00000, 0x0000000083b00000|  0%| F|  |TAMS 0x0000000083a00000, 0x0000000083a00000| Untracked 
|  19|0x0000000083b00000, 0x0000000083b00000, 0x0000000083c00000|  0%| F|  |TAMS 0x0000000083b00000, 0x0000000083b00000| Untracked 
|  20|0x0000000083c00000, 0x0000000083c00000, 0x0000000083d00000|  0%| F|  |TAMS 0x0000000083c00000, 0x0000000083c00000| Untracked 
|  21|0x0000000083d00000, 0x0000000083d00000, 0x0000000083e00000|  0%| F|  |TAMS 0x0000000083d00000, 0x0000000083d00000| Untracked 
|  22|0x0000000083e00000, 0x0000000083e00000, 0x0000000083f00000|  0%| F|  |TAMS 0x0000000083e00000, 0x0000000083e00000| Untracked 
|  23|0x0000000083f00000, 0x0000000083f00000, 0x0000000084000000|  0%| F|  |TAMS 0x0000000083f00000, 0x0000000083f00000| Untracked 
|  24|0x0000000084000000, 0x0000000084000000, 0x0000000084100000|  0%| F|  |TAMS 0x0000000084000000, 0x0000000084000000| Untracked 
|  25|0x0000000084100000, 0x0000000084100000, 0x0000000084200000|  0%| F|  |TAMS 0x0000000084100000, 0x0000000084100000| Untracked 
|  26|0x0000000084200000, 0x0000000084200000, 0x0000000084300000|  0%| F|  |TAMS 0x0000000084200000, 0x0000000084200000| Untracked 
|  27|0x0000000084300000, 0x0000000084300000, 0x0000000084400000|  0%| F|  |TAMS 0x0000000084300000, 0x0000000084300000| Untracked 
|  28|0x0000000084400000, 0x0000000084400000, 0x0000000084500000|  0%| F|  |TAMS 0x0000000084400000, 0x0000000084400000| Untracked 
|  29|0x0000000084500000, 0x0000000084500000, 0x0000000084600000|  0%| F|  |TAMS 0x0000000084500000, 0x0000000084500000| Untracked 
|  30|0x0000000084600000, 0x0000000084600000, 0x0000000084700000|  0%| F|  |TAMS 0x0000000084600000, 0x0000000084600000| Untracked 
|  31|0x0000000084700000, 0x0000000084700000, 0x0000000084800000|  0%| F|  |TAMS 0x0000000084700000, 0x0000000084700000| Untracked 
|  32|0x0000000084800000, 0x0000000084800000, 0x0000000084900000|  0%| F|  |TAMS 0x0000000084800000, 0x0000000084800000| Untracked 
|  33|0x0000000084900000, 0x0000000084900000, 0x0000000084a00000|  0%| F|  |TAMS 0x0000000084900000, 0x0000000084900000| Untracked 
|  34|0x0000000084a00000, 0x0000000084a00000, 0x0000000084b00000|  0%| F|  |TAMS 0x0000000084a00000, 0x0000000084a00000| Untracked 
|  35|0x0000000084b00000, 0x0000000084b00000, 0x0000000084c00000|  0%| F|  |TAMS 0x0000000084b00000, 0x0000000084b00000| Untracked 
|  36|0x0000000084c00000, 0x0000000084c00000, 0x0000000084d00000|  0%| F|  |TAMS 0x0000000084c00000, 0x0000000084c00000| Untracked 
|  37|0x0000000084d00000, 0x0000000084d00000, 0x0000000084e00000|  0%| F|  |TAMS 0x0000000084d00000, 0x0000000084d00000| Untracked 
|  38|0x0000000084e00000, 0x0000000084e00000, 0x0000000084f00000|  0%| F|  |TAMS 0x0000000084e00000, 0x0000000084e00000| Untracked 
|  39|0x0000000084f00000, 0x0000000084f00000, 0x0000000085000000|  0%| F|  |TAMS 0x0000000084f00000, 0x0000000084f00000| Untracked 
|  40|0x0000000085000000, 0x0000000085000000, 0x0000000085100000|  0%| F|  |TAMS 0x0000000085000000, 0x0000000085000000| Untracked 
|  41|0x0000000085100000, 0x0000000085100000, 0x0000000085200000|  0%| F|  |TAMS 0x0000000085100000, 0x0000000085100000| Untracked 
|  42|0x0000000085200000, 0x0000000085200000, 0x0000000085300000|  0%| F|  |TAMS 0x0000000085200000, 0x0000000085200000| Untracked 
|  43|0x0000000085300000, 0x0000000085300000, 0x0000000085400000|  0%| F|  |TAMS 0x0000000085300000, 0x0000000085300000| Untracked 
|  44|0x0000000085400000, 0x0000000085400000, 0x0000000085500000|  0%| F|  |TAMS 0x0000000085400000, 0x0000000085400000| Untracked 
|  45|0x0000000085500000, 0x0000000085500000, 0x0000000085600000|  0%| F|  |TAMS 0x0000000085500000, 0x0000000085500000| Untracked 
|  46|0x0000000085600000, 0x0000000085600000, 0x0000000085700000|  0%| F|  |TAMS 0x0000000085600000, 0x0000000085600000| Untracked 
|  47|0x0000000085700000, 0x0000000085700000, 0x0000000085800000|  0%| F|  |TAMS 0x0000000085700000, 0x0000000085700000| Untracked 
|  48|0x0000000085800000, 0x0000000085800000, 0x0000000085900000|  0%| F|  |TAMS 0x0000000085800000, 0x0000000085800000| Untracked 
|  49|0x0000000085900000, 0x0000000085900000, 0x0000000085a00000|  0%| F|  |TAMS 0x0000000085900000, 0x0000000085900000| Untracked 
|  50|0x0000000085a00000, 0x0000000085a00000, 0x0000000085b00000|  0%| F|  |TAMS 0x0000000085a00000, 0x0000000085a00000| Untracked 
|  51|0x0000000085b00000, 0x0000000085b00000, 0x0000000085c00000|  0%| F|  |TAMS 0x0000000085b00000, 0x0000000085b00000| Untracked 
|  52|0x0000000085c00000, 0x0000000085c00000, 0x0000000085d00000|  0%| F|  |TAMS 0x0000000085c00000, 0x0000000085c00000| Untracked 
|  53|0x0000000085d00000, 0x0000000085d00000, 0x0000000085e00000|  0%| F|  |TAMS 0x0000000085d00000, 0x0000000085d00000| Untracked 
|  54|0x0000000085e00000, 0x0000000085e00000, 0x0000000085f00000|  0%| F|  |TAMS 0x0000000085e00000, 0x0000000085e00000| Untracked 
|  55|0x0000000085f00000, 0x0000000085f00000, 0x0000000086000000|  0%| F|  |TAMS 0x0000000085f00000, 0x0000000085f00000| Untracked 
|  56|0x0000000086000000, 0x0000000086000000, 0x0000000086100000|  0%| F|  |TAMS 0x0000000086000000, 0x0000000086000000| Untracked 
|  57|0x0000000086100000, 0x0000000086100000, 0x0000000086200000|  0%| F|  |TAMS 0x0000000086100000, 0x0000000086100000| Untracked 
|  58|0x0000000086200000, 0x0000000086200000, 0x0000000086300000|  0%| F|  |TAMS 0x0000000086200000, 0x0000000086200000| Untracked 
|  59|0x0000000086300000, 0x0000000086300000, 0x0000000086400000|  0%| F|  |TAMS 0x0000000086300000, 0x0000000086300000| Untracked 
|  60|0x0000000086400000, 0x0000000086400000, 0x0000000086500000|  0%| F|  |TAMS 0x0000000086400000, 0x0000000086400000| Untracked 
|  61|0x0000000086500000, 0x0000000086500000, 0x0000000086600000|  0%| F|  |TAMS 0x0000000086500000, 0x0000000086500000| Untracked 
|  62|0x0000000086600000, 0x0000000086600000, 0x0000000086700000|  0%| F|  |TAMS 0x0000000086600000, 0x0000000086600000| Untracked 
|  63|0x0000000086700000, 0x0000000086700000, 0x0000000086800000|  0%| F|  |TAMS 0x0000000086700000, 0x0000000086700000| Untracked 
|  64|0x0000000086800000, 0x0000000086800000, 0x0000000086900000|  0%| F|  |TAMS 0x0000000086800000, 0x0000000086800000| Untracked 
|  65|0x0000000086900000, 0x0000000086900000, 0x0000000086a00000|  0%| F|  |TAMS 0x0000000086900000, 0x0000000086900000| Untracked 
|  66|0x0000000086a00000, 0x0000000086a00000, 0x0000000086b00000|  0%| F|  |TAMS 0x0000000086a00000, 0x0000000086a00000| Untracked 
|  67|0x0000000086b00000, 0x0000000086b00000, 0x0000000086c00000|  0%| F|  |TAMS 0x0000000086b00000, 0x0000000086b00000| Untracked 
|  68|0x0000000086c00000, 0x0000000086d00000, 0x0000000086d00000|100%| S|CS|TAMS 0x0000000086c00000, 0x0000000086c00000| Complete 
|  69|0x0000000086d00000, 0x0000000086e00000, 0x0000000086e00000|100%| S|CS|TAMS 0x0000000086d00000, 0x0000000086d00000| Complete 
|  70|0x0000000086e00000, 0x0000000086f00000, 0x0000000086f00000|100%| S|CS|TAMS 0x0000000086e00000, 0x0000000086e00000| Complete 
|  71|0x0000000086f00000, 0x0000000087000000, 0x0000000087000000|100%| S|CS|TAMS 0x0000000086f00000, 0x0000000086f00000| Complete 
|  72|0x0000000087000000, 0x0000000087100000, 0x0000000087100000|100%| S|CS|TAMS 0x0000000087000000, 0x0000000087000000| Complete 
|  73|0x0000000087100000, 0x0000000087100000, 0x0000000087200000|  0%| F|  |TAMS 0x0000000087100000, 0x0000000087100000| Untracked 
|  74|0x0000000087200000, 0x0000000087200000, 0x0000000087300000|  0%| F|  |TAMS 0x0000000087200000, 0x0000000087200000| Untracked 
|  75|0x0000000087300000, 0x0000000087300000, 0x0000000087400000|  0%| F|  |TAMS 0x0000000087300000, 0x0000000087300000| Untracked 
|  76|0x0000000087400000, 0x0000000087400000, 0x0000000087500000|  0%| F|  |TAMS 0x0000000087400000, 0x0000000087400000| Untracked 
|  77|0x0000000087500000, 0x0000000087500000, 0x0000000087600000|  0%| F|  |TAMS 0x0000000087500000, 0x0000000087500000| Untracked 
|  78|0x0000000087600000, 0x0000000087600000, 0x0000000087700000|  0%| F|  |TAMS 0x0000000087600000, 0x0000000087600000| Untracked 
|  79|0x0000000087700000, 0x0000000087800000, 0x0000000087800000|100%| S|CS|TAMS 0x0000000087700000, 0x0000000087700000| Complete 
|  80|0x0000000087800000, 0x0000000087800000, 0x0000000087900000|  0%| F|  |TAMS 0x0000000087800000, 0x0000000087800000| Untracked 
|  81|0x0000000087900000, 0x0000000087900000, 0x0000000087a00000|  0%| F|  |TAMS 0x0000000087900000, 0x0000000087900000| Untracked 
|  82|0x0000000087a00000, 0x0000000087a00000, 0x0000000087b00000|  0%| F|  |TAMS 0x0000000087a00000, 0x0000000087a00000| Untracked 
|  83|0x0000000087b00000, 0x0000000087b00000, 0x0000000087c00000|  0%| F|  |TAMS 0x0000000087b00000, 0x0000000087b00000| Untracked 
|  84|0x0000000087c00000, 0x0000000087c00000, 0x0000000087d00000|  0%| F|  |TAMS 0x0000000087c00000, 0x0000000087c00000| Untracked 
|  85|0x0000000087d00000, 0x0000000087d00000, 0x0000000087e00000|  0%| F|  |TAMS 0x0000000087d00000, 0x0000000087d00000| Untracked 
|  86|0x0000000087e00000, 0x0000000087e00000, 0x0000000087f00000|  0%| F|  |TAMS 0x0000000087e00000, 0x0000000087e00000| Untracked 
|  87|0x0000000087f00000, 0x0000000087f00000, 0x0000000088000000|  0%| F|  |TAMS 0x0000000087f00000, 0x0000000087f00000| Untracked 
|  88|0x0000000088000000, 0x0000000088000000, 0x0000000088100000|  0%| F|  |TAMS 0x0000000088000000, 0x0000000088000000| Untracked 
|  89|0x0000000088100000, 0x0000000088100000, 0x0000000088200000|  0%| F|  |TAMS 0x0000000088100000, 0x0000000088100000| Untracked 
|  90|0x0000000088200000, 0x0000000088200000, 0x0000000088300000|  0%| F|  |TAMS 0x0000000088200000, 0x0000000088200000| Untracked 
|  91|0x0000000088300000, 0x0000000088300000, 0x0000000088400000|  0%| F|  |TAMS 0x0000000088300000, 0x0000000088300000| Untracked 
|  92|0x0000000088400000, 0x0000000088400000, 0x0000000088500000|  0%| F|  |TAMS 0x0000000088400000, 0x0000000088400000| Untracked 
|  93|0x0000000088500000, 0x0000000088500000, 0x0000000088600000|  0%| F|  |TAMS 0x0000000088500000, 0x0000000088500000| Untracked 
|  94|0x0000000088600000, 0x0000000088600000, 0x0000000088700000|  0%| F|  |TAMS 0x0000000088600000, 0x0000000088600000| Untracked 
|  95|0x0000000088700000, 0x0000000088700000, 0x0000000088800000|  0%| F|  |TAMS 0x0000000088700000, 0x0000000088700000| Untracked 
|  96|0x0000000088800000, 0x0000000088800000, 0x0000000088900000|  0%| F|  |TAMS 0x0000000088800000, 0x0000000088800000| Untracked 
|  97|0x0000000088900000, 0x0000000088900000, 0x0000000088a00000|  0%| F|  |TAMS 0x0000000088900000, 0x0000000088900000| Untracked 
|  98|0x0000000088a00000, 0x0000000088a00000, 0x0000000088b00000|  0%| F|  |TAMS 0x0000000088a00000, 0x0000000088a00000| Untracked 
|  99|0x0000000088b00000, 0x0000000088b00000, 0x0000000088c00000|  0%| F|  |TAMS 0x0000000088b00000, 0x0000000088b00000| Untracked 
| 100|0x0000000088c00000, 0x0000000088c00000, 0x0000000088d00000|  0%| F|  |TAMS 0x0000000088c00000, 0x0000000088c00000| Untracked 
| 101|0x0000000088d00000, 0x0000000088d00000, 0x0000000088e00000|  0%| F|  |TAMS 0x0000000088d00000, 0x0000000088d00000| Untracked 
| 102|0x0000000088e00000, 0x0000000088e00000, 0x0000000088f00000|  0%| F|  |TAMS 0x0000000088e00000, 0x0000000088e00000| Untracked 
| 103|0x0000000088f00000, 0x0000000088f00000, 0x0000000089000000|  0%| F|  |TAMS 0x0000000088f00000, 0x0000000088f00000| Untracked 
| 104|0x0000000089000000, 0x0000000089000000, 0x0000000089100000|  0%| F|  |TAMS 0x0000000089000000, 0x0000000089000000| Untracked 
| 105|0x0000000089100000, 0x0000000089100000, 0x0000000089200000|  0%| F|  |TAMS 0x0000000089100000, 0x0000000089100000| Untracked 
| 106|0x0000000089200000, 0x0000000089200000, 0x0000000089300000|  0%| F|  |TAMS 0x0000000089200000, 0x0000000089200000| Untracked 
| 107|0x0000000089300000, 0x0000000089300000, 0x0000000089400000|  0%| F|  |TAMS 0x0000000089300000, 0x0000000089300000| Untracked 
| 108|0x0000000089400000, 0x0000000089400000, 0x0000000089500000|  0%| F|  |TAMS 0x0000000089400000, 0x0000000089400000| Untracked 
| 109|0x0000000089500000, 0x0000000089500000, 0x0000000089600000|  0%| F|  |TAMS 0x0000000089500000, 0x0000000089500000| Untracked 
| 110|0x0000000089600000, 0x0000000089600000, 0x0000000089700000|  0%| F|  |TAMS 0x0000000089600000, 0x0000000089600000| Untracked 
| 111|0x0000000089700000, 0x0000000089700000, 0x0000000089800000|  0%| F|  |TAMS 0x0000000089700000, 0x0000000089700000| Untracked 
| 112|0x0000000089800000, 0x0000000089800000, 0x0000000089900000|  0%| F|  |TAMS 0x0000000089800000, 0x0000000089800000| Untracked 
| 113|0x0000000089900000, 0x0000000089900000, 0x0000000089a00000|  0%| F|  |TAMS 0x0000000089900000, 0x0000000089900000| Untracked 
| 114|0x0000000089a00000, 0x0000000089a00000, 0x0000000089b00000|  0%| F|  |TAMS 0x0000000089a00000, 0x0000000089a00000| Untracked 
| 115|0x0000000089b00000, 0x0000000089b00000, 0x0000000089c00000|  0%| F|  |TAMS 0x0000000089b00000, 0x0000000089b00000| Untracked 
| 116|0x0000000089c00000, 0x0000000089c00000, 0x0000000089d00000|  0%| F|  |TAMS 0x0000000089c00000, 0x0000000089c00000| Untracked 
| 117|0x0000000089d00000, 0x0000000089d00000, 0x0000000089e00000|  0%| F|  |TAMS 0x0000000089d00000, 0x0000000089d00000| Untracked 
| 118|0x0000000089e00000, 0x0000000089e80800, 0x0000000089f00000| 50%| E|  |TAMS 0x0000000089e00000, 0x0000000089e00000| Complete 
| 119|0x0000000089f00000, 0x000000008a000000, 0x000000008a000000|100%| E|CS|TAMS 0x0000000089f00000, 0x0000000089f00000| Complete 
| 120|0x000000008a000000, 0x000000008a100000, 0x000000008a100000|100%| E|CS|TAMS 0x000000008a000000, 0x000000008a000000| Complete 
| 121|0x000000008a100000, 0x000000008a200000, 0x000000008a200000|100%| E|CS|TAMS 0x000000008a100000, 0x000000008a100000| Complete 
| 122|0x000000008a200000, 0x000000008a300000, 0x000000008a300000|100%| E|CS|TAMS 0x000000008a200000, 0x000000008a200000| Complete 
| 123|0x000000008a300000, 0x000000008a400000, 0x000000008a400000|100%| E|CS|TAMS 0x000000008a300000, 0x000000008a300000| Complete 
| 124|0x000000008a400000, 0x000000008a500000, 0x000000008a500000|100%| E|CS|TAMS 0x000000008a400000, 0x000000008a400000| Complete 
| 125|0x000000008a500000, 0x000000008a600000, 0x000000008a600000|100%| E|CS|TAMS 0x000000008a500000, 0x000000008a500000| Complete 
| 126|0x000000008a600000, 0x000000008a700000, 0x000000008a700000|100%| E|CS|TAMS 0x000000008a600000, 0x000000008a600000| Complete 
| 127|0x000000008a700000, 0x000000008a800000, 0x000000008a800000|100%| E|CS|TAMS 0x000000008a700000, 0x000000008a700000| Complete 
| 128|0x000000008a800000, 0x000000008a900000, 0x000000008a900000|100%| E|CS|TAMS 0x000000008a800000, 0x000000008a800000| Complete 
| 129|0x000000008a900000, 0x000000008aa00000, 0x000000008aa00000|100%| E|CS|TAMS 0x000000008a900000, 0x000000008a900000| Complete 
| 130|0x000000008aa00000, 0x000000008ab00000, 0x000000008ab00000|100%| E|CS|TAMS 0x000000008aa00000, 0x000000008aa00000| Complete 
| 131|0x000000008ab00000, 0x000000008ac00000, 0x000000008ac00000|100%| E|CS|TAMS 0x000000008ab00000, 0x000000008ab00000| Complete 
| 132|0x000000008ac00000, 0x000000008ad00000, 0x000000008ad00000|100%| E|CS|TAMS 0x000000008ac00000, 0x000000008ac00000| Complete 
| 133|0x000000008ad00000, 0x000000008ae00000, 0x000000008ae00000|100%| E|CS|TAMS 0x000000008ad00000, 0x000000008ad00000| Complete 
| 134|0x000000008ae00000, 0x000000008af00000, 0x000000008af00000|100%| E|CS|TAMS 0x000000008ae00000, 0x000000008ae00000| Complete 
| 135|0x000000008af00000, 0x000000008b000000, 0x000000008b000000|100%| E|CS|TAMS 0x000000008af00000, 0x000000008af00000| Complete 
| 136|0x000000008b000000, 0x000000008b100000, 0x000000008b100000|100%| E|CS|TAMS 0x000000008b000000, 0x000000008b000000| Complete 
| 137|0x000000008b100000, 0x000000008b200000, 0x000000008b200000|100%| E|CS|TAMS 0x000000008b100000, 0x000000008b100000| Complete 
| 138|0x000000008b200000, 0x000000008b300000, 0x000000008b300000|100%| E|CS|TAMS 0x000000008b200000, 0x000000008b200000| Complete 
| 139|0x000000008b300000, 0x000000008b400000, 0x000000008b400000|100%| E|CS|TAMS 0x000000008b300000, 0x000000008b300000| Complete 
| 140|0x000000008b400000, 0x000000008b500000, 0x000000008b500000|100%| E|CS|TAMS 0x000000008b400000, 0x000000008b400000| Complete 
| 141|0x000000008b500000, 0x000000008b600000, 0x000000008b600000|100%| E|CS|TAMS 0x000000008b500000, 0x000000008b500000| Complete 
| 142|0x000000008b600000, 0x000000008b700000, 0x000000008b700000|100%| E|CS|TAMS 0x000000008b600000, 0x000000008b600000| Complete 
| 143|0x000000008b700000, 0x000000008b800000, 0x000000008b800000|100%| E|CS|TAMS 0x000000008b700000, 0x000000008b700000| Complete 
| 144|0x000000008b800000, 0x000000008b900000, 0x000000008b900000|100%| E|CS|TAMS 0x000000008b800000, 0x000000008b800000| Complete 
| 145|0x000000008b900000, 0x000000008ba00000, 0x000000008ba00000|100%| E|CS|TAMS 0x000000008b900000, 0x000000008b900000| Complete 
| 146|0x000000008ba00000, 0x000000008bb00000, 0x000000008bb00000|100%| E|CS|TAMS 0x000000008ba00000, 0x000000008ba00000| Complete 
| 147|0x000000008bb00000, 0x000000008bc00000, 0x000000008bc00000|100%| E|CS|TAMS 0x000000008bb00000, 0x000000008bb00000| Complete 
| 148|0x000000008bc00000, 0x000000008bd00000, 0x000000008bd00000|100%| E|CS|TAMS 0x000000008bc00000, 0x000000008bc00000| Complete 
| 149|0x000000008bd00000, 0x000000008be00000, 0x000000008be00000|100%| E|CS|TAMS 0x000000008bd00000, 0x000000008bd00000| Complete 
| 150|0x000000008be00000, 0x000000008bf00000, 0x000000008bf00000|100%| E|CS|TAMS 0x000000008be00000, 0x000000008be00000| Complete 
| 151|0x000000008bf00000, 0x000000008c000000, 0x000000008c000000|100%| E|CS|TAMS 0x000000008bf00000, 0x000000008bf00000| Complete 
| 152|0x000000008c000000, 0x000000008c100000, 0x000000008c100000|100%| E|CS|TAMS 0x000000008c000000, 0x000000008c000000| Complete 
| 153|0x000000008c100000, 0x000000008c200000, 0x000000008c200000|100%| E|CS|TAMS 0x000000008c100000, 0x000000008c100000| Complete 
| 154|0x000000008c200000, 0x000000008c300000, 0x000000008c300000|100%| E|CS|TAMS 0x000000008c200000, 0x000000008c200000| Complete 
| 155|0x000000008c300000, 0x000000008c400000, 0x000000008c400000|100%| E|CS|TAMS 0x000000008c300000, 0x000000008c300000| Complete 
| 156|0x000000008c400000, 0x000000008c500000, 0x000000008c500000|100%| E|CS|TAMS 0x000000008c400000, 0x000000008c400000| Complete 
| 157|0x000000008c500000, 0x000000008c600000, 0x000000008c600000|100%| E|CS|TAMS 0x000000008c500000, 0x000000008c500000| Complete 
| 158|0x000000008c600000, 0x000000008c700000, 0x000000008c700000|100%| E|CS|TAMS 0x000000008c600000, 0x000000008c600000| Complete 
| 159|0x000000008c700000, 0x000000008c800000, 0x000000008c800000|100%| E|CS|TAMS 0x000000008c700000, 0x000000008c700000| Complete 
| 160|0x000000008c800000, 0x000000008c900000, 0x000000008c900000|100%| E|CS|TAMS 0x000000008c800000, 0x000000008c800000| Complete 
| 161|0x000000008c900000, 0x000000008ca00000, 0x000000008ca00000|100%| E|CS|TAMS 0x000000008c900000, 0x000000008c900000| Complete 
| 162|0x000000008ca00000, 0x000000008cb00000, 0x000000008cb00000|100%| E|CS|TAMS 0x000000008ca00000, 0x000000008ca00000| Complete 
| 163|0x000000008cb00000, 0x000000008cc00000, 0x000000008cc00000|100%| E|CS|TAMS 0x000000008cb00000, 0x000000008cb00000| Complete 
| 164|0x000000008cc00000, 0x000000008cd00000, 0x000000008cd00000|100%| E|CS|TAMS 0x000000008cc00000, 0x000000008cc00000| Complete 
| 165|0x000000008cd00000, 0x000000008ce00000, 0x000000008ce00000|100%| E|CS|TAMS 0x000000008cd00000, 0x000000008cd00000| Complete 
| 166|0x000000008ce00000, 0x000000008cf00000, 0x000000008cf00000|100%| E|CS|TAMS 0x000000008ce00000, 0x000000008ce00000| Complete 
| 167|0x000000008cf00000, 0x000000008d000000, 0x000000008d000000|100%| E|CS|TAMS 0x000000008cf00000, 0x000000008cf00000| Complete 
| 168|0x000000008d000000, 0x000000008d100000, 0x000000008d100000|100%| E|CS|TAMS 0x000000008d000000, 0x000000008d000000| Complete 
| 169|0x000000008d100000, 0x000000008d200000, 0x000000008d200000|100%| E|CS|TAMS 0x000000008d100000, 0x000000008d100000| Complete 
| 170|0x000000008d200000, 0x000000008d300000, 0x000000008d300000|100%| E|CS|TAMS 0x000000008d200000, 0x000000008d200000| Complete 
| 171|0x000000008d300000, 0x000000008d400000, 0x000000008d400000|100%| E|CS|TAMS 0x000000008d300000, 0x000000008d300000| Complete 
| 172|0x000000008d400000, 0x000000008d500000, 0x000000008d500000|100%| E|CS|TAMS 0x000000008d400000, 0x000000008d400000| Complete 
| 173|0x000000008d500000, 0x000000008d600000, 0x000000008d600000|100%| E|CS|TAMS 0x000000008d500000, 0x000000008d500000| Complete 
| 174|0x000000008d600000, 0x000000008d700000, 0x000000008d700000|100%| E|CS|TAMS 0x000000008d600000, 0x000000008d600000| Complete 
| 175|0x000000008d700000, 0x000000008d800000, 0x000000008d800000|100%| E|CS|TAMS 0x000000008d700000, 0x000000008d700000| Complete 
| 176|0x000000008d800000, 0x000000008d900000, 0x000000008d900000|100%| E|CS|TAMS 0x000000008d800000, 0x000000008d800000| Complete 
| 177|0x000000008d900000, 0x000000008da00000, 0x000000008da00000|100%| E|CS|TAMS 0x000000008d900000, 0x000000008d900000| Complete 
| 178|0x000000008da00000, 0x000000008db00000, 0x000000008db00000|100%| E|CS|TAMS 0x000000008da00000, 0x000000008da00000| Complete 
| 179|0x000000008db00000, 0x000000008dc00000, 0x000000008dc00000|100%| E|CS|TAMS 0x000000008db00000, 0x000000008db00000| Complete 
| 180|0x000000008dc00000, 0x000000008dd00000, 0x000000008dd00000|100%| E|CS|TAMS 0x000000008dc00000, 0x000000008dc00000| Complete 
| 181|0x000000008dd00000, 0x000000008de00000, 0x000000008de00000|100%| E|CS|TAMS 0x000000008dd00000, 0x000000008dd00000| Complete 
| 182|0x000000008de00000, 0x000000008df00000, 0x000000008df00000|100%| E|CS|TAMS 0x000000008de00000, 0x000000008de00000| Complete 

Card table byte_map: [0x0000015575b40000,0x0000015575f30000] _byte_map_base: 0x000001557572c000

Marking Bits (Prev, Next): (CMBitMap*) 0x000001555da10cc8, (CMBitMap*) 0x000001555da10d00
 Prev Bits: [0x0000015576320000, 0x0000015578280000)
 Next Bits: [0x0000015578280000, 0x000001557a1e0000)

Polling page: 0x000001555da90000

Metaspace:

Usage:
  Non-class:     48.95 MB capacity,    48.21 MB ( 98%) used,   592.00 KB (  1%) free+waste,   168.19 KB ( <1%) overhead. 
      Class:      6.50 MB capacity,     6.00 MB ( 92%) used,   441.32 KB (  7%) free+waste,    77.75 KB (  1%) overhead. 
       Both:     55.45 MB capacity,    54.20 MB ( 98%) used,     1.01 MB (  2%) free+waste,   245.94 KB ( <1%) overhead. 

Virtual space:
  Non-class space:       50.00 MB reserved,      49.00 MB ( 98%) committed 
      Class space:        1.00 GB reserved,       6.63 MB ( <1%) committed 
             Both:        1.05 GB reserved,      55.63 MB (  5%) committed 

Chunk freelists:
   Non-Class:  52.00 KB
       Class:  27.00 KB
        Both:  79.00 KB

MaxMetaspaceSize: 17179869184.00 GB
CompressedClassSpaceSize: 1.00 GB
Initial GC threshold: 20.80 MB
Current GC threshold: 58.54 MB
CDS: off

CodeHeap 'non-profiled nmethods': size=120064Kb used=4003Kb max_used=4003Kb free=116060Kb
 bounds [0x000001556dbe0000, 0x000001556dfd0000, 0x0000015575120000]
CodeHeap 'profiled nmethods': size=120000Kb used=15176Kb max_used=15176Kb free=104823Kb
 bounds [0x00000155666b0000, 0x0000015567590000, 0x000001556dbe0000]
CodeHeap 'non-nmethods': size=5696Kb used=1573Kb max_used=1644Kb free=4122Kb
 bounds [0x0000015566120000, 0x0000015566390000, 0x00000155666b0000]
 total_blobs=6678 nmethods=6067 adapters=523
 compilation: enabled
              stopped_count=0, restarted_count=0
 full_count=0

Compilation events (20 events):
Event: 11.239 Thread 0x000001557c866800 6094       3       org.springframework.core.annotation.AnnotationsScanner::isKnownEmpty (133 bytes)
Event: 11.239 Thread 0x000001557c866800 nmethod 6094 0x0000015567554e10 code [0x0000015567555060, 0x0000015567555898]
Event: 11.245 Thread 0x000001557c866800 6095       3       com.sun.beans.introspect.PropertyInfo::isPrefix (25 bytes)
Event: 11.245 Thread 0x000001557c866800 nmethod 6095 0x0000015567555c10 code [0x0000015567555e00, 0x0000015567556208]
Event: 11.246 Thread 0x000001557c866800 6096   !   3       java.beans.PropertyDescriptor::findPropertyType (144 bytes)
Event: 11.251 Thread 0x000001557c866800 nmethod 6096 0x0000015567556410 code [0x0000015567556a80, 0x000001556755a168]
Event: 11.257 Thread 0x000001557c866800 6097       3       org.springframework.core.annotation.AnnotationFilter$1::matches (10 bytes)
Event: 11.257 Thread 0x000001557c866800 nmethod 6097 0x000001556755bd90 code [0x000001556755bf40, 0x000001556755c0a8]
Event: 11.257 Thread 0x000001557c866800 6099       3       org.springframework.beans.factory.annotation.AutowiredAnnotationBeanPostProcessor::lambda$buildAutowiringMetadata$2 (336 bytes)
Event: 11.259 Thread 0x000001557c866800 nmethod 6099 0x000001556755c190 code [0x000001556755c6e0, 0x000001556755f0a8]
Event: 11.259 Thread 0x000001557c866800 6100       3       org.springframework.core.annotation.AnnotationsScanner::getDeclaredAnnotations (333 bytes)
Event: 11.261 Thread 0x000001557c866800 nmethod 6100 0x0000015567560190 code [0x0000015567560500, 0x0000015567561bf8]
Event: 11.261 Thread 0x000001557c866800 6098       3       org.springframework.core.annotation.AnnotationsScanner::processMethod (144 bytes)
Event: 11.262 Thread 0x000001557c866800 nmethod 6098 0x0000015567562410 code [0x0000015567562700, 0x0000015567563598]
Event: 11.262 Thread 0x000001557c866800 6101       3       org.springframework.boot.test.mock.mockito.MockitoPostProcessor::$jacocoInit (54 bytes)
Event: 11.263 Thread 0x000001557c866800 nmethod 6101 0x0000015567563b90 code [0x0000015567563dc0, 0x0000015567564858]
Event: 11.264 Thread 0x000001557c866800 6102       3       org.springframework.core.SerializableTypeWrapper$MethodParameterTypeProvider::getType (17 bytes)
Event: 11.264 Thread 0x000001557c866800 nmethod 6102 0x0000015567564b10 code [0x0000015567564ce0, 0x0000015567564ef8]
Event: 11.265 Thread 0x000001557c866800 6103       3       org.springframework.beans.factory.annotation.AutowiredAnnotationBeanPostProcessor$$Lambda$789/0x0000000100655840::doWith (13 bytes)
Event: 11.265 Thread 0x000001557c866800 nmethod 6103 0x0000015567565010 code [0x00000155675651c0, 0x0000015567565308]

GC Heap History (20 events):
Event: 4.542 GC heap before
{Heap before GC invocations=7 (full 0):
 garbage-first heap   total 129024K, used 81369K [0x0000000082800000, 0x0000000100000000)
  region size 1024K, 71 young (72704K), 5 survivors (5120K)
 Metaspace       used 24386K, capacity 25123K, committed 25344K, reserved 1071104K
  class space    used 2487K, capacity 2784K, committed 2816K, reserved 1048576K
}
Event: 4.549 GC heap after
{Heap after GC invocations=8 (full 0):
 garbage-first heap   total 129024K, used 14989K [0x0000000082800000, 0x0000000100000000)
  region size 1024K, 6 young (6144K), 6 survivors (6144K)
 Metaspace       used 24386K, capacity 25123K, committed 25344K, reserved 1071104K
  class space    used 2487K, capacity 2784K, committed 2816K, reserved 1048576K
}
Event: 4.993 GC heap before
{Heap before GC invocations=8 (full 0):
 garbage-first heap   total 129024K, used 84621K [0x0000000082800000, 0x0000000100000000)
  region size 1024K, 75 young (76800K), 6 survivors (6144K)
 Metaspace       used 27519K, capacity 28392K, committed 28544K, reserved 1075200K
  class space    used 2853K, capacity 3194K, committed 3200K, reserved 1048576K
}
Event: 5.000 GC heap after
{Heap after GC invocations=9 (full 0):
 garbage-first heap   total 129024K, used 15763K [0x0000000082800000, 0x0000000100000000)
  region size 1024K, 5 young (5120K), 5 survivors (5120K)
 Metaspace       used 27519K, capacity 28392K, committed 28544K, reserved 1075200K
  class space    used 2853K, capacity 3194K, committed 3200K, reserved 1048576K
}
Event: 5.437 GC heap before
{Heap before GC invocations=9 (full 0):
 garbage-first heap   total 129024K, used 87443K [0x0000000082800000, 0x0000000100000000)
  region size 1024K, 75 young (76800K), 5 survivors (5120K)
 Metaspace       used 29993K, capacity 30899K, committed 30976K, reserved 1077248K
  class space    used 3139K, capacity 3519K, committed 3584K, reserved 1048576K
}
Event: 5.445 GC heap after
{Heap after GC invocations=10 (full 0):
 garbage-first heap   total 155648K, used 18380K [0x0000000082800000, 0x0000000100000000)
  region size 1024K, 7 young (7168K), 7 survivors (7168K)
 Metaspace       used 29993K, capacity 30899K, committed 30976K, reserved 1077248K
  class space    used 3139K, capacity 3519K, committed 3584K, reserved 1048576K
}
Event: 6.039 GC heap before
{Heap before GC invocations=10 (full 0):
 garbage-first heap   total 155648K, used 104396K [0x0000000082800000, 0x0000000100000000)
  region size 1024K, 91 young (93184K), 7 survivors (7168K)
 Metaspace       used 33339K, capacity 34302K, committed 34432K, reserved 1079296K
  class space    used 3528K, capacity 3907K, committed 3968K, reserved 1048576K
}
Event: 6.045 GC heap after
{Heap after GC invocations=11 (full 0):
 garbage-first heap   total 155648K, used 18178K [0x0000000082800000, 0x0000000100000000)
  region size 1024K, 6 young (6144K), 6 survivors (6144K)
 Metaspace       used 33339K, capacity 34302K, committed 34432K, reserved 1079296K
  class space    used 3528K, capacity 3907K, committed 3968K, reserved 1048576K
}
Event: 6.197 GC heap before
{Heap before GC invocations=11 (full 0):
 garbage-first heap   total 155648K, used 36610K [0x0000000082800000, 0x0000000100000000)
  region size 1024K, 25 young (25600K), 6 survivors (6144K)
 Metaspace       used 34681K, capacity 35649K, committed 35840K, reserved 1081344K
  class space    used 3689K, capacity 4085K, committed 4096K, reserved 1048576K
}
Event: 6.206 GC heap after
{Heap after GC invocations=12 (full 0):
 garbage-first heap   total 155648K, used 21481K [0x0000000082800000, 0x0000000100000000)
  region size 1024K, 9 young (9216K), 9 survivors (9216K)
 Metaspace       used 34681K, capacity 35649K, committed 35840K, reserved 1081344K
  class space    used 3689K, capacity 4085K, committed 4096K, reserved 1048576K
}
Event: 6.837 GC heap before
{Heap before GC invocations=13 (full 0):
 garbage-first heap   total 155648K, used 105449K [0x0000000082800000, 0x0000000100000000)
  region size 1024K, 91 young (93184K), 9 survivors (9216K)
 Metaspace       used 38296K, capacity 39365K, committed 39552K, reserved 1085440K
  class space    used 4032K, capacity 4469K, committed 4480K, reserved 1048576K
}
Event: 6.848 GC heap after
{Heap after GC invocations=14 (full 0):
 garbage-first heap   total 155648K, used 22846K [0x0000000082800000, 0x0000000100000000)
  region size 1024K, 8 young (8192K), 8 survivors (8192K)
 Metaspace       used 38296K, capacity 39365K, committed 39552K, reserved 1085440K
  class space    used 4032K, capacity 4469K, committed 4480K, reserved 1048576K
}
Event: 7.477 GC heap before
{Heap before GC invocations=14 (full 0):
 garbage-first heap   total 155648K, used 106814K [0x0000000082800000, 0x0000000100000000)
  region size 1024K, 91 young (93184K), 8 survivors (8192K)
 Metaspace       used 41866K, capacity 42982K, committed 43136K, reserved 1087488K
  class space    used 4404K, capacity 4866K, committed 4992K, reserved 1048576K
}
Event: 7.486 GC heap after
{Heap after GC invocations=15 (full 0):
 garbage-first heap   total 155648K, used 23896K [0x0000000082800000, 0x0000000100000000)
  region size 1024K, 7 young (7168K), 7 survivors (7168K)
 Metaspace       used 41866K, capacity 42982K, committed 43136K, reserved 1087488K
  class space    used 4404K, capacity 4866K, committed 4992K, reserved 1048576K
}
Event: 7.769 GC heap before
{Heap before GC invocations=15 (full 0):
 garbage-first heap   total 155648K, used 109912K [0x0000000082800000, 0x0000000100000000)
  region size 1024K, 91 young (93184K), 7 survivors (7168K)
 Metaspace       used 44919K, capacity 46120K, committed 46464K, reserved 1091584K
  class space    used 4676K, capacity 5142K, committed 5248K, reserved 1048576K
}
Event: 7.776 GC heap after
{Heap after GC invocations=16 (full 0):
 garbage-first heap   total 187392K, used 23418K [0x0000000082800000, 0x0000000100000000)
  region size 1024K, 5 young (5120K), 5 survivors (5120K)
 Metaspace       used 44919K, capacity 46120K, committed 46464K, reserved 1091584K
  class space    used 4676K, capacity 5142K, committed 5248K, reserved 1048576K
}
Event: 8.473 GC heap before
{Heap before GC invocations=16 (full 0):
 garbage-first heap   total 187392K, used 129914K [0x0000000082800000, 0x0000000100000000)
  region size 1024K, 109 young (111616K), 5 survivors (5120K)
 Metaspace       used 49008K, capacity 50186K, committed 50304K, reserved 1093632K
  class space    used 5176K, capacity 5665K, committed 5760K, reserved 1048576K
}
Event: 8.485 GC heap after
{Heap after GC invocations=17 (full 0):
 garbage-first heap   total 187392K, used 23964K [0x0000000082800000, 0x0000000100000000)
  region size 1024K, 6 young (6144K), 6 survivors (6144K)
 Metaspace       used 49008K, capacity 50186K, committed 50304K, reserved 1093632K
  class space    used 5176K, capacity 5665K, committed 5760K, reserved 1048576K
}
Event: 9.874 GC heap before
{Heap before GC invocations=17 (full 0):
 garbage-first heap   total 187392K, used 129436K [0x0000000082800000, 0x0000000100000000)
  region size 1024K, 109 young (111616K), 6 survivors (6144K)
 Metaspace       used 53222K, capacity 54501K, committed 54528K, reserved 1097728K
  class space    used 5871K, capacity 6375K, committed 6400K, reserved 1048576K
}
Event: 9.880 GC heap after
{Heap after GC invocations=18 (full 0):
 garbage-first heap   total 187392K, used 24509K [0x0000000082800000, 0x0000000100000000)
  region size 1024K, 6 young (6144K), 6 survivors (6144K)
 Metaspace       used 53222K, capacity 54501K, committed 54528K, reserved 1097728K
  class space    used 5871K, capacity 6375K, committed 6400K, reserved 1048576K
}

Deoptimization events (20 events):
Event: 10.147 Thread 0x000001555d9cf800 Uncommon trap: trap_request=0xffffff4d fr.pc=0x000001556de7dea8 relative=0x0000000000003c08
Event: 10.147 Thread 0x000001555d9cf800 Uncommon trap: reason=unstable_if action=reinterpret pc=0x000001556de7dea8 method=org.jacoco.agent.rt.internal_b6258fc.asm.MethodWriter.putMethodInfo(Lorg/jacoco/agent/rt/internal_b6258fc/asm/ByteVector;)V @ 9 c2
Event: 10.147 Thread 0x000001555d9cf800 DEOPT PACKING pc=0x000001556de7dea8 sp=0x0000002ab85f7ba0
Event: 10.147 Thread 0x000001555d9cf800 DEOPT UNPACKING pc=0x000001556616a1af sp=0x0000002ab85f7b60 mode 2
Event: 10.276 Thread 0x000001555d9cf800 DEOPT PACKING pc=0x0000015567233e61 sp=0x0000002ab85faeb0
Event: 10.276 Thread 0x000001555d9cf800 DEOPT UNPACKING pc=0x000001556616a95e sp=0x0000002ab85fa3f8 mode 0
Event: 10.318 Thread 0x000001555d9cf800 DEOPT PACKING pc=0x0000015566f3a919 sp=0x0000002ab85f8f40
Event: 10.318 Thread 0x000001555d9cf800 DEOPT UNPACKING pc=0x000001556616a95e sp=0x0000002ab85f84f8 mode 0
Event: 10.390 Thread 0x000001555d9cf800 Uncommon trap: trap_request=0xffffff4d fr.pc=0x000001556df9d168 relative=0x00000000000061a8
Event: 10.390 Thread 0x000001555d9cf800 Uncommon trap: reason=unstable_if action=reinterpret pc=0x000001556df9d168 method=org.jacoco.agent.rt.internal_b6258fc.asm.ClassReader.accept(Lorg/jacoco/agent/rt/internal_b6258fc/asm/ClassVisitor;[Lorg/jacoco/agent/rt/internal_b6258fc/asm/Attribute;I)V @
Event: 10.390 Thread 0x000001555d9cf800 DEOPT PACKING pc=0x000001556df9d168 sp=0x0000002ab85f99f0
Event: 10.390 Thread 0x000001555d9cf800 DEOPT UNPACKING pc=0x000001556616a1af sp=0x0000002ab85f9958 mode 2
Event: 10.459 Thread 0x000001555d9cf800 DEOPT PACKING pc=0x00000155672bc64a sp=0x0000002ab85f96f0
Event: 10.459 Thread 0x000001555d9cf800 DEOPT UNPACKING pc=0x000001556616a95e sp=0x0000002ab85f8d70 mode 0
Event: 10.659 Thread 0x000001555d9cf800 DEOPT PACKING pc=0x00000155672bc64a sp=0x0000002ab85f88a0
Event: 10.659 Thread 0x000001555d9cf800 DEOPT UNPACKING pc=0x000001556616a95e sp=0x0000002ab85f7f20 mode 0
Event: 11.066 Thread 0x000001555d9cf800 DEOPT PACKING pc=0x0000015566d47636 sp=0x0000002ab85fae60
Event: 11.066 Thread 0x000001555d9cf800 DEOPT UNPACKING pc=0x000001556616a95e sp=0x0000002ab85fa360 mode 0
Event: 11.098 Thread 0x000001555d9cf800 DEOPT PACKING pc=0x00000155672bc64a sp=0x0000002ab85f7f70
Event: 11.098 Thread 0x000001555d9cf800 DEOPT UNPACKING pc=0x000001556616a95e sp=0x0000002ab85f75f0 mode 0

Classes redefined (0 events):
No events

Internal exceptions (20 events):
Event: 11.208 Thread 0x000001555d9cf800 Exception <a 'java/lang/ClassNotFoundException'{0x000000008a554eb0}: org/springframework/boot/test/autoconfigure/web/servlet/MockMvcAutoConfigurationCustomizer> (0x000000008a554eb0) thrown at [./src/hotspot/share/classfile/systemDictionary.cpp, line 230]
Event: 11.214 Thread 0x000001555d9cf800 Exception <a 'java/lang/ClassNotFoundException'{0x000000008a5641d8}: java/lang/ObjectCustomizer> (0x000000008a5641d8) thrown at [./src/hotspot/share/classfile/systemDictionary.cpp, line 230]
Event: 11.214 Thread 0x000001555d9cf800 Exception <a 'java/lang/ClassNotFoundException'{0x000000008a568390}: org.springframework.boot.test.autoconfigure.web.servlet.MockMvcAutoConfiguration$$Lambda$800/0x0000000100652040Customizer> (0x000000008a568390) thrown at [./src/hotspot/share/prims/jni.cpp, line 637]
Event: 11.214 Thread 0x000001555d9cf800 Exception <a 'java/lang/ClassNotFoundException'{0x000000008a568f00}: org.springframework.boot.test.autoconfigure.web.servlet.MockMvcAutoConfiguration$$Lambda$800/0x0000000100652040Customizer> (0x000000008a568f00) thrown at [./src/hotspot/share/prims/jni.cpp, line 637]
Event: 11.214 Thread 0x000001555d9cf800 Exception <a 'java/lang/ClassNotFoundException'{0x000000008a569a70}: org.springframework.boot.test.autoconfigure.web.servlet.MockMvcAutoConfiguration$$Lambda$800/0x0000000100652040Customizer> (0x000000008a569a70) thrown at [./src/hotspot/share/prims/jni.cpp, line 637]
Event: 11.218 Thread 0x000001555d9cf800 Exception <a 'java/lang/ClassNotFoundException'{0x000000008a5985c8}: org/springframework/boot/autoconfigure/web/servlet/DispatcherServletPathCustomizer> (0x000000008a5985c8) thrown at [./src/hotspot/share/classfile/systemDictionary.cpp, line 230]
Event: 11.220 Thread 0x000001555d9cf800 Exception <a 'java/lang/ClassNotFoundException'{0x000000008a5a7ba8}: java/lang/ObjectCustomizer> (0x000000008a5a7ba8) thrown at [./src/hotspot/share/classfile/systemDictionary.cpp, line 230]
Event: 11.221 Thread 0x000001555d9cf800 Exception <a 'java/lang/ClassNotFoundException'{0x000000008a5dece0}: org/springframework/boot/autoconfigure/web/servlet/error/ErrorMvcAutoConfiguration$ErrorPageCustomizerCustomizer> (0x000000008a5dece0) thrown at [./src/hotspot/share/classfile/systemDictionary.cpp, line 230]
Event: 11.223 Thread 0x000001555d9cf800 Exception <a 'java/lang/ClassNotFoundException'{0x000000008a408a90}: org/springframework/boot/web/server/ErrorPageRegistrarCustomizer> (0x000000008a408a90) thrown at [./src/hotspot/share/classfile/systemDictionary.cpp, line 230]
Event: 11.224 Thread 0x000001555d9cf800 Exception <a 'java/lang/ClassNotFoundException'{0x000000008a4280d0}: org/springframework/core/OrderedCustomizer> (0x000000008a4280d0) thrown at [./src/hotspot/share/classfile/systemDictionary.cpp, line 230]
Event: 11.240 Thread 0x000001555d9cf800 Exception <a 'java/lang/ClassNotFoundException'{0x000000008a3276f0}: java/lang/ObjectCustomizer> (0x000000008a3276f0) thrown at [./src/hotspot/share/classfile/systemDictionary.cpp, line 230]
Event: 11.241 Thread 0x000001555d9cf800 Exception <a 'java/lang/ClassNotFoundException'{0x000000008a356f38}: org/springframework/web/servlet/config/annotation/WebMvcConfigurationSupportCustomizer> (0x000000008a356f38) thrown at [./src/hotspot/share/classfile/systemDictionary.cpp, line 230]
Event: 11.243 Thread 0x000001555d9cf800 Exception <a 'java/lang/ClassNotFoundException'{0x000000008a393098}: org/springframework/web/servlet/config/annotation/DelegatingWebMvcConfigurationCustomizer> (0x000000008a393098) thrown at [./src/hotspot/share/classfile/systemDictionary.cpp, line 230]
Event: 11.244 Thread 0x000001555d9cf800 Exception <a 'java/lang/ClassNotFoundException'{0x000000008a3cb230}: org/springframework/boot/autoconfigure/web/servlet/WebMvcAutoConfiguration$EnableWebMvcConfigurationCustomizer> (0x000000008a3cb230) thrown at [./src/hotspot/share/classfile/systemDictionary.cpp, line 230]
Event: 11.250 Thread 0x000001555d9cf800 Exception <a 'java/lang/ClassNotFoundException'{0x000000008a3fb888}: org/springframework/context/ResourceLoaderAwareCustomizer> (0x000000008a3fb888) thrown at [./src/hotspot/share/classfile/systemDictionary.cpp, line 230]
Event: 11.252 Thread 0x000001555d9cf800 Exception <a 'java/lang/ClassNotFoundException'{0x000000008a21cdf0}: org/springframework/beans/factory/AwareCustomizer> (0x000000008a21cdf0) thrown at [./src/hotspot/share/classfile/systemDictionary.cpp, line 230]
Event: 11.252 Thread 0x000001555d9cf800 Exception <a 'java/lang/ClassNotFoundException'{0x000000008a241520}: org/springframework/context/ApplicationContextAwareCustomizer> (0x000000008a241520) thrown at [./src/hotspot/share/classfile/systemDictionary.cpp, line 230]
Event: 11.253 Thread 0x000001555d9cf800 Exception <a 'java/lang/ClassNotFoundException'{0x000000008a262b38}: org/springframework/beans/factory/AwareCustomizer> (0x000000008a262b38) thrown at [./src/hotspot/share/classfile/systemDictionary.cpp, line 230]
Event: 11.254 Thread 0x000001555d9cf800 Exception <a 'java/lang/ClassNotFoundException'{0x000000008a2874a0}: org/springframework/web/context/ServletContextAwareCustomizer> (0x000000008a2874a0) thrown at [./src/hotspot/share/classfile/systemDictionary.cpp, line 230]
Event: 11.254 Thread 0x000001555d9cf800 Exception <a 'java/lang/ClassNotFoundException'{0x000000008a2a8598}: org/springframework/beans/factory/AwareCustomizer> (0x000000008a2a8598) thrown at [./src/hotspot/share/classfile/systemDictionary.cpp, line 230]

Events (20 events):
Event: 11.253 loading class org/springframework/beans/factory/AwareCustomizer
Event: 11.253 loading class org/springframework/beans/factory/AwareCustomizer done
Event: 11.253 loading class org/springframework/beans/factory/AwareCustomizer
Event: 11.253 loading class org/springframework/beans/factory/AwareCustomizer done
Event: 11.253 loading class org/springframework/web/context/ServletContextAwareCustomizer
Event: 11.253 loading class org/springframework/web/context/ServletContextAwareCustomizer done
Event: 11.253 loading class org/springframework/web/context/ServletContextAwareCustomizer
Event: 11.253 loading class org/springframework/web/context/ServletContextAwareCustomizer done
Event: 11.254 loading class org/springframework/web/context/ServletContextAwareCustomizer
Event: 11.254 loading class org/springframework/web/context/ServletContextAwareCustomizer done
Event: 11.254 loading class org/springframework/beans/factory/AwareCustomizer
Event: 11.254 loading class org/springframework/beans/factory/AwareCustomizer done
Event: 11.254 loading class org/springframework/beans/factory/AwareCustomizer
Event: 11.254 loading class org/springframework/beans/factory/AwareCustomizer done
Event: 11.254 loading class org/springframework/beans/factory/AwareCustomizer
Event: 11.254 loading class org/springframework/beans/factory/AwareCustomizer done
Event: 11.255 loading class org/springframework/beans/factory/annotation/AutowiredAnnotationBeanPostProcessor$AutowiredMethodElement
Event: 11.255 loading class org/springframework/beans/factory/annotation/AutowiredAnnotationBeanPostProcessor$AutowiredMethodElement done
Event: 11.266 loading class org/springframework/boot/web/servlet/ServletRegistrationBean
Event: 11.266 loading class org/springframework/boot/web/servlet/ServletRegistrationBean done


Dynamic libraries:
0x00007ff60e2f0000 - 0x00007ff60e2fd000 	C:\Program Files\Amazon Corretto\jdk11.0.14_9\bin\java.exe
0x00007ffbf5d60000 - 0x00007ffbf5f69000 	C:\WINDOWS\SYSTEM32\ntdll.dll
0x00007ffbf5690000 - 0x00007ffbf574e000 	C:\WINDOWS\System32\KERNEL32.DLL
0x00007ffbf36a0000 - 0x00007ffbf3a1b000 	C:\WINDOWS\System32\KERNELBASE.dll
0x00007ffbf33a0000 - 0x00007ffbf34b1000 	C:\WINDOWS\System32\ucrtbase.dll
0x00007ffbe7020000 - 0x00007ffbe7037000 	C:\Program Files\Amazon Corretto\jdk11.0.14_9\bin\jli.dll
0x00007ffbf5470000 - 0x00007ffbf561d000 	C:\WINDOWS\System32\USER32.dll
0x00007ffbf3580000 - 0x00007ffbf35a6000 	C:\WINDOWS\System32\win32u.dll
0x00007ffbf5bc0000 - 0x00007ffbf5be9000 	C:\WINDOWS\System32\GDI32.dll
0x00007ffbf3a20000 - 0x00007ffbf3b38000 	C:\WINDOWS\System32\gdi32full.dll
0x00007ffbf3b40000 - 0x00007ffbf3bdd000 	C:\WINDOWS\System32\msvcp_win.dll
0x00007ffbe6640000 - 0x00007ffbe6659000 	C:\Program Files\Amazon Corretto\jdk11.0.14_9\bin\VCRUNTIME140.dll
0x00007ffbd4830000 - 0x00007ffbd4ad5000 	C:\WINDOWS\WinSxS\amd64_microsoft.windows.common-controls_6595b64144ccf1df_6.0.22000.120_none_9d947278b86cc467\COMCTL32.dll
0x00007ffbf3e10000 - 0x00007ffbf3eb3000 	C:\WINDOWS\System32\msvcrt.dll
0x00007ffbf3ff0000 - 0x00007ffbf4022000 	C:\WINDOWS\System32\IMM32.DLL
0x000000006b7c0000 - 0x000000006b7cc000 	C:\Program Files (x86)\360\Total Security\safemon\SafeWrapper.dll
0x00007ffbf3be0000 - 0x00007ffbf3c8e000 	C:\WINDOWS\System32\ADVAPI32.dll
0x00007ffbf4970000 - 0x00007ffbf4a0e000 	C:\WINDOWS\System32\sechost.dll
0x00007ffbf47f0000 - 0x00007ffbf4910000 	C:\WINDOWS\System32\RPCRT4.dll
0x00007ffbadae0000 - 0x00007ffbadb72000 	C:\Program Files (x86)\360\Total Security\safemon\libzdtp64.dll
0x00007ffbf4030000 - 0x00007ffbf47e7000 	C:\WINDOWS\System32\SHELL32.dll
0x00007ffbf5020000 - 0x00007ffbf507d000 	C:\WINDOWS\System32\SHLWAPI.dll
0x00007ffbf2be0000 - 0x00007ffbf2bea000 	C:\WINDOWS\SYSTEM32\VERSION.dll
0x00007ffbada40000 - 0x00007ffbadadb000 	C:\Program Files\Amazon Corretto\jdk11.0.14_9\bin\msvcp140.dll
0x00007ffb73610000 - 0x00007ffb74193000 	C:\Program Files\Amazon Corretto\jdk11.0.14_9\bin\server\jvm.dll
0x00007ffbf3d10000 - 0x00007ffbf3d18000 	C:\WINDOWS\System32\PSAPI.DLL
0x00007ffbc06f0000 - 0x00007ffbc06f9000 	C:\WINDOWS\SYSTEM32\WSOCK32.dll
0x00007ffbf5080000 - 0x00007ffbf50ef000 	C:\WINDOWS\System32\WS2_32.dll
0x00007ffbe9a20000 - 0x00007ffbe9a53000 	C:\WINDOWS\SYSTEM32\WINMM.dll
0x00007ffbf2330000 - 0x00007ffbf2348000 	C:\WINDOWS\SYSTEM32\kernel.appcore.dll
0x00007ffbe8780000 - 0x00007ffbe8790000 	C:\Program Files\Amazon Corretto\jdk11.0.14_9\bin\verify.dll
0x00007ffbf0f00000 - 0x00007ffbf1121000 	C:\WINDOWS\SYSTEM32\DBGHELP.DLL
0x00007ffbe79a0000 - 0x00007ffbe79d1000 	C:\WINDOWS\SYSTEM32\dbgcore.DLL
0x00007ffbf3620000 - 0x00007ffbf369f000 	C:\WINDOWS\System32\bcryptPrimitives.dll
0x00007ffbb4170000 - 0x00007ffbb4198000 	C:\Program Files\Amazon Corretto\jdk11.0.14_9\bin\java.dll
0x00007ffbe7bf0000 - 0x00007ffbe7bfa000 	C:\Program Files\Amazon Corretto\jdk11.0.14_9\bin\jimage.dll
0x00007ffbe58c0000 - 0x00007ffbe58ce000 	C:\Program Files\Amazon Corretto\jdk11.0.14_9\bin\instrument.dll
0x00007ffbe0a40000 - 0x00007ffbe0a58000 	C:\Program Files\Amazon Corretto\jdk11.0.14_9\bin\zip.dll
0x00007ffbf1300000 - 0x00007ffbf1b65000 	C:\WINDOWS\SYSTEM32\windows.storage.dll
0x00007ffbf50f0000 - 0x00007ffbf5468000 	C:\WINDOWS\System32\combase.dll
0x00007ffbf1150000 - 0x00007ffbf12b6000 	C:\WINDOWS\SYSTEM32\wintypes.dll
0x00007ffbf4c90000 - 0x00007ffbf4d7a000 	C:\WINDOWS\System32\SHCORE.dll
0x00007ffbf3160000 - 0x00007ffbf3181000 	C:\WINDOWS\SYSTEM32\profapi.dll
0x00007ffbb41e0000 - 0x00007ffbb41f9000 	C:\Program Files\Amazon Corretto\jdk11.0.14_9\bin\net.dll
0x00007ffbec4e0000 - 0x00007ffbec5f4000 	C:\WINDOWS\SYSTEM32\WINHTTP.dll
0x00007ffbf27d0000 - 0x00007ffbf2837000 	C:\WINDOWS\system32\mswsock.dll
0x00007ffbb4970000 - 0x00007ffbb4983000 	C:\Program Files\Amazon Corretto\jdk11.0.14_9\bin\nio.dll
0x00007ffbe8bb0000 - 0x00007ffbe8bc7000 	C:\WINDOWS\system32\napinsp.dll
0x00007ffbe6a90000 - 0x00007ffbe6aab000 	C:\WINDOWS\system32\pnrpnsp.dll
0x00007ffbf1e10000 - 0x00007ffbf1ef8000 	C:\WINDOWS\SYSTEM32\DNSAPI.dll
0x00007ffbf1de0000 - 0x00007ffbf1e0d000 	C:\WINDOWS\SYSTEM32\IPHLPAPI.DLL
0x00007ffbf4aa0000 - 0x00007ffbf4aa9000 	C:\WINDOWS\System32\NSI.dll
0x00007ffbe62d0000 - 0x00007ffbe62e2000 	C:\WINDOWS\System32\winrnr.dll
0x00007ffbe8fa0000 - 0x00007ffbe8fb5000 	C:\WINDOWS\system32\wshbth.dll
0x00007ffb7ee70000 - 0x00007ffb7ee8f000 	C:\WINDOWS\system32\nlansp_c.dll
0x00007ffbe2d50000 - 0x00007ffbe2d5a000 	C:\Windows\System32\rasadhlp.dll
0x00007ffbe8e80000 - 0x00007ffbe8f01000 	C:\WINDOWS\System32\fwpuclnt.dll
0x00007ffbe0a00000 - 0x00007ffbe0a09000 	C:\Program Files\Amazon Corretto\jdk11.0.14_9\bin\management.dll
0x00007ffbbc110000 - 0x00007ffbbc11b000 	C:\Program Files\Amazon Corretto\jdk11.0.14_9\bin\management_ext.dll

dbghelp: loaded successfully - version: 4.0.5 - missing functions: none
symbol engine: initialized successfully - sym options: 0x614 - pdb path: .;C:\Program Files\Amazon Corretto\jdk11.0.14_9\bin;C:\WINDOWS\SYSTEM32;C:\WINDOWS\WinSxS\amd64_microsoft.windows.common-controls_6595b64144ccf1df_6.0.22000.120_none_9d947278b86cc467;C:\Program Files (x86)\360\Total Security\safemon;C:\Program Files\Amazon Corretto\jdk11.0.14_9\bin\server

VM Arguments:
jvm_args: -javaagent:C:\\Users\\Honor\\.m2\\repository\\org\\jacoco\\org.jacoco.agent\\0.8.8\\org.jacoco.agent-0.8.8-runtime.jar=destfile=C:\\Users\\Honor\\IdeaProjects\\java-shareit\\target\\jacoco.exec,output=file 
java_command: C:\Users\Honor\AppData\Local\Temp\surefire9676084511637001109\surefirebooter13675678247907246063.jar C:\Users\Honor\AppData\Local\Temp\surefire9676084511637001109 2023-02-20T22-23-17_140-jvmRun1 surefire10039517491564813635tmp surefire_01688132468271723340tmp
java_class_path (initial): C:\Users\Honor\AppData\Local\Temp\surefire9676084511637001109\surefirebooter13675678247907246063.jar
Launcher Type: SUN_STANDARD

[Global flags]
     intx CICompilerCount                          = 3                                         {product} {ergonomic}
     uint ConcGCThreads                            = 1                                         {product} {ergonomic}
     uint G1ConcRefinementThreads                  = 4                                         {product} {ergonomic}
   size_t G1HeapRegionSize                         = 1048576                                   {product} {ergonomic}
    uintx GCDrainStackTargetSize                   = 64                                        {product} {ergonomic}
   size_t InitialHeapSize                          = 132120576                                 {product} {ergonomic}
   size_t MarkStackSize                            = 4194304                                   {product} {ergonomic}
   size_t MaxHeapSize                              = 2105540608                                {product} {ergonomic}
   size_t MaxNewSize                               = 1262485504                                {product} {ergonomic}
   size_t MinHeapDeltaBytes                        = 1048576                                   {product} {ergonomic}
    uintx NonNMethodCodeHeapSize                   = 5830732                                {pd product} {ergonomic}
    uintx NonProfiledCodeHeapSize                  = 122913754                              {pd product} {ergonomic}
    uintx ProfiledCodeHeapSize                     = 122913754                              {pd product} {ergonomic}
    uintx ReservedCodeCacheSize                    = 251658240                              {pd product} {ergonomic}
     bool SegmentedCodeCache                       = true                                      {product} {ergonomic}
     bool UseCompressedClassPointers               = true                                 {lp64_product} {ergonomic}
     bool UseCompressedOops                        = true                                 {lp64_product} {ergonomic}
     bool UseG1GC                                  = true                                      {product} {ergonomic}
     bool UseLargePagesIndividualAllocation        = false                                  {pd product} {ergonomic}

Logging:
Log output configuration:
 #0: stdout all=warning uptime,level,tags
 #1: stderr all=off uptime,level,tags

Environment Variables:
JAVA_HOME=C:\Program Files\Amazon Corretto\jdk11.0.14_9
PATH=C:\Program Files\Amazon Corretto\jdk11.0.14_9\bin;C:\Program Files (x86)\Common Files\Oracle\Java\javapath;C:\WINDOWS\system32;C:\WINDOWS;C:\WINDOWS\System32\Wbem;C:\WINDOWS\System32\WindowsPowerShell\v1.0\;C:\WINDOWS\System32\OpenSSH\;C:\Program Files\Amazon Corretto\jdk11.0.14_9\bin;C:\Program Files\Git\cmd;C:\Users\Honor\AppData\Local\Microsoft\WindowsApps;;C:\Program Files\JetBrains\IntelliJ IDEA Community Edition 2021.3.2\bin;
USERNAME=Honor
OS=Windows_NT
PROCESSOR_IDENTIFIER=Intel64 Family 6 Model 142 Stepping 12, GenuineIntel



---------------  S Y S T E M  ---------------

OS: Windows 11 , 64 bit Build 22000 (10.0.22000.1335)
OS uptime: 12 days 7:10 hours

CPU:total 4 (initial active 4) (2 cores per cpu, 2 threads per core) family 6 model 142 stepping 12 microcode 0xde, cmov, cx8, fxsr, mmx, sse, sse2, sse3, ssse3, sse4.1, sse4.2, popcnt, avx, avx2, aes, clmul, erms, 3dnowpref, lzcnt, ht, tsc, tscinvbit, bmi1, bmi2, adx, fma

Memory: 4k page, system-wide physical 8025M (321M free)
TotalPageFile size 23385M (AvailPageFile size 5M)
current process WorkingSet (physical memory assigned to process): 333M, peak: 346M
current process commit charge ("private bytes"): 397M, peak: 407M

vm_info: OpenJDK 64-Bit Server VM (11.0.14+9-LTS) for windows-amd64 JRE (11.0.14+9-LTS), built on Jan 15 2022 01:18:46 by "Administrator" with unknown MS VC++:1916

END.
