#
# There is insufficient memory for the Java Runtime Environment to continue.
# Native memory allocation (mmap) failed to map 27262976 bytes for Failed to commit area from 0x000000008a600000 to 0x000000008c000000 of length 27262976.
# Possible reasons:
#   The system is out of physical RAM or swap space
#   The process is running with CompressedOops enabled, and the Java Heap may be blocking the growth of the native heap
# Possible solutions:
#   Reduce memory load on the system
#   Increase physical memory or swap space
#   Check if swap backing store is full
#   Decrease Java heap size (-Xmx/-Xms)
#   Decrease number of Java threads
#   Decrease Java thread stack sizes (-Xss)
#   Set larger code cache with -XX:ReservedCodeCacheSize=
#   JVM is running with Unscaled Compressed Oops mode in which the Java heap is
#     placed in the first 4GB address space. The Java Heap base address is the
#     maximum limit for the native heap growth. Please use -XX:HeapBaseMinAddress
#     to set the Java Heap base and to place the Java Heap above 4GB virtual address.
# This output file may be truncated or incomplete.
#
#  Out of Memory Error (./src/hotspot/os/windows/os_windows.cpp:3387), pid=35856, tid=6984
#
# JRE version: OpenJDK Runtime Environment Corretto-11.0.14.9.1 (11.0.14+9) (build 11.0.14+9-LTS)
# Java VM: OpenJDK 64-Bit Server VM Corretto-11.0.14.9.1 (11.0.14+9-LTS, mixed mode, tiered, compressed oops, g1 gc, windows-amd64)
# No core dump will be written. Minidumps are not enabled by default on client versions of Windows
#

---------------  S U M M A R Y ------------

Command Line: -javaagent:C:\\Users\\Honor\\.m2\\repository\\org\\jacoco\\org.jacoco.agent\\0.8.8\\org.jacoco.agent-0.8.8-runtime.jar=destfile=C:\\Users\\Honor\\IdeaProjects\\java-shareit\\target\\jacoco.exec,output=file C:\Users\Honor\AppData\Local\Temp\surefire8938412001328139474\surefirebooter375956989784267046.jar C:\Users\Honor\AppData\Local\Temp\surefire8938412001328139474 2023-02-20T22-29-14_134-jvmRun1 surefire2304366071320141663tmp surefire_017319290771724536075tmp

Host: Intel(R) Core(TM) i3-10110U CPU @ 2.10GHz, 4 cores, 7G,  Windows 11 , 64 bit Build 22000 (10.0.22000.1335)
Time: Mon Feb 20 22:29:21 2023 RTZ 2 (зима) elapsed time: 6.633404 seconds (0d 0h 0m 6s)

---------------  T H R E A D  ---------------

Current thread (0x000001c2d0730000):  VMThread "VM Thread" [stack: 0x000000a1b1900000,0x000000a1b1a00000] [id=6984]

Stack: [0x000000a1b1900000,0x000000a1b1a00000]
[error occurred during error reporting (printing stack bounds), id 0xc0000005, EXCEPTION_ACCESS_VIOLATION (0xc0000005) at pc=0x000001c2ba7c112d]

Native frames: (J=compiled Java code, j=interpreted, Vv=VM code, C=native code)
V  [jvm.dll+0x61e62a]
V  [jvm.dll+0x7ab569]
V  [jvm.dll+0x7acc58]
V  [jvm.dll+0x7ad295]
V  [jvm.dll+0x7ad24b]
V  [jvm.dll+0x61d9b7]
V  [jvm.dll+0x61e0c8]
C  [ntdll.dll+0xa8b1f]
C  [ntdll.dll+0x35b9a]
C  [ntdll.dll+0xa7b2e]
C  0x000001c2ba7c112d

VM_Operation (0x000000a1b13fa6e0): G1CollectForAllocation, mode: safepoint, requested by thread 0x000001c2b209e000


---------------  P R O C E S S  ---------------

Threads class SMR info:
_java_thread_list=0x000001c2d2603010, length=13, elements={
0x000001c2b209e000, 0x000001c2d0755000, 0x000001c2d075e800, 0x000001c2d10da000,
0x000001c2d10db000, 0x000001c2d10de800, 0x000001c2d10e0000, 0x000001c2d10e3000,
0x000001c2d0778800, 0x000001c2d126c800, 0x000001c2d2402800, 0x000001c2d2032000,
0x000001c2d27f9000
}

Java Threads: ( => current thread )
  0x000001c2b209e000 JavaThread "main" [_thread_blocked, id=40636, stack(0x000000a1b1300000,0x000000a1b1400000)]
  0x000001c2d0755000 JavaThread "Reference Handler" daemon [_thread_blocked, id=29780, stack(0x000000a1b1a00000,0x000000a1b1b00000)]
  0x000001c2d075e800 JavaThread "Finalizer" daemon [_thread_blocked, id=12584, stack(0x000000a1b1b00000,0x000000a1b1c00000)]
  0x000001c2d10da000 JavaThread "Signal Dispatcher" daemon [_thread_blocked, id=28708, stack(0x000000a1b1c00000,0x000000a1b1d00000)]
  0x000001c2d10db000 JavaThread "Attach Listener" daemon [_thread_blocked, id=39084, stack(0x000000a1b1d00000,0x000000a1b1e00000)]
  0x000001c2d10de800 JavaThread "Service Thread" daemon [_thread_blocked, id=35904, stack(0x000000a1b1e00000,0x000000a1b1f00000)]
  0x000001c2d10e0000 JavaThread "C2 CompilerThread0" daemon [_thread_blocked, id=19472, stack(0x000000a1b1f00000,0x000000a1b2000000)]
  0x000001c2d10e3000 JavaThread "C1 CompilerThread0" daemon [_thread_blocked, id=40848, stack(0x000000a1b2000000,0x000000a1b2100000)]
  0x000001c2d0778800 JavaThread "Sweeper thread" daemon [_thread_blocked, id=22724, stack(0x000000a1b2100000,0x000000a1b2200000)]
  0x000001c2d126c800 JavaThread "Common-Cleaner" daemon [_thread_blocked, id=12344, stack(0x000000a1b2200000,0x000000a1b2300000)]
  0x000001c2d2402800 JavaThread "surefire-forkedjvm-command-thread" daemon [_thread_in_native, id=37800, stack(0x000000a1b2600000,0x000000a1b2700000)]
  0x000001c2d2032000 JavaThread "surefire-forkedjvm-ping-30s" daemon [_thread_blocked, id=27808, stack(0x000000a1b2700000,0x000000a1b2800000)]
  0x000001c2d27f9000 JavaThread "C2 CompilerThread1" daemon [_thread_blocked, id=40212, stack(0x000000a1b2800000,0x000000a1b2900000)]

Other Threads:
=>0x000001c2d0730000 VMThread "VM Thread" [stack: 0x000000a1b1900000,0x000000a1b1a00000] [id=6984]
  0x000001c2d2119800 WatcherThread [stack: 0x000000a1b2500000,0x000000a1b2600000] [id=40056]
  0x000001c2b20b6800 GCTaskThread "GC Thread#0" [stack: 0x000000a1b1400000,0x000000a1b1500000] [id=37576]
  0x000001c2d19d6000 GCTaskThread "GC Thread#1" [stack: 0x000000a1b2300000,0x000000a1b2400000] [id=39052]
  0x000001c2d213f800 GCTaskThread "GC Thread#2" [stack: 0x000000a1b2400000,0x000000a1b2500000] [id=23464]
  0x000001c2b20e6800 ConcurrentGCThread "G1 Main Marker" [stack: 0x000000a1b1500000,0x000000a1b1600000] [id=40300]
  0x000001c2b20e8800 ConcurrentGCThread "G1 Conc#0" [stack: 0x000000a1b1600000,0x000000a1b1700000] [id=24252]
  0x000001c2d05a0800 ConcurrentGCThread "G1 Refine#0" [stack: 0x000000a1b1700000,0x000000a1b1800000] [id=24600]
  0x000001c2d05a1800 ConcurrentGCThread "G1 Young RemSet Sampling" [stack: 0x000000a1b1800000,0x000000a1b1900000] [id=35792]

Threads with active compile tasks:
C1 CompilerThread0   6664 3279       3       java.net.URLStreamHandler::parseURL (1201 bytes)

VM state:at safepoint (normal execution)

VM Mutex/Monitor currently owned by a thread:  ([mutex/lock_event])
[0x000001c2b2099ca0] Threads_lock - owner thread: 0x000001c2d0730000
[0x000001c2b209a870] Heap_lock - owner thread: 0x000001c2b209e000

Heap address: 0x0000000082800000, size: 2008 MB, Compressed Oops mode: 32-bit
Narrow klass base: 0x0000000000000000, Narrow klass shift: 3
Compressed class space size: 1073741824 Address: 0x0000000100000000

Heap:
 garbage-first heap   total 155648K, used 15137K [0x0000000082800000, 0x0000000100000000)
  region size 1024K, 7 young (7168K), 7 survivors (7168K)
 Metaspace       used 24526K, capacity 25288K, committed 25344K, reserved 1071104K
  class space    used 2508K, capacity 2797K, committed 2816K, reserved 1048576K
Heap Regions: E=young(eden), S=young(survivor), O=old, HS=humongous(starts), HC=humongous(continues), CS=collection set, F=free, A=archive, TAMS=top-at-mark-start (previous, next)
|   0|0x0000000082800000, 0x0000000082900000, 0x0000000082900000|100%| O|  |TAMS 0x0000000082900000, 0x0000000082800000| Untracked 
|   1|0x0000000082900000, 0x0000000082a00000, 0x0000000082a00000|100%| O|  |TAMS 0x0000000082a00000, 0x0000000082900000| Untracked 
|   2|0x0000000082a00000, 0x0000000082b00000, 0x0000000082b00000|100%| O|  |TAMS 0x0000000082b00000, 0x0000000082a00000| Untracked 
|   3|0x0000000082b00000, 0x0000000082c00000, 0x0000000082c00000|100%| O|  |TAMS 0x0000000082c00000, 0x0000000082b00000| Untracked 
|   4|0x0000000082c00000, 0x0000000082d00000, 0x0000000082d00000|100%| O|  |TAMS 0x0000000082d00000, 0x0000000082c00000| Untracked 
|   5|0x0000000082d00000, 0x0000000082e00000, 0x0000000082e00000|100%| O|  |TAMS 0x0000000082e00000, 0x0000000082d00000| Untracked 
|   6|0x0000000082e00000, 0x0000000082f00000, 0x0000000082f00000|100%| O|  |TAMS 0x0000000082f00000, 0x0000000082e00000| Untracked 
|   7|0x0000000082f00000, 0x0000000082f88800, 0x0000000083000000| 53%| O|  |TAMS 0x0000000082f51600, 0x0000000082f00000| Untracked 
|   8|0x0000000083000000, 0x0000000083100000, 0x0000000083100000|100%|HS|  |TAMS 0x0000000083100000, 0x0000000083000000| Complete 
|   9|0x0000000083100000, 0x0000000083100000, 0x0000000083200000|  0%| F|  |TAMS 0x0000000083100000, 0x0000000083100000| Untracked 
|  10|0x0000000083200000, 0x0000000083200000, 0x0000000083300000|  0%| F|  |TAMS 0x0000000083200000, 0x0000000083200000| Untracked 
|  11|0x0000000083300000, 0x0000000083300000, 0x0000000083400000|  0%| F|  |TAMS 0x0000000083300000, 0x0000000083300000| Untracked 
|  12|0x0000000083400000, 0x0000000083400000, 0x0000000083500000|  0%| F|  |TAMS 0x0000000083400000, 0x0000000083400000| Untracked 
|  13|0x0000000083500000, 0x0000000083500000, 0x0000000083600000|  0%| F|  |TAMS 0x0000000083500000, 0x0000000083500000| Untracked 
|  14|0x0000000083600000, 0x0000000083600000, 0x0000000083700000|  0%| F|  |TAMS 0x0000000083600000, 0x0000000083600000| Untracked 
|  15|0x0000000083700000, 0x0000000083700000, 0x0000000083800000|  0%| F|  |TAMS 0x0000000083700000, 0x0000000083700000| Untracked 
|  16|0x0000000083800000, 0x0000000083800000, 0x0000000083900000|  0%| F|  |TAMS 0x0000000083800000, 0x0000000083800000| Untracked 
|  17|0x0000000083900000, 0x0000000083900000, 0x0000000083a00000|  0%| F|  |TAMS 0x0000000083900000, 0x0000000083900000| Untracked 
|  18|0x0000000083a00000, 0x0000000083a00000, 0x0000000083b00000|  0%| F|  |TAMS 0x0000000083a00000, 0x0000000083a00000| Untracked 
|  19|0x0000000083b00000, 0x0000000083b00000, 0x0000000083c00000|  0%| F|  |TAMS 0x0000000083b00000, 0x0000000083b00000| Untracked 
|  20|0x0000000083c00000, 0x0000000083c00000, 0x0000000083d00000|  0%| F|  |TAMS 0x0000000083c00000, 0x0000000083c00000| Untracked 
|  21|0x0000000083d00000, 0x0000000083d00000, 0x0000000083e00000|  0%| F|  |TAMS 0x0000000083d00000, 0x0000000083d00000| Untracked 
|  22|0x0000000083e00000, 0x0000000083e00000, 0x0000000083f00000|  0%| F|  |TAMS 0x0000000083e00000, 0x0000000083e00000| Untracked 
|  23|0x0000000083f00000, 0x0000000083f00000, 0x0000000084000000|  0%| F|  |TAMS 0x0000000083f00000, 0x0000000083f00000| Untracked 
|  24|0x0000000084000000, 0x0000000084000000, 0x0000000084100000|  0%| F|  |TAMS 0x0000000084000000, 0x0000000084000000| Untracked 
|  25|0x0000000084100000, 0x0000000084100000, 0x0000000084200000|  0%| F|  |TAMS 0x0000000084100000, 0x0000000084100000| Untracked 
|  26|0x0000000084200000, 0x0000000084200000, 0x0000000084300000|  0%| F|  |TAMS 0x0000000084200000, 0x0000000084200000| Untracked 
|  27|0x0000000084300000, 0x0000000084300000, 0x0000000084400000|  0%| F|  |TAMS 0x0000000084300000, 0x0000000084300000| Untracked 
|  28|0x0000000084400000, 0x0000000084400000, 0x0000000084500000|  0%| F|  |TAMS 0x0000000084400000, 0x0000000084400000| Untracked 
|  29|0x0000000084500000, 0x0000000084500000, 0x0000000084600000|  0%| F|  |TAMS 0x0000000084500000, 0x0000000084500000| Untracked 
|  30|0x0000000084600000, 0x0000000084600000, 0x0000000084700000|  0%| F|  |TAMS 0x0000000084600000, 0x0000000084600000| Untracked 
|  31|0x0000000084700000, 0x0000000084700000, 0x0000000084800000|  0%| F|  |TAMS 0x0000000084700000, 0x0000000084700000| Untracked 
|  32|0x0000000084800000, 0x0000000084800000, 0x0000000084900000|  0%| F|  |TAMS 0x0000000084800000, 0x0000000084800000| Untracked 
|  33|0x0000000084900000, 0x0000000084900000, 0x0000000084a00000|  0%| F|  |TAMS 0x0000000084900000, 0x0000000084900000| Untracked 
|  34|0x0000000084a00000, 0x0000000084a00000, 0x0000000084b00000|  0%| F|  |TAMS 0x0000000084a00000, 0x0000000084a00000| Untracked 
|  35|0x0000000084b00000, 0x0000000084b00000, 0x0000000084c00000|  0%| F|  |TAMS 0x0000000084b00000, 0x0000000084b00000| Untracked 
|  36|0x0000000084c00000, 0x0000000084c00000, 0x0000000084d00000|  0%| F|  |TAMS 0x0000000084c00000, 0x0000000084c00000| Untracked 
|  37|0x0000000084d00000, 0x0000000084d00000, 0x0000000084e00000|  0%| F|  |TAMS 0x0000000084d00000, 0x0000000084d00000| Untracked 
|  38|0x0000000084e00000, 0x0000000084e00000, 0x0000000084f00000|  0%| F|  |TAMS 0x0000000084e00000, 0x0000000084e00000| Untracked 
|  39|0x0000000084f00000, 0x0000000084f00000, 0x0000000085000000|  0%| F|  |TAMS 0x0000000084f00000, 0x0000000084f00000| Untracked 
|  40|0x0000000085000000, 0x0000000085000000, 0x0000000085100000|  0%| F|  |TAMS 0x0000000085000000, 0x0000000085000000| Untracked 
|  41|0x0000000085100000, 0x0000000085100000, 0x0000000085200000|  0%| F|  |TAMS 0x0000000085100000, 0x0000000085100000| Untracked 
|  42|0x0000000085200000, 0x0000000085200000, 0x0000000085300000|  0%| F|  |TAMS 0x0000000085200000, 0x0000000085200000| Untracked 
|  43|0x0000000085300000, 0x0000000085300000, 0x0000000085400000|  0%| F|  |TAMS 0x0000000085300000, 0x0000000085300000| Untracked 
|  44|0x0000000085400000, 0x0000000085400000, 0x0000000085500000|  0%| F|  |TAMS 0x0000000085400000, 0x0000000085400000| Untracked 
|  45|0x0000000085500000, 0x0000000085500000, 0x0000000085600000|  0%| F|  |TAMS 0x0000000085500000, 0x0000000085500000| Untracked 
|  46|0x0000000085600000, 0x0000000085600000, 0x0000000085700000|  0%| F|  |TAMS 0x0000000085600000, 0x0000000085600000| Untracked 
|  47|0x0000000085700000, 0x000000008573ff48, 0x0000000085800000| 24%| S|CS|TAMS 0x0000000085700000, 0x0000000085700000| Complete 
|  48|0x0000000085800000, 0x0000000085900000, 0x0000000085900000|100%| S|CS|TAMS 0x0000000085800000, 0x0000000085800000| Complete 
|  49|0x0000000085900000, 0x0000000085a00000, 0x0000000085a00000|100%| S|CS|TAMS 0x0000000085900000, 0x0000000085900000| Complete 
|  50|0x0000000085a00000, 0x0000000085b00000, 0x0000000085b00000|100%| S|CS|TAMS 0x0000000085a00000, 0x0000000085a00000| Complete 
|  51|0x0000000085b00000, 0x0000000085c00000, 0x0000000085c00000|100%| S|CS|TAMS 0x0000000085b00000, 0x0000000085b00000| Complete 
|  52|0x0000000085c00000, 0x0000000085d00000, 0x0000000085d00000|100%| S|CS|TAMS 0x0000000085c00000, 0x0000000085c00000| Complete 
|  53|0x0000000085d00000, 0x0000000085e00000, 0x0000000085e00000|100%| S|CS|TAMS 0x0000000085d00000, 0x0000000085d00000| Complete 
|  54|0x0000000085e00000, 0x0000000085e00000, 0x0000000085f00000|  0%| F|  |TAMS 0x0000000085e00000, 0x0000000085e00000| Untracked 
|  55|0x0000000085f00000, 0x0000000085f00000, 0x0000000086000000|  0%| F|  |TAMS 0x0000000085f00000, 0x0000000085f00000| Untracked 
|  56|0x0000000086000000, 0x0000000086000000, 0x0000000086100000|  0%| F|  |TAMS 0x0000000086000000, 0x0000000086000000| Untracked 
|  57|0x0000000086100000, 0x0000000086100000, 0x0000000086200000|  0%| F|  |TAMS 0x0000000086100000, 0x0000000086100000| Untracked 
|  58|0x0000000086200000, 0x0000000086200000, 0x0000000086300000|  0%| F|  |TAMS 0x0000000086200000, 0x0000000086200000| Untracked 
|  59|0x0000000086300000, 0x0000000086300000, 0x0000000086400000|  0%| F|  |TAMS 0x0000000086300000, 0x0000000086300000| Untracked 
|  60|0x0000000086400000, 0x0000000086400000, 0x0000000086500000|  0%| F|  |TAMS 0x0000000086400000, 0x0000000086400000| Untracked 
|  61|0x0000000086500000, 0x0000000086500000, 0x0000000086600000|  0%| F|  |TAMS 0x0000000086500000, 0x0000000086500000| Untracked 
|  62|0x0000000086600000, 0x0000000086600000, 0x0000000086700000|  0%| F|  |TAMS 0x0000000086600000, 0x0000000086600000| Untracked 
|  63|0x0000000086700000, 0x0000000086700000, 0x0000000086800000|  0%| F|  |TAMS 0x0000000086700000, 0x0000000086700000| Untracked 
|  64|0x0000000086800000, 0x0000000086800000, 0x0000000086900000|  0%| F|  |TAMS 0x0000000086800000, 0x0000000086800000| Untracked 
|  65|0x0000000086900000, 0x0000000086900000, 0x0000000086a00000|  0%| F|  |TAMS 0x0000000086900000, 0x0000000086900000| Untracked 
|  66|0x0000000086a00000, 0x0000000086a00000, 0x0000000086b00000|  0%| F|  |TAMS 0x0000000086a00000, 0x0000000086a00000| Untracked 
|  67|0x0000000086b00000, 0x0000000086b00000, 0x0000000086c00000|  0%| F|  |TAMS 0x0000000086b00000, 0x0000000086b00000| Untracked 
|  68|0x0000000086c00000, 0x0000000086c00000, 0x0000000086d00000|  0%| F|  |TAMS 0x0000000086c00000, 0x0000000086c00000| Untracked 
|  69|0x0000000086d00000, 0x0000000086d00000, 0x0000000086e00000|  0%| F|  |TAMS 0x0000000086d00000, 0x0000000086d00000| Untracked 
|  70|0x0000000086e00000, 0x0000000086e00000, 0x0000000086f00000|  0%| F|  |TAMS 0x0000000086e00000, 0x0000000086e00000| Untracked 
|  71|0x0000000086f00000, 0x0000000086f00000, 0x0000000087000000|  0%| F|  |TAMS 0x0000000086f00000, 0x0000000086f00000| Untracked 
|  72|0x0000000087000000, 0x0000000087000000, 0x0000000087100000|  0%| F|  |TAMS 0x0000000087000000, 0x0000000087000000| Untracked 
|  73|0x0000000087100000, 0x0000000087100000, 0x0000000087200000|  0%| F|  |TAMS 0x0000000087100000, 0x0000000087100000| Untracked 
|  74|0x0000000087200000, 0x0000000087200000, 0x0000000087300000|  0%| F|  |TAMS 0x0000000087200000, 0x0000000087200000| Untracked 
|  75|0x0000000087300000, 0x0000000087300000, 0x0000000087400000|  0%| F|  |TAMS 0x0000000087300000, 0x0000000087300000| Untracked 
|  76|0x0000000087400000, 0x0000000087400000, 0x0000000087500000|  0%| F|  |TAMS 0x0000000087400000, 0x0000000087400000| Untracked 
|  77|0x0000000087500000, 0x0000000087500000, 0x0000000087600000|  0%| F|  |TAMS 0x0000000087500000, 0x0000000087500000| Untracked 
|  78|0x0000000087600000, 0x0000000087600000, 0x0000000087700000|  0%| F|  |TAMS 0x0000000087600000, 0x0000000087600000| Untracked 
|  79|0x0000000087700000, 0x0000000087700000, 0x0000000087800000|  0%| F|  |TAMS 0x0000000087700000, 0x0000000087700000| Untracked 
|  80|0x0000000087800000, 0x0000000087800000, 0x0000000087900000|  0%| F|  |TAMS 0x0000000087800000, 0x0000000087800000| Untracked 
|  81|0x0000000087900000, 0x0000000087900000, 0x0000000087a00000|  0%| F|  |TAMS 0x0000000087900000, 0x0000000087900000| Untracked 
|  82|0x0000000087a00000, 0x0000000087a00000, 0x0000000087b00000|  0%| F|  |TAMS 0x0000000087a00000, 0x0000000087a00000| Untracked 
|  83|0x0000000087b00000, 0x0000000087b00000, 0x0000000087c00000|  0%| F|  |TAMS 0x0000000087b00000, 0x0000000087b00000| Untracked 
|  84|0x0000000087c00000, 0x0000000087c00000, 0x0000000087d00000|  0%| F|  |TAMS 0x0000000087c00000, 0x0000000087c00000| Untracked 
|  85|0x0000000087d00000, 0x0000000087d00000, 0x0000000087e00000|  0%| F|  |TAMS 0x0000000087d00000, 0x0000000087d00000| Untracked 
|  86|0x0000000087e00000, 0x0000000087e00000, 0x0000000087f00000|  0%| F|  |TAMS 0x0000000087e00000, 0x0000000087e00000| Untracked 
|  87|0x0000000087f00000, 0x0000000087f00000, 0x0000000088000000|  0%| F|  |TAMS 0x0000000087f00000, 0x0000000087f00000| Untracked 
|  88|0x0000000088000000, 0x0000000088000000, 0x0000000088100000|  0%| F|  |TAMS 0x0000000088000000, 0x0000000088000000| Untracked 
|  89|0x0000000088100000, 0x0000000088100000, 0x0000000088200000|  0%| F|  |TAMS 0x0000000088100000, 0x0000000088100000| Untracked 
|  90|0x0000000088200000, 0x0000000088200000, 0x0000000088300000|  0%| F|  |TAMS 0x0000000088200000, 0x0000000088200000| Untracked 
|  91|0x0000000088300000, 0x0000000088300000, 0x0000000088400000|  0%| F|  |TAMS 0x0000000088300000, 0x0000000088300000| Untracked 
|  92|0x0000000088400000, 0x0000000088400000, 0x0000000088500000|  0%| F|  |TAMS 0x0000000088400000, 0x0000000088400000| Untracked 
|  93|0x0000000088500000, 0x0000000088500000, 0x0000000088600000|  0%| F|  |TAMS 0x0000000088500000, 0x0000000088500000| Untracked 
|  94|0x0000000088600000, 0x0000000088600000, 0x0000000088700000|  0%| F|  |TAMS 0x0000000088600000, 0x0000000088600000| Untracked 
|  95|0x0000000088700000, 0x0000000088700000, 0x0000000088800000|  0%| F|  |TAMS 0x0000000088700000, 0x0000000088700000| Untracked 
|  96|0x0000000088800000, 0x0000000088800000, 0x0000000088900000|  0%| F|  |TAMS 0x0000000088800000, 0x0000000088800000| Untracked 
|  97|0x0000000088900000, 0x0000000088900000, 0x0000000088a00000|  0%| F|  |TAMS 0x0000000088900000, 0x0000000088900000| Untracked 
|  98|0x0000000088a00000, 0x0000000088a00000, 0x0000000088b00000|  0%| F|  |TAMS 0x0000000088a00000, 0x0000000088a00000| Untracked 
|  99|0x0000000088b00000, 0x0000000088b00000, 0x0000000088c00000|  0%| F|  |TAMS 0x0000000088b00000, 0x0000000088b00000| Untracked 
| 100|0x0000000088c00000, 0x0000000088c00000, 0x0000000088d00000|  0%| F|  |TAMS 0x0000000088c00000, 0x0000000088c00000| Untracked 
| 101|0x0000000088d00000, 0x0000000088d00000, 0x0000000088e00000|  0%| F|  |TAMS 0x0000000088d00000, 0x0000000088d00000| Untracked 
| 102|0x0000000088e00000, 0x0000000088e00000, 0x0000000088f00000|  0%| F|  |TAMS 0x0000000088e00000, 0x0000000088e00000| Untracked 
| 103|0x0000000088f00000, 0x0000000088f00000, 0x0000000089000000|  0%| F|  |TAMS 0x0000000088f00000, 0x0000000088f00000| Untracked 
| 104|0x0000000089000000, 0x0000000089000000, 0x0000000089100000|  0%| F|  |TAMS 0x0000000089000000, 0x0000000089000000| Untracked 
| 105|0x0000000089100000, 0x0000000089100000, 0x0000000089200000|  0%| F|  |TAMS 0x0000000089100000, 0x0000000089100000| Untracked 
| 106|0x0000000089200000, 0x0000000089200000, 0x0000000089300000|  0%| F|  |TAMS 0x0000000089200000, 0x0000000089200000| Untracked 
| 107|0x0000000089300000, 0x0000000089300000, 0x0000000089400000|  0%| F|  |TAMS 0x0000000089300000, 0x0000000089300000| Untracked 
| 108|0x0000000089400000, 0x0000000089400000, 0x0000000089500000|  0%| F|  |TAMS 0x0000000089400000, 0x0000000089400000| Untracked 
| 109|0x0000000089500000, 0x0000000089500000, 0x0000000089600000|  0%| F|  |TAMS 0x0000000089500000, 0x0000000089500000| Untracked 
| 110|0x0000000089600000, 0x0000000089600000, 0x0000000089700000|  0%| F|  |TAMS 0x0000000089600000, 0x0000000089600000| Untracked 
| 111|0x0000000089700000, 0x0000000089700000, 0x0000000089800000|  0%| F|  |TAMS 0x0000000089700000, 0x0000000089700000| Untracked 
| 112|0x0000000089800000, 0x0000000089800000, 0x0000000089900000|  0%| F|  |TAMS 0x0000000089800000, 0x0000000089800000| Untracked 
| 113|0x0000000089900000, 0x0000000089900000, 0x0000000089a00000|  0%| F|  |TAMS 0x0000000089900000, 0x0000000089900000| Untracked 
| 114|0x0000000089a00000, 0x0000000089a00000, 0x0000000089b00000|  0%| F|  |TAMS 0x0000000089a00000, 0x0000000089a00000| Untracked 
| 115|0x0000000089b00000, 0x0000000089b00000, 0x0000000089c00000|  0%| F|  |TAMS 0x0000000089b00000, 0x0000000089b00000| Untracked 
| 116|0x0000000089c00000, 0x0000000089c00000, 0x0000000089d00000|  0%| F|  |TAMS 0x0000000089c00000, 0x0000000089c00000| Untracked 
| 117|0x0000000089d00000, 0x0000000089d00000, 0x0000000089e00000|  0%| F|  |TAMS 0x0000000089d00000, 0x0000000089d00000| Untracked 
| 118|0x0000000089e00000, 0x0000000089e00000, 0x0000000089f00000|  0%| F|  |TAMS 0x0000000089e00000, 0x0000000089e00000| Untracked 
| 119|0x0000000089f00000, 0x0000000089f00000, 0x000000008a000000|  0%| F|  |TAMS 0x0000000089f00000, 0x0000000089f00000| Untracked 
| 120|0x000000008a000000, 0x000000008a000000, 0x000000008a100000|  0%| F|  |TAMS 0x000000008a000000, 0x000000008a000000| Untracked 
| 121|0x000000008a100000, 0x000000008a100000, 0x000000008a200000|  0%| F|  |TAMS 0x000000008a100000, 0x000000008a100000| Untracked 
| 122|0x000000008a200000, 0x000000008a200000, 0x000000008a300000|  0%| F|  |TAMS 0x000000008a200000, 0x000000008a200000| Untracked 
| 123|0x000000008a300000, 0x000000008a300000, 0x000000008a400000|  0%| F|  |TAMS 0x000000008a300000, 0x000000008a300000| Untracked 
| 124|0x000000008a400000, 0x000000008a400000, 0x000000008a500000|  0%| F|  |TAMS 0x000000008a400000, 0x000000008a400000| Untracked 
| 125|0x000000008a500000, 0x000000008a500000, 0x000000008a600000|  0%| F|  |TAMS 0x000000008a500000, 0x000000008a500000| Untracked 

Card table byte_map: [0x000001c2c9bb0000,0x000001c2c9fa0000] _byte_map_base: 0x000001c2c979c000

Marking Bits (Prev, Next): (CMBitMap*) 0x000001c2b20ddf10, (CMBitMap*) 0x000001c2b20dded8
 Prev Bits: [0x000001c2cc2f0000, 0x000001c2ce250000)
 Next Bits: [0x000001c2ca390000, 0x000001c2cc2f0000)

Polling page: 0x000001c2b0070000

Metaspace:

Usage:
  Non-class:     21.96 MB capacity,    21.50 MB ( 98%) used,   385.46 KB (  2%) free+waste,    87.19 KB ( <1%) overhead. 
      Class:      2.73 MB capacity,     2.45 MB ( 90%) used,   246.65 KB (  9%) free+waste,    41.75 KB (  1%) overhead. 
       Both:     24.70 MB capacity,    23.95 MB ( 97%) used,   632.11 KB (  2%) free+waste,   128.94 KB ( <1%) overhead. 

Virtual space:
  Non-class space:       22.00 MB reserved,      22.00 MB (100%) committed 
      Class space:        1.00 GB reserved,       2.75 MB ( <1%) committed 
             Both:        1.02 GB reserved,      24.75 MB (  2%) committed 

Chunk freelists:
   Non-Class:  37.00 KB
       Class:  0 bytes
        Both:  37.00 KB

MaxMetaspaceSize: 17179869184.00 GB
CompressedClassSpaceSize: 1.00 GB
Initial GC threshold: 20.80 MB
Current GC threshold: 35.00 MB
CDS: off

CodeHeap 'non-profiled nmethods': size=120064Kb used=2329Kb max_used=2329Kb free=117734Kb
 bounds [0x000001c2c2280000, 0x000001c2c24f0000, 0x000001c2c97c0000]
CodeHeap 'profiled nmethods': size=120000Kb used=7551Kb max_used=7551Kb free=112448Kb
 bounds [0x000001c2bad50000, 0x000001c2bb4b0000, 0x000001c2c2280000]
CodeHeap 'non-nmethods': size=5696Kb used=1182Kb max_used=1251Kb free=4513Kb
 bounds [0x000001c2ba7c0000, 0x000001c2baa30000, 0x000001c2bad50000]
 total_blobs=3713 nmethods=3270 adapters=355
 compilation: enabled
              stopped_count=0, restarted_count=0
 full_count=0

Compilation events (20 events):
Event: 6.589 Thread 0x000001c2d10e0000 3269       4       jdk.internal.org.objectweb.asm.MethodWriter::visitCode (1 bytes)
Event: 6.590 Thread 0x000001c2d10e0000 nmethod 3269 0x000001c2c24c2c10 code [0x000001c2c24c2da0, 0x000001c2c24c2df8]
Event: 6.591 Thread 0x000001c2d10e0000 3273       4       jdk.internal.org.objectweb.asm.MethodWriter::visitEnd (1 bytes)
Event: 6.591 Thread 0x000001c2d10e0000 nmethod 3273 0x000001c2c24c2f10 code [0x000001c2c24c30a0, 0x000001c2c24c30f8]
Event: 6.592 Thread 0x000001c2d10e3000 3274       3       java.util.Collections::emptyIterator (4 bytes)
Event: 6.592 Thread 0x000001c2d10e3000 nmethod 3274 0x000001c2bb4aec90 code [0x000001c2bb4aee40, 0x000001c2bb4aef38]
Event: 6.592 Thread 0x000001c2d10e3000 3275       3       org.springframework.boot.context.config.ConfigDataEnvironmentContributor$ContributorIterator::$jacocoInit (52 bytes)
Event: 6.593 Thread 0x000001c2d10e3000 nmethod 3275 0x000001c2bb4aef90 code [0x000001c2bb4af1c0, 0x000001c2bb4afaf8]
Event: 6.593 Thread 0x000001c2d10e0000 3276       4       java.lang.String::<init> (74 bytes)
Event: 6.599 Thread 0x000001c2d10e3000 3279       3       java.net.URLStreamHandler::parseURL (1201 bytes)
Event: 6.600 Thread 0x000001c2d10e0000 nmethod 3276 0x000001c2c24c3210 code [0x000001c2c24c33c0, 0x000001c2c24c3978]
Event: 6.600 Thread 0x000001c2d10e0000 3277       4       jdk.internal.jimage.ImageLocation::decompress (153 bytes)
Event: 6.605 Thread 0x000001c2d27f9000 nmethod 3267 0x000001c2c24c3b10 code [0x000001c2c24c3ce0, 0x000001c2c24c50b8]
Event: 6.605 Thread 0x000001c2d27f9000 3278       4       java.nio.Buffer::position (52 bytes)
Event: 6.606 Thread 0x000001c2d27f9000 nmethod 3278 0x000001c2c24c5490 code [0x000001c2c24c5620, 0x000001c2c24c56d8]
Event: 6.607 Thread 0x000001c2d27f9000 3280       4       java.util.HashMap::containsKey (18 bytes)
Event: 6.607 Thread 0x000001c2d10e0000 nmethod 3277 0x000001c2c24c5790 code [0x000001c2c24c5940, 0x000001c2c24c5bb8]
Event: 6.612 Thread 0x000001c2d27f9000 nmethod 3280 0x000001c2c24c5e10 code [0x000001c2c24c5fc0, 0x000001c2c24c6258]
Event: 6.617 Thread 0x000001c2d10e0000 3283       4       java.io.BufferedReader::ensureOpen (18 bytes)
Event: 6.618 Thread 0x000001c2d10e0000 nmethod 3283 0x000001c2c24c6490 code [0x000001c2c24c6620, 0x000001c2c24c6698]

GC Heap History (13 events):
Event: 0.392 GC heap before
{Heap before GC invocations=0 (full 0):
 garbage-first heap   total 129024K, used 13312K [0x0000000082800000, 0x0000000100000000)
  region size 1024K, 14 young (14336K), 0 survivors (0K)
 Metaspace       used 7540K, capacity 7656K, committed 7936K, reserved 1056768K
  class space    used 668K, capacity 720K, committed 768K, reserved 1048576K
}
Event: 0.398 GC heap after
{Heap after GC invocations=1 (full 0):
 garbage-first heap   total 129024K, used 7635K [0x0000000082800000, 0x0000000100000000)
  region size 1024K, 2 young (2048K), 2 survivors (2048K)
 Metaspace       used 7540K, capacity 7656K, committed 7936K, reserved 1056768K
  class space    used 668K, capacity 720K, committed 768K, reserved 1048576K
}
Event: 0.651 GC heap before
{Heap before GC invocations=1 (full 0):
 garbage-first heap   total 129024K, used 18899K [0x0000000082800000, 0x0000000100000000)
  region size 1024K, 13 young (13312K), 2 survivors (2048K)
 Metaspace       used 9352K, capacity 9548K, committed 9728K, reserved 1058816K
  class space    used 831K, capacity 904K, committed 1024K, reserved 1048576K
}
Event: 0.654 GC heap after
{Heap after GC invocations=2 (full 0):
 garbage-first heap   total 129024K, used 7775K [0x0000000082800000, 0x0000000100000000)
  region size 1024K, 1 young (1024K), 1 survivors (1024K)
 Metaspace       used 9352K, capacity 9548K, committed 9728K, reserved 1058816K
  class space    used 831K, capacity 904K, committed 1024K, reserved 1048576K
}
Event: 1.859 GC heap before
{Heap before GC invocations=2 (full 0):
 garbage-first heap   total 129024K, used 32351K [0x0000000082800000, 0x0000000100000000)
  region size 1024K, 25 young (25600K), 1 survivors (1024K)
 Metaspace       used 12614K, capacity 12913K, committed 13056K, reserved 1060864K
  class space    used 1127K, capacity 1221K, committed 1280K, reserved 1048576K
}
Event: 1.862 GC heap after
{Heap after GC invocations=3 (full 0):
 garbage-first heap   total 129024K, used 11484K [0x0000000082800000, 0x0000000100000000)
  region size 1024K, 3 young (3072K), 3 survivors (3072K)
 Metaspace       used 12614K, capacity 12913K, committed 13056K, reserved 1060864K
  class space    used 1127K, capacity 1221K, committed 1280K, reserved 1048576K
}
Event: 3.416 GC heap before
{Heap before GC invocations=3 (full 0):
 garbage-first heap   total 129024K, used 62684K [0x0000000082800000, 0x0000000100000000)
  region size 1024K, 53 young (54272K), 3 survivors (3072K)
 Metaspace       used 15814K, capacity 16269K, committed 16512K, reserved 1064960K
  class space    used 1489K, capacity 1635K, committed 1664K, reserved 1048576K
}
Event: 3.421 GC heap after
{Heap after GC invocations=4 (full 0):
 garbage-first heap   total 129024K, used 12690K [0x0000000082800000, 0x0000000100000000)
  region size 1024K, 5 young (5120K), 5 survivors (5120K)
 Metaspace       used 15814K, capacity 16269K, committed 16512K, reserved 1064960K
  class space    used 1489K, capacity 1635K, committed 1664K, reserved 1048576K
}
Event: 4.808 GC heap before
{Heap before GC invocations=4 (full 0):
 garbage-first heap   total 129024K, used 74130K [0x0000000082800000, 0x0000000100000000)
  region size 1024K, 65 young (66560K), 5 survivors (5120K)
 Metaspace       used 19182K, capacity 19806K, committed 20096K, reserved 1067008K
  class space    used 1866K, capacity 2115K, committed 2176K, reserved 1048576K
}
Event: 4.819 GC heap after
{Heap after GC invocations=5 (full 0):
 garbage-first heap   total 129024K, used 13412K [0x0000000082800000, 0x0000000100000000)
  region size 1024K, 5 young (5120K), 5 survivors (5120K)
 Metaspace       used 19182K, capacity 19806K, committed 20096K, reserved 1067008K
  class space    used 1866K, capacity 2115K, committed 2176K, reserved 1048576K
}
Event: 5.511 GC heap before
{Heap before GC invocations=5 (full 0):
 garbage-first heap   total 129024K, used 46180K [0x0000000082800000, 0x0000000100000000)
  region size 1024K, 38 young (38912K), 5 survivors (5120K)
 Metaspace       used 20553K, capacity 21131K, committed 21248K, reserved 1069056K
  class space    used 2016K, capacity 2235K, committed 2304K, reserved 1048576K
}
Event: 5.519 GC heap after
{Heap after GC invocations=6 (full 0):
 garbage-first heap   total 129024K, used 13855K [0x0000000082800000, 0x0000000100000000)
  region size 1024K, 6 young (6144K), 6 survivors (6144K)
 Metaspace       used 20553K, capacity 21131K, committed 21248K, reserved 1069056K
  class space    used 2016K, capacity 2235K, committed 2304K, reserved 1048576K
}
Event: 6.620 GC heap before
{Heap before GC invocations=7 (full 0):
 garbage-first heap   total 129024K, used 81439K [0x0000000082800000, 0x0000000100000000)
  region size 1024K, 72 young (73728K), 6 survivors (6144K)
 Metaspace       used 24526K, capacity 25288K, committed 25344K, reserved 1071104K
  class space    used 2508K, capacity 2797K, committed 2816K, reserved 1048576K
}

Deoptimization events (20 events):
Event: 6.418 Thread 0x000001c2d2032000 Uncommon trap: trap_request=0xffffff4d fr.pc=0x000001c2c22ba5fc relative=0x000000000000043c
Event: 6.418 Thread 0x000001c2d2032000 Uncommon trap: reason=unstable_if action=reinterpret pc=0x000001c2c22ba5fc method=java.lang.String.isLatin1()Z @ 10 c2
Event: 6.418 Thread 0x000001c2d2032000 DEOPT PACKING pc=0x000001c2c22ba5fc sp=0x000000a1b27feed0
Event: 6.418 Thread 0x000001c2d2032000 DEOPT UNPACKING pc=0x000001c2ba80a1af sp=0x000000a1b27fee40 mode 2
Event: 6.418 Thread 0x000001c2d2032000 Uncommon trap: trap_request=0xffffff4d fr.pc=0x000001c2c24163a8 relative=0x0000000000000188
Event: 6.418 Thread 0x000001c2d2032000 Uncommon trap: reason=unstable_if action=reinterpret pc=0x000001c2c24163a8 method=java.lang.String.equals(Ljava/lang/Object;)Z @ 27 c2
Event: 6.418 Thread 0x000001c2d2032000 DEOPT PACKING pc=0x000001c2c24163a8 sp=0x000000a1b27fefb0
Event: 6.418 Thread 0x000001c2d2032000 DEOPT UNPACKING pc=0x000001c2ba80a1af sp=0x000000a1b27fef50 mode 2
Event: 6.455 Thread 0x000001c2b209e000 Uncommon trap: trap_request=0xffffff4d fr.pc=0x000001c2c2428b64 relative=0x0000000000000664
Event: 6.455 Thread 0x000001c2b209e000 Uncommon trap: reason=unstable_if action=reinterpret pc=0x000001c2c2428b64 method=org.jacoco.agent.rt.internal_b6258fc.asm.ClassReader.readStackMapFrame(IZZLorg/jacoco/agent/rt/internal_b6258fc/asm/Context;)I @ 155 c2
Event: 6.455 Thread 0x000001c2b209e000 DEOPT PACKING pc=0x000001c2c2428b64 sp=0x000000a1b13f8fa0
Event: 6.455 Thread 0x000001c2b209e000 DEOPT UNPACKING pc=0x000001c2ba80a1af sp=0x000000a1b13f8f20 mode 2
Event: 6.457 Thread 0x000001c2b209e000 Uncommon trap: trap_request=0xffffff45 fr.pc=0x000001c2c241deb0 relative=0x0000000000000ed0
Event: 6.457 Thread 0x000001c2b209e000 Uncommon trap: reason=unstable_fused_if action=reinterpret pc=0x000001c2c241deb0 method=org.jacoco.agent.rt.internal_b6258fc.asm.ClassReader.readVerificationTypeInfo(I[Ljava/lang/Object;I[C[Lorg/jacoco/agent/rt/internal_b6258fc/asm/Label;)I @ 21 c2
Event: 6.457 Thread 0x000001c2b209e000 DEOPT PACKING pc=0x000001c2c241deb0 sp=0x000000a1b13f8ea0
Event: 6.457 Thread 0x000001c2b209e000 DEOPT UNPACKING pc=0x000001c2ba80a1af sp=0x000000a1b13f8e50 mode 2
Event: 6.579 Thread 0x000001c2b209e000 Uncommon trap: trap_request=0xffffff4d fr.pc=0x000001c2c24777fc relative=0x0000000000003edc
Event: 6.579 Thread 0x000001c2b209e000 Uncommon trap: reason=unstable_if action=reinterpret pc=0x000001c2c24777fc method=java.net.URLStreamHandler.parseURL(Ljava/net/URL;Ljava/lang/String;II)V @ 725 c2
Event: 6.579 Thread 0x000001c2b209e000 DEOPT PACKING pc=0x000001c2c24777fc sp=0x000000a1b13fb5c0
Event: 6.579 Thread 0x000001c2b209e000 DEOPT UNPACKING pc=0x000001c2ba80a1af sp=0x000000a1b13fb578 mode 2

Classes redefined (0 events):
No events

Internal exceptions (20 events):
Event: 4.410 Thread 0x000001c2b209e000 Exception <a 'java/lang/NoSuchMethodError'{0x0000000087c792e0}: 'int java.lang.invoke.DirectMethodHandle$Holder.invokeInterface(java.lang.Object, java.lang.Object)'> (0x0000000087c792e0) thrown at [./src/hotspot/share/interpreter/linkResolver.cpp, line 773]
Event: 4.871 Thread 0x000001c2b209e000 Exception <a 'java/lang/NoSuchMethodError'{0x000000008a280b60}: 'void java.lang.invoke.DirectMethodHandle$Holder.invokeStatic(java.lang.Object, java.lang.Object, java.lang.Object, java.lang.Object, java.lang.Object)'> (0x000000008a280b60) thrown at [./src/hotspot/share/interpreter/linkResolver.cpp, line 773]
Event: 4.993 Thread 0x000001c2b209e000 Exception <a 'java/lang/NoSuchMethodError'{0x00000000899908b0}: 'java.lang.Object java.lang.invoke.DirectMethodHandle$Holder.invokeVirtual(java.lang.Object, java.lang.Object, java.lang.Object)'> (0x00000000899908b0) thrown at [./src/hotspot/share/interpreter/linkResolver.cpp, line 773]
Event: 5.656 Thread 0x000001c2b209e000 Exception <a 'java/lang/NoSuchMethodError'{0x000000008a3a89d8}: 'java.lang.Object java.lang.invoke.Invokers$Holder.linkToTargetMethod(java.lang.Object, java.lang.Object, java.lang.Object, java.lang.Object, java.lang.Object, java.lang.Object, java.lang.Object)'> (0x000000008a3a89d8) thrown at [./src/hotspot/share/interpreter/linkResolver.cpp, line 773]
Event: 5.658 Thread 0x000001c2b209e000 Exception <a 'java/lang/NoSuchMethodError'{0x000000008a3ae788}: 'java.lang.Object java.lang.invoke.DirectMethodHandle$Holder.invokeInterface(java.lang.Object, java.lang.Object, java.lang.Object, java.lang.Object, java.lang.Object)'> (0x000000008a3ae788) thrown at [./src/hotspot/share/interpreter/linkResolver.cpp, line 773]
Event: 5.659 Thread 0x000001c2b209e000 Exception <a 'java/lang/IncompatibleClassChangeError'{0x000000008a3b1ee0}: Found class java.lang.Object, but interface was expected> (0x000000008a3b1ee0) thrown at [./src/hotspot/share/interpreter/linkResolver.cpp, line 839]
Event: 6.000 Thread 0x000001c2b209e000 Exception <a 'java/lang/IncompatibleClassChangeError'{0x0000000088e24ce8}: Found class java.lang.Object, but interface was expected> (0x0000000088e24ce8) thrown at [./src/hotspot/share/interpreter/linkResolver.cpp, line 839]
Event: 6.042 Thread 0x000001c2b209e000 Exception <a 'java/lang/NoSuchMethodError'{0x0000000088c198d0}: 'java.lang.Object java.lang.invoke.DirectMethodHandle$Holder.invokeStatic(java.lang.Object, java.lang.Object, java.lang.Object, java.lang.Object, java.lang.Object, java.lang.Object, java.lang.Object, java.lang.Object, java.lang.Object, java.lang.Object, java.lang.Object, java.lang.Object, java.lang.Object, java.lang.Object, java.lang.Object)'> (0x0000000088c198d0) thrown at [./src/hotspot/share/interpreter/linkResolver.cpp, line 773]
Event: 6.046 Thread 0x000001c2b209e000 Exception <a 'java/lang/NoSuchMethodError'{0x0000000088c29180}: 'java.lang.Object java.lang.invoke.DirectMethodHandle$Holder.invokeStatic(java.lang.Object, java.lang.Object, java.lang.Object, java.lang.Object, java.lang.Object, java.lang.Object, java.lang.Object, java.lang.Object, java.lang.Object, java.lang.Object, java.lang.Object, java.lang.Object, java.lang.Object, java.lang.Object, java.lang.Object, java.lang.Object)'> (0x0000000088c29180) thrown at [./src/hotspot/share/interpreter/linkResolver.cpp, l
Event: 6.047 Thread 0x000001c2b209e000 Exception <a 'java/lang/NoSuchMethodError'{0x0000000088c375e8}: 'java.lang.Object java.lang.invoke.DirectMethodHandle$Holder.invokeSpecial(java.lang.Object, java.lang.Object, int, int, java.lang.Object, java.lang.Object, java.lang.Object, java.lang.Object)'> (0x0000000088c375e8) thrown at [./src/hotspot/share/interpreter/linkResolver.cpp, line 773]
Event: 6.048 Thread 0x000001c2b209e000 Exception <a 'java/lang/NoSuchMethodError'{0x0000000088c3b270}: 'java.lang.Object java.lang.invoke.DelegatingMethodHandle$Holder.reinvoke_L(java.lang.Object, int, int, java.lang.Object, java.lang.Object, java.lang.Object, java.lang.Object)'> (0x0000000088c3b270) thrown at [./src/hotspot/share/interpreter/linkResolver.cpp, line 773]
Event: 6.049 Thread 0x000001c2b209e000 Exception <a 'java/lang/NoSuchMethodError'{0x0000000088c4ae00}: 'java.lang.Object java.lang.invoke.DirectMethodHandle$Holder.invokeStatic(java.lang.Object, java.lang.Object, java.lang.Object, java.lang.Object, java.lang.Object, java.lang.Object, int)'> (0x0000000088c4ae00) thrown at [./src/hotspot/share/interpreter/linkResolver.cpp, line 773]
Event: 6.063 Thread 0x000001c2b209e000 Exception <a 'java/io/FileNotFoundException'{0x0000000088cdd9c8}> (0x0000000088cdd9c8) thrown at [./src/hotspot/share/prims/jni.cpp, line 616]
Event: 6.317 Thread 0x000001c2b209e000 Exception <a 'java/lang/NoSuchMethodError'{0x0000000087340f08}: 'void java.lang.invoke.DirectMethodHandle$Holder.invokeStaticInit(java.lang.Object, java.lang.Object, java.lang.Object, java.lang.Object)'> (0x0000000087340f08) thrown at [./src/hotspot/share/interpreter/linkResolver.cpp, line 773]
Event: 6.321 Thread 0x000001c2b209e000 Exception <a 'java/lang/IncompatibleClassChangeError'{0x00000000873656f0}: Found class java.lang.Object, but interface was expected> (0x00000000873656f0) thrown at [./src/hotspot/share/interpreter/linkResolver.cpp, line 839]
Event: 6.385 Thread 0x000001c2b209e000 Exception <a 'java/lang/NoSuchMethodError'{0x0000000086fa6960}: 'int java.lang.invoke.DirectMethodHandle$Holder.invokeSpecial(java.lang.Object, java.lang.Object, java.lang.Object, java.lang.Object)'> (0x0000000086fa6960) thrown at [./src/hotspot/share/interpreter/linkResolver.cpp, line 773]
Event: 6.521 Thread 0x000001c2b209e000 Exception <a 'java/lang/NoSuchMethodError'{0x00000000864ae4b8}: 'java.lang.Object java.lang.invoke.DirectMethodHandle$Holder.invokeSpecial(java.lang.Object, java.lang.Object, java.lang.Object, java.lang.Object, java.lang.Object, java.lang.Object, int)'> (0x00000000864ae4b8) thrown at [./src/hotspot/share/interpreter/linkResolver.cpp, line 773]
Event: 6.521 Thread 0x000001c2b209e000 Exception <a 'java/lang/NoSuchMethodError'{0x00000000864b8468}: 'java.lang.Object java.lang.invoke.DirectMethodHandle$Holder.invokeSpecial(java.lang.Object, java.lang.Object, java.lang.Object, java.lang.Object, java.lang.Object, java.lang.Object, java.lang.Object, int)'> (0x00000000864b8468) thrown at [./src/hotspot/share/interpreter/linkResolver.cpp, line 773]
Event: 6.522 Thread 0x000001c2b209e000 Exception <a 'java/lang/NoSuchMethodError'{0x00000000864bc860}: 'java.lang.Object java.lang.invoke.Invokers$Holder.linkToTargetMethod(java.lang.Object, java.lang.Object, java.lang.Object, java.lang.Object, java.lang.Object, int, java.lang.Object)'> (0x00000000864bc860) thrown at [./src/hotspot/share/interpreter/linkResolver.cpp, line 773]
Event: 6.579 Thread 0x000001c2b209e000 Implicit null exception at 0x000001c2c2473ba5 to 0x000001c2c24777a0

Events (20 events):
Event: 6.613 loading class sun/net/ProgressMeteringPolicy
Event: 6.613 loading class sun/net/ProgressMeteringPolicy done
Event: 6.613 loading class sun/net/DefaultProgressMeteringPolicy done
Event: 6.613 loading class sun/nio/cs/ISO_8859_1$Decoder
Event: 6.613 loading class sun/nio/cs/ISO_8859_1$Decoder done
Event: 6.614 loading class org/springframework/boot/origin/TextResourceOrigin$Location
Event: 6.614 loading class org/springframework/boot/origin/TextResourceOrigin$Location done
Event: 6.615 loading class org/springframework/boot/origin/TextResourceOrigin
Event: 6.615 loading class org/springframework/boot/origin/TextResourceOrigin done
Event: 6.616 loading class org/springframework/boot/origin/OriginTrackedValue
Event: 6.616 loading class org/springframework/boot/origin/OriginTrackedValue done
Event: 6.617 loading class org/springframework/boot/origin/OriginTrackedValue$OriginTrackedCharSequence
Event: 6.617 loading class org/springframework/boot/origin/OriginTrackedValue$OriginTrackedCharSequence done
Event: 6.619 loading class org/springframework/boot/env/OriginTrackedPropertiesLoader$Document
Event: 6.619 loading class org/springframework/boot/env/OriginTrackedPropertiesLoader$Document done
Event: 6.619 loading class org/springframework/boot/env/OriginTrackedMapPropertySource
Event: 6.619 loading class org/springframework/boot/env/OriginTrackedMapPropertySource done
Event: 6.620 loading class org/springframework/boot/context/config/ConfigDataEnvironmentContributorPlaceholdersResolver
Event: 6.620 loading class org/springframework/boot/context/config/ConfigDataEnvironmentContributorPlaceholdersResolver done
Event: 6.620 Executing VM operation: G1CollectForAllocation


Dynamic libraries:
0x00007ff60e2f0000 - 0x00007ff60e2fd000 	C:\Program Files\Amazon Corretto\jdk11.0.14_9\bin\java.exe
0x00007ffbf5d60000 - 0x00007ffbf5f69000 	C:\WINDOWS\SYSTEM32\ntdll.dll
0x00007ffbf5690000 - 0x00007ffbf574e000 	C:\WINDOWS\System32\KERNEL32.DLL
0x00007ffbf36a0000 - 0x00007ffbf3a1b000 	C:\WINDOWS\System32\KERNELBASE.dll
0x00007ffbf33a0000 - 0x00007ffbf34b1000 	C:\WINDOWS\System32\ucrtbase.dll
0x00007ffbe6640000 - 0x00007ffbe6659000 	C:\Program Files\Amazon Corretto\jdk11.0.14_9\bin\VCRUNTIME140.dll
0x00007ffbe7020000 - 0x00007ffbe7037000 	C:\Program Files\Amazon Corretto\jdk11.0.14_9\bin\jli.dll
0x00007ffbf5470000 - 0x00007ffbf561d000 	C:\WINDOWS\System32\USER32.dll
0x00007ffbf3580000 - 0x00007ffbf35a6000 	C:\WINDOWS\System32\win32u.dll
0x00007ffbf5bc0000 - 0x00007ffbf5be9000 	C:\WINDOWS\System32\GDI32.dll
0x00007ffbd4830000 - 0x00007ffbd4ad5000 	C:\WINDOWS\WinSxS\amd64_microsoft.windows.common-controls_6595b64144ccf1df_6.0.22000.120_none_9d947278b86cc467\COMCTL32.dll
0x00007ffbf3a20000 - 0x00007ffbf3b38000 	C:\WINDOWS\System32\gdi32full.dll
0x00007ffbf3b40000 - 0x00007ffbf3bdd000 	C:\WINDOWS\System32\msvcp_win.dll
0x00007ffbf3e10000 - 0x00007ffbf3eb3000 	C:\WINDOWS\System32\msvcrt.dll
0x00007ffbf3ff0000 - 0x00007ffbf4022000 	C:\WINDOWS\System32\IMM32.DLL
0x000000006b7c0000 - 0x000000006b7cc000 	C:\Program Files (x86)\360\Total Security\safemon\SafeWrapper.dll
0x00007ffbf3be0000 - 0x00007ffbf3c8e000 	C:\WINDOWS\System32\ADVAPI32.dll
0x00007ffbf4970000 - 0x00007ffbf4a0e000 	C:\WINDOWS\System32\sechost.dll
0x00007ffbf47f0000 - 0x00007ffbf4910000 	C:\WINDOWS\System32\RPCRT4.dll
0x00007ffbadae0000 - 0x00007ffbadb72000 	C:\Program Files (x86)\360\Total Security\safemon\libzdtp64.dll
0x00007ffbf4030000 - 0x00007ffbf47e7000 	C:\WINDOWS\System32\SHELL32.dll
0x00007ffbf5020000 - 0x00007ffbf507d000 	C:\WINDOWS\System32\SHLWAPI.dll
0x00007ffbf2be0000 - 0x00007ffbf2bea000 	C:\WINDOWS\SYSTEM32\VERSION.dll
0x00007ffbada40000 - 0x00007ffbadadb000 	C:\Program Files\Amazon Corretto\jdk11.0.14_9\bin\msvcp140.dll
0x00007ffb73610000 - 0x00007ffb74193000 	C:\Program Files\Amazon Corretto\jdk11.0.14_9\bin\server\jvm.dll
0x00007ffbf3d10000 - 0x00007ffbf3d18000 	C:\WINDOWS\System32\PSAPI.DLL
0x00007ffbc06f0000 - 0x00007ffbc06f9000 	C:\WINDOWS\SYSTEM32\WSOCK32.dll
0x00007ffbe9a20000 - 0x00007ffbe9a53000 	C:\WINDOWS\SYSTEM32\WINMM.dll
0x00007ffbf5080000 - 0x00007ffbf50ef000 	C:\WINDOWS\System32\WS2_32.dll
0x00007ffbf2330000 - 0x00007ffbf2348000 	C:\WINDOWS\SYSTEM32\kernel.appcore.dll
0x00007ffbe8780000 - 0x00007ffbe8790000 	C:\Program Files\Amazon Corretto\jdk11.0.14_9\bin\verify.dll
0x00007ffbf0f00000 - 0x00007ffbf1121000 	C:\WINDOWS\SYSTEM32\DBGHELP.DLL
0x00007ffbe79a0000 - 0x00007ffbe79d1000 	C:\WINDOWS\SYSTEM32\dbgcore.DLL
0x00007ffbf3620000 - 0x00007ffbf369f000 	C:\WINDOWS\System32\bcryptPrimitives.dll
0x00007ffbb4170000 - 0x00007ffbb4198000 	C:\Program Files\Amazon Corretto\jdk11.0.14_9\bin\java.dll
0x00007ffbe7bf0000 - 0x00007ffbe7bfa000 	C:\Program Files\Amazon Corretto\jdk11.0.14_9\bin\jimage.dll
0x00007ffbe8e60000 - 0x00007ffbe8e6e000 	C:\Program Files\Amazon Corretto\jdk11.0.14_9\bin\instrument.dll
0x00007ffbe0a40000 - 0x00007ffbe0a58000 	C:\Program Files\Amazon Corretto\jdk11.0.14_9\bin\zip.dll
0x00007ffbf1300000 - 0x00007ffbf1b65000 	C:\WINDOWS\SYSTEM32\windows.storage.dll
0x00007ffbf50f0000 - 0x00007ffbf5468000 	C:\WINDOWS\System32\combase.dll
0x00007ffbf1150000 - 0x00007ffbf12b6000 	C:\WINDOWS\SYSTEM32\wintypes.dll
0x00007ffbf4c90000 - 0x00007ffbf4d7a000 	C:\WINDOWS\System32\SHCORE.dll
0x00007ffbf3160000 - 0x00007ffbf3181000 	C:\WINDOWS\SYSTEM32\profapi.dll
0x00007ffbb41e0000 - 0x00007ffbb41f9000 	C:\Program Files\Amazon Corretto\jdk11.0.14_9\bin\net.dll
0x00007ffbec4e0000 - 0x00007ffbec5f4000 	C:\WINDOWS\SYSTEM32\WINHTTP.dll
0x00007ffbf27d0000 - 0x00007ffbf2837000 	C:\WINDOWS\system32\mswsock.dll
0x00007ffbb4970000 - 0x00007ffbb4983000 	C:\Program Files\Amazon Corretto\jdk11.0.14_9\bin\nio.dll
0x00007ffbe8bb0000 - 0x00007ffbe8bc7000 	C:\WINDOWS\system32\napinsp.dll
0x00007ffbe6a90000 - 0x00007ffbe6aab000 	C:\WINDOWS\system32\pnrpnsp.dll
0x00007ffbf1e10000 - 0x00007ffbf1ef8000 	C:\WINDOWS\SYSTEM32\DNSAPI.dll
0x00007ffbf1de0000 - 0x00007ffbf1e0d000 	C:\WINDOWS\SYSTEM32\IPHLPAPI.DLL
0x00007ffbf4aa0000 - 0x00007ffbf4aa9000 	C:\WINDOWS\System32\NSI.dll
0x00007ffbe62d0000 - 0x00007ffbe62e2000 	C:\WINDOWS\System32\winrnr.dll
0x00007ffbe8fa0000 - 0x00007ffbe8fb5000 	C:\WINDOWS\system32\wshbth.dll
0x00007ffb7ee70000 - 0x00007ffb7ee8f000 	C:\WINDOWS\system32\nlansp_c.dll
0x00007ffbe2d50000 - 0x00007ffbe2d5a000 	C:\Windows\System32\rasadhlp.dll
0x00007ffbe8e80000 - 0x00007ffbe8f01000 	C:\WINDOWS\System32\fwpuclnt.dll
0x00007ffbe0a00000 - 0x00007ffbe0a09000 	C:\Program Files\Amazon Corretto\jdk11.0.14_9\bin\management.dll
0x00007ffbbc110000 - 0x00007ffbbc11b000 	C:\Program Files\Amazon Corretto\jdk11.0.14_9\bin\management_ext.dll

dbghelp: loaded successfully - version: 4.0.5 - missing functions: none
symbol engine: initialized successfully - sym options: 0x614 - pdb path: .;C:\Program Files\Amazon Corretto\jdk11.0.14_9\bin;C:\WINDOWS\SYSTEM32;C:\WINDOWS\WinSxS\amd64_microsoft.windows.common-controls_6595b64144ccf1df_6.0.22000.120_none_9d947278b86cc467;C:\Program Files (x86)\360\Total Security\safemon;C:\Program Files\Amazon Corretto\jdk11.0.14_9\bin\server

VM Arguments:
jvm_args: -javaagent:C:\\Users\\Honor\\.m2\\repository\\org\\jacoco\\org.jacoco.agent\\0.8.8\\org.jacoco.agent-0.8.8-runtime.jar=destfile=C:\\Users\\Honor\\IdeaProjects\\java-shareit\\target\\jacoco.exec,output=file 
java_command: C:\Users\Honor\AppData\Local\Temp\surefire8938412001328139474\surefirebooter375956989784267046.jar C:\Users\Honor\AppData\Local\Temp\surefire8938412001328139474 2023-02-20T22-29-14_134-jvmRun1 surefire2304366071320141663tmp surefire_017319290771724536075tmp
java_class_path (initial): C:\Users\Honor\AppData\Local\Temp\surefire8938412001328139474\surefirebooter375956989784267046.jar
Launcher Type: SUN_STANDARD

[Global flags]
     intx CICompilerCount                          = 3                                         {product} {ergonomic}
     uint ConcGCThreads                            = 1                                         {product} {ergonomic}
     uint G1ConcRefinementThreads                  = 4                                         {product} {ergonomic}
   size_t G1HeapRegionSize                         = 1048576                                   {product} {ergonomic}
    uintx GCDrainStackTargetSize                   = 64                                        {product} {ergonomic}
   size_t InitialHeapSize                          = 132120576                                 {product} {ergonomic}
   size_t MarkStackSize                            = 4194304                                   {product} {ergonomic}
   size_t MaxHeapSize                              = 2105540608                                {product} {ergonomic}
   size_t MaxNewSize                               = 1262485504                                {product} {ergonomic}
   size_t MinHeapDeltaBytes                        = 1048576                                   {product} {ergonomic}
    uintx NonNMethodCodeHeapSize                   = 5830732                                {pd product} {ergonomic}
    uintx NonProfiledCodeHeapSize                  = 122913754                              {pd product} {ergonomic}
    uintx ProfiledCodeHeapSize                     = 122913754                              {pd product} {ergonomic}
    uintx ReservedCodeCacheSize                    = 251658240                              {pd product} {ergonomic}
     bool SegmentedCodeCache                       = true                                      {product} {ergonomic}
     bool UseCompressedClassPointers               = true                                 {lp64_product} {ergonomic}
     bool UseCompressedOops                        = true                                 {lp64_product} {ergonomic}
     bool UseG1GC                                  = true                                      {product} {ergonomic}
     bool UseLargePagesIndividualAllocation        = false                                  {pd product} {ergonomic}

Logging:
Log output configuration:
 #0: stdout all=warning uptime,level,tags
 #1: stderr all=off uptime,level,tags

Environment Variables:
JAVA_HOME=C:\Program Files\Amazon Corretto\jdk11.0.14_9
PATH=C:\Program Files\Amazon Corretto\jdk11.0.14_9\bin;C:\Program Files (x86)\Common Files\Oracle\Java\javapath;C:\WINDOWS\system32;C:\WINDOWS;C:\WINDOWS\System32\Wbem;C:\WINDOWS\System32\WindowsPowerShell\v1.0\;C:\WINDOWS\System32\OpenSSH\;C:\Program Files\Amazon Corretto\jdk11.0.14_9\bin;C:\Program Files\Git\cmd;C:\Users\Honor\AppData\Local\Microsoft\WindowsApps;;C:\Program Files\JetBrains\IntelliJ IDEA Community Edition 2021.3.2\bin;
USERNAME=Honor
OS=Windows_NT
PROCESSOR_IDENTIFIER=Intel64 Family 6 Model 142 Stepping 12, GenuineIntel



---------------  S Y S T E M  ---------------

OS: Windows 11 , 64 bit Build 22000 (10.0.22000.1335)
OS uptime: 12 days 7:16 hours

CPU:total 4 (initial active 4) (2 cores per cpu, 2 threads per core) family 6 model 142 stepping 12 microcode 0xde, cmov, cx8, fxsr, mmx, sse, sse2, sse3, ssse3, sse4.1, sse4.2, popcnt, avx, avx2, aes, clmul, erms, 3dnowpref, lzcnt, ht, tsc, tscinvbit, bmi1, bmi2, adx, fma

Memory: 4k page, system-wide physical 8025M (325M free)
TotalPageFile size 23385M (AvailPageFile size 27M)
current process WorkingSet (physical memory assigned to process): 195M, peak: 195M
current process commit charge ("private bytes"): 268M, peak: 294M

vm_info: OpenJDK 64-Bit Server VM (11.0.14+9-LTS) for windows-amd64 JRE (11.0.14+9-LTS), built on Jan 15 2022 01:18:46 by "Administrator" with unknown MS VC++:1916

END.
