#
# There is insufficient memory for the Java Runtime Environment to continue.
# Native memory allocation (malloc) failed to allocate 4190896 bytes for Chunk::new
# Possible reasons:
#   The system is out of physical RAM or swap space
#   The process is running with CompressedOops enabled, and the Java Heap may be blocking the growth of the native heap
# Possible solutions:
#   Reduce memory load on the system
#   Increase physical memory or swap space
#   Check if swap backing store is full
#   Decrease Java heap size (-Xmx/-Xms)
#   Decrease number of Java threads
#   Decrease Java thread stack sizes (-Xss)
#   Set larger code cache with -XX:ReservedCodeCacheSize=
#   JVM is running with Unscaled Compressed Oops mode in which the Java heap is
#     placed in the first 4GB address space. The Java Heap base address is the
#     maximum limit for the native heap growth. Please use -XX:HeapBaseMinAddress
#     to set the Java Heap base and to place the Java Heap above 4GB virtual address.
# This output file may be truncated or incomplete.
#
#  Out of Memory Error (./src/hotspot/share/memory/arena.cpp:197), pid=26384, tid=20144
#
# JRE version: OpenJDK Runtime Environment Corretto-11.0.14.9.1 (11.0.14+9) (build 11.0.14+9-LTS)
# Java VM: OpenJDK 64-Bit Server VM Corretto-11.0.14.9.1 (11.0.14+9-LTS, mixed mode, tiered, compressed oops, g1 gc, windows-amd64)
# No core dump will be written. Minidumps are not enabled by default on client versions of Windows
#

---------------  S U M M A R Y ------------

Command Line: -agentlib:jdwp=transport=dt_socket,address=127.0.0.1:59969,suspend=y,server=n -ea -Dspring.profiles.active=test -Didea.test.cyclic.buffer.size=1048576 -javaagent:C:\Users\Honor\AppData\Local\JetBrains\IntelliJIdea2022.2\captureAgent\debugger-agent.jar -Dfile.encoding=UTF-8 com.intellij.rt.junit.JUnitStarter -ideVersion5 -junit5 ru.practicum.shareit.booking.controller.BookingControllerTest,updateBooking_Valid_WithOut_Approve

Host: Intel(R) Core(TM) i3-10110U CPU @ 2.10GHz, 4 cores, 7G,  Windows 11 , 64 bit Build 22000 (10.0.22000.1335)
Time: Wed Feb  8 00:52:06 2023 RTZ 2 (зима) elapsed time: 11.348570 seconds (0d 0h 0m 11s)

---------------  T H R E A D  ---------------

Current thread (0x000001ad7b783000):  JavaThread "C2 CompilerThread0" daemon [_thread_in_native, id=20144, stack(0x0000001105400000,0x0000001105500000)]


Current CompileTask:
C2:  11348 4711       4       org.springframework.core.annotation.TypeMappedAnnotations::get (52 bytes)

Stack: [0x0000001105400000,0x0000001105500000]
Native frames: (J=compiled Java code, j=interpreted, Vv=VM code, C=native code)
V  [jvm.dll+0x61e62a]
V  [jvm.dll+0x7ab569]
V  [jvm.dll+0x7acc58]
V  [jvm.dll+0x7ad333]
V  [jvm.dll+0x24f7f8]
V  [jvm.dll+0xc260c]
V  [jvm.dll+0xc2bcc]
V  [jvm.dll+0x359a97]
V  [jvm.dll+0x19e861]
V  [jvm.dll+0x208d42]
V  [jvm.dll+0x207e1d]
V  [jvm.dll+0x18a2d1]
V  [jvm.dll+0x217574]
V  [jvm.dll+0x2157bb]
V  [jvm.dll+0x76e0c0]
V  [jvm.dll+0x767024]
V  [jvm.dll+0x61d486]
C  [ucrtbase.dll+0x26c0c]
C  [KERNEL32.DLL+0x155a0]
C  [ntdll.dll+0x485b]


---------------  P R O C E S S  ---------------

Threads class SMR info:
_java_thread_list=0x000001ad0f1930d0, length=13, elements={
0x000001ad6b0b7000, 0x000001ad7aefd800, 0x000001ad7aeff800, 0x000001ad7b77c800,
0x000001ad7b77f800, 0x000001ad7b781000, 0x000001ad7b783000, 0x000001ad7af0c800,
0x000001ad7af0e000, 0x000001ad7aea5000, 0x000001ad7bcb6800, 0x000001ad7bcb7000,
0x000001ad7bc97000
}

Java Threads: ( => current thread )
  0x000001ad6b0b7000 JavaThread "main" [_thread_in_Java, id=11696, stack(0x0000001104800000,0x0000001104900000)]
  0x000001ad7aefd800 JavaThread "Reference Handler" daemon [_thread_blocked, id=4212, stack(0x0000001104f00000,0x0000001105000000)]
  0x000001ad7aeff800 JavaThread "Finalizer" daemon [_thread_blocked, id=12736, stack(0x0000001105000000,0x0000001105100000)]
  0x000001ad7b77c800 JavaThread "Signal Dispatcher" daemon [_thread_blocked, id=25928, stack(0x0000001105100000,0x0000001105200000)]
  0x000001ad7b77f800 JavaThread "Attach Listener" daemon [_thread_blocked, id=716, stack(0x0000001105200000,0x0000001105300000)]
  0x000001ad7b781000 JavaThread "Service Thread" daemon [_thread_blocked, id=29316, stack(0x0000001105300000,0x0000001105400000)]
=>0x000001ad7b783000 JavaThread "C2 CompilerThread0" daemon [_thread_in_native, id=20144, stack(0x0000001105400000,0x0000001105500000)]
  0x000001ad7af0c800 JavaThread "C1 CompilerThread0" daemon [_thread_blocked, id=3092, stack(0x0000001105500000,0x0000001105600000)]
  0x000001ad7af0e000 JavaThread "Sweeper thread" daemon [_thread_blocked, id=22792, stack(0x0000001105600000,0x0000001105700000)]
  0x000001ad7aea5000 JavaThread "Common-Cleaner" daemon [_thread_blocked, id=6116, stack(0x0000001105700000,0x0000001105800000)]
  0x000001ad7bcb6800 JavaThread "JDWP Transport Listener: dt_socket" daemon [_thread_blocked, id=11040, stack(0x0000001105800000,0x0000001105900000)]
  0x000001ad7bcb7000 JavaThread "JDWP Event Helper Thread" daemon [_thread_blocked, id=24508, stack(0x0000001105900000,0x0000001105a00000)]
  0x000001ad7bc97000 JavaThread "JDWP Command Reader" daemon [_thread_in_native, id=29448, stack(0x0000001105a00000,0x0000001105b00000)]

Other Threads:
  0x000001ad7aeea000 VMThread "VM Thread" [stack: 0x0000001104e00000,0x0000001104f00000] [id=17284]
  0x000001ad7bc87000 WatcherThread [stack: 0x0000001105b00000,0x0000001105c00000] [id=12460]
  0x000001ad6b0d0800 GCTaskThread "GC Thread#0" [stack: 0x0000001104900000,0x0000001104a00000] [id=20920]
  0x000001ad7c14a000 GCTaskThread "GC Thread#1" [stack: 0x0000001105c00000,0x0000001105d00000] [id=29056]
  0x000001ad7c14a800 GCTaskThread "GC Thread#2" [stack: 0x0000001105d00000,0x0000001105e00000] [id=18496]
  0x000001ad7dfa0000 GCTaskThread "GC Thread#3" [stack: 0x0000001105f00000,0x0000001106000000] [id=24608]
  0x000001ad6b100000 ConcurrentGCThread "G1 Main Marker" [stack: 0x0000001104a00000,0x0000001104b00000] [id=18332]
  0x000001ad6b102000 ConcurrentGCThread "G1 Conc#0" [stack: 0x0000001104b00000,0x0000001104c00000] [id=29264]
  0x000001ad7ad55800 ConcurrentGCThread "G1 Refine#0" [stack: 0x0000001104c00000,0x0000001104d00000] [id=14756]
  0x000001ad7ad58800 ConcurrentGCThread "G1 Young RemSet Sampling" [stack: 0x0000001104d00000,0x0000001104e00000] [id=22996]

Threads with active compile tasks:
C2 CompilerThread0  11385 4711       4       org.springframework.core.annotation.TypeMappedAnnotations::get (52 bytes)

VM state:not at safepoint (normal execution)

VM Mutex/Monitor currently owned by a thread: None

Heap address: 0x0000000082800000, size: 2008 MB, Compressed Oops mode: 32-bit
Narrow klass base: 0x0000000000000000, Narrow klass shift: 3
Compressed class space size: 1073741824 Address: 0x0000000100000000

Heap:
 garbage-first heap   total 187392K, used 47359K [0x0000000082800000, 0x0000000100000000)
  region size 1024K, 18 young (18432K), 10 survivors (10240K)
 Metaspace       used 52257K, capacity 53723K, committed 53888K, reserved 1095680K
  class space    used 6399K, capacity 7001K, committed 7040K, reserved 1048576K
Heap Regions: E=young(eden), S=young(survivor), O=old, HS=humongous(starts), HC=humongous(continues), CS=collection set, F=free, A=archive, TAMS=top-at-mark-start (previous, next)
|   0|0x0000000082800000, 0x0000000082900000, 0x0000000082900000|100%|HS|  |TAMS 0x0000000082900000, 0x0000000082800000| Complete 
|   1|0x0000000082900000, 0x0000000082a00000, 0x0000000082a00000|100%| O|  |TAMS 0x0000000082a00000, 0x0000000082900000| Untracked 
|   2|0x0000000082a00000, 0x0000000082b00000, 0x0000000082b00000|100%| O|  |TAMS 0x0000000082b00000, 0x0000000082a00000| Untracked 
|   3|0x0000000082b00000, 0x0000000082c00000, 0x0000000082c00000|100%| O|  |TAMS 0x0000000082c00000, 0x0000000082b00000| Untracked 
|   4|0x0000000082c00000, 0x0000000082d00000, 0x0000000082d00000|100%| O|  |TAMS 0x0000000082d00000, 0x0000000082c00000| Untracked 
|   5|0x0000000082d00000, 0x0000000082e00000, 0x0000000082e00000|100%| O|  |TAMS 0x0000000082e00000, 0x0000000082d00000| Untracked 
|   6|0x0000000082e00000, 0x0000000082f00000, 0x0000000082f00000|100%| O|  |TAMS 0x0000000082f00000, 0x0000000082e00000| Untracked 
|   7|0x0000000082f00000, 0x0000000083000000, 0x0000000083000000|100%| O|  |TAMS 0x0000000083000000, 0x0000000082f00000| Untracked 
|   8|0x0000000083000000, 0x0000000083100000, 0x0000000083100000|100%| O|  |TAMS 0x0000000083100000, 0x0000000083000000| Untracked 
|   9|0x0000000083100000, 0x0000000083200000, 0x0000000083200000|100%| O|  |TAMS 0x0000000083200000, 0x0000000083100000| Untracked 
|  10|0x0000000083200000, 0x0000000083300000, 0x0000000083300000|100%| O|  |TAMS 0x0000000083300000, 0x0000000083200000| Untracked 
|  11|0x0000000083300000, 0x0000000083400000, 0x0000000083400000|100%| O|  |TAMS 0x0000000083400000, 0x0000000083300000| Untracked 
|  12|0x0000000083400000, 0x0000000083500000, 0x0000000083500000|100%| O|  |TAMS 0x0000000083500000, 0x0000000083400000| Untracked 
|  13|0x0000000083500000, 0x0000000083600000, 0x0000000083600000|100%| O|  |TAMS 0x0000000083600000, 0x0000000083500000| Untracked 
|  14|0x0000000083600000, 0x0000000083700000, 0x0000000083700000|100%| O|  |TAMS 0x00000000836a7a00, 0x0000000083600000| Untracked 
|  15|0x0000000083700000, 0x0000000083800000, 0x0000000083800000|100%| O|  |TAMS 0x0000000083700000, 0x0000000083700000| Untracked 
|  16|0x0000000083800000, 0x0000000083900000, 0x0000000083900000|100%| O|  |TAMS 0x0000000083800000, 0x0000000083800000| Untracked 
|  17|0x0000000083900000, 0x0000000083a00000, 0x0000000083a00000|100%| O|  |TAMS 0x0000000083900000, 0x0000000083900000| Untracked 
|  18|0x0000000083a00000, 0x0000000083b00000, 0x0000000083b00000|100%| O|  |TAMS 0x0000000083a00000, 0x0000000083a00000| Untracked 
|  19|0x0000000083b00000, 0x0000000083c00000, 0x0000000083c00000|100%| O|  |TAMS 0x0000000083b00000, 0x0000000083b00000| Untracked 
|  20|0x0000000083c00000, 0x0000000083d00000, 0x0000000083d00000|100%| O|  |TAMS 0x0000000083c00000, 0x0000000083c00000| Untracked 
|  21|0x0000000083d00000, 0x0000000083e00000, 0x0000000083e00000|100%| O|  |TAMS 0x0000000083d00000, 0x0000000083d00000| Untracked 
|  22|0x0000000083e00000, 0x0000000083f00000, 0x0000000083f00000|100%| O|  |TAMS 0x0000000083e00000, 0x0000000083e00000| Untracked 
|  23|0x0000000083f00000, 0x0000000084000000, 0x0000000084000000|100%| O|  |TAMS 0x0000000083f00000, 0x0000000083f00000| Untracked 
|  24|0x0000000084000000, 0x0000000084100000, 0x0000000084100000|100%| O|  |TAMS 0x0000000084000000, 0x0000000084000000| Untracked 
|  25|0x0000000084100000, 0x0000000084200000, 0x0000000084200000|100%| O|  |TAMS 0x0000000084100000, 0x0000000084100000| Untracked 
|  26|0x0000000084200000, 0x0000000084300000, 0x0000000084300000|100%| O|  |TAMS 0x0000000084200000, 0x0000000084200000| Untracked 
|  27|0x0000000084300000, 0x0000000084400000, 0x0000000084400000|100%| O|  |TAMS 0x0000000084300000, 0x0000000084300000| Untracked 
|  28|0x0000000084400000, 0x0000000084500000, 0x0000000084500000|100%| O|  |TAMS 0x0000000084400000, 0x0000000084400000| Untracked 
|  29|0x0000000084500000, 0x00000000845bfe00, 0x0000000084600000| 74%| O|  |TAMS 0x0000000084500000, 0x0000000084500000| Untracked 
|  30|0x0000000084600000, 0x0000000084600000, 0x0000000084700000|  0%| F|  |TAMS 0x0000000084600000, 0x0000000084600000| Untracked 
|  31|0x0000000084700000, 0x0000000084700000, 0x0000000084800000|  0%| F|  |TAMS 0x0000000084700000, 0x0000000084700000| Untracked 
|  32|0x0000000084800000, 0x0000000084800000, 0x0000000084900000|  0%| F|  |TAMS 0x0000000084800000, 0x0000000084800000| Untracked 
|  33|0x0000000084900000, 0x0000000084900000, 0x0000000084a00000|  0%| F|  |TAMS 0x0000000084900000, 0x0000000084900000| Untracked 
|  34|0x0000000084a00000, 0x0000000084a00000, 0x0000000084b00000|  0%| F|  |TAMS 0x0000000084a00000, 0x0000000084a00000| Untracked 
|  35|0x0000000084b00000, 0x0000000084b00000, 0x0000000084c00000|  0%| F|  |TAMS 0x0000000084b00000, 0x0000000084b00000| Untracked 
|  36|0x0000000084c00000, 0x0000000084c00000, 0x0000000084d00000|  0%| F|  |TAMS 0x0000000084c00000, 0x0000000084c00000| Untracked 
|  37|0x0000000084d00000, 0x0000000084d00000, 0x0000000084e00000|  0%| F|  |TAMS 0x0000000084d00000, 0x0000000084d00000| Untracked 
|  38|0x0000000084e00000, 0x0000000084e00000, 0x0000000084f00000|  0%| F|  |TAMS 0x0000000084e00000, 0x0000000084e00000| Untracked 
|  39|0x0000000084f00000, 0x0000000084f00000, 0x0000000085000000|  0%| F|  |TAMS 0x0000000084f00000, 0x0000000084f00000| Untracked 
|  40|0x0000000085000000, 0x0000000085000000, 0x0000000085100000|  0%| F|  |TAMS 0x0000000085000000, 0x0000000085000000| Untracked 
|  41|0x0000000085100000, 0x0000000085100000, 0x0000000085200000|  0%| F|  |TAMS 0x0000000085100000, 0x0000000085100000| Untracked 
|  42|0x0000000085200000, 0x0000000085200000, 0x0000000085300000|  0%| F|  |TAMS 0x0000000085200000, 0x0000000085200000| Untracked 
|  43|0x0000000085300000, 0x0000000085300000, 0x0000000085400000|  0%| F|  |TAMS 0x0000000085300000, 0x0000000085300000| Untracked 
|  44|0x0000000085400000, 0x0000000085400000, 0x0000000085500000|  0%| F|  |TAMS 0x0000000085400000, 0x0000000085400000| Untracked 
|  45|0x0000000085500000, 0x0000000085500000, 0x0000000085600000|  0%| F|  |TAMS 0x0000000085500000, 0x0000000085500000| Untracked 
|  46|0x0000000085600000, 0x0000000085600000, 0x0000000085700000|  0%| F|  |TAMS 0x0000000085600000, 0x0000000085600000| Untracked 
|  47|0x0000000085700000, 0x0000000085700000, 0x0000000085800000|  0%| F|  |TAMS 0x0000000085700000, 0x0000000085700000| Untracked 
|  48|0x0000000085800000, 0x0000000085800000, 0x0000000085900000|  0%| F|  |TAMS 0x0000000085800000, 0x0000000085800000| Untracked 
|  49|0x0000000085900000, 0x0000000085900000, 0x0000000085a00000|  0%| F|  |TAMS 0x0000000085900000, 0x0000000085900000| Untracked 
|  50|0x0000000085a00000, 0x0000000085a00000, 0x0000000085b00000|  0%| F|  |TAMS 0x0000000085a00000, 0x0000000085a00000| Untracked 
|  51|0x0000000085b00000, 0x0000000085b00000, 0x0000000085c00000|  0%| F|  |TAMS 0x0000000085b00000, 0x0000000085b00000| Untracked 
|  52|0x0000000085c00000, 0x0000000085c00000, 0x0000000085d00000|  0%| F|  |TAMS 0x0000000085c00000, 0x0000000085c00000| Untracked 
|  53|0x0000000085d00000, 0x0000000085d00000, 0x0000000085e00000|  0%| F|  |TAMS 0x0000000085d00000, 0x0000000085d00000| Untracked 
|  54|0x0000000085e00000, 0x0000000085e00000, 0x0000000085f00000|  0%| F|  |TAMS 0x0000000085e00000, 0x0000000085e00000| Untracked 
|  55|0x0000000085f00000, 0x0000000085f00000, 0x0000000086000000|  0%| F|  |TAMS 0x0000000085f00000, 0x0000000085f00000| Untracked 
|  56|0x0000000086000000, 0x0000000086000000, 0x0000000086100000|  0%| F|  |TAMS 0x0000000086000000, 0x0000000086000000| Untracked 
|  57|0x0000000086100000, 0x0000000086100000, 0x0000000086200000|  0%| F|  |TAMS 0x0000000086100000, 0x0000000086100000| Untracked 
|  58|0x0000000086200000, 0x0000000086200000, 0x0000000086300000|  0%| F|  |TAMS 0x0000000086200000, 0x0000000086200000| Untracked 
|  59|0x0000000086300000, 0x0000000086300000, 0x0000000086400000|  0%| F|  |TAMS 0x0000000086300000, 0x0000000086300000| Untracked 
|  60|0x0000000086400000, 0x0000000086400000, 0x0000000086500000|  0%| F|  |TAMS 0x0000000086400000, 0x0000000086400000| Untracked 
|  61|0x0000000086500000, 0x0000000086500000, 0x0000000086600000|  0%| F|  |TAMS 0x0000000086500000, 0x0000000086500000| Untracked 
|  62|0x0000000086600000, 0x0000000086600000, 0x0000000086700000|  0%| F|  |TAMS 0x0000000086600000, 0x0000000086600000| Untracked 
|  63|0x0000000086700000, 0x0000000086780000, 0x0000000086800000| 50%| S|CS|TAMS 0x0000000086700000, 0x0000000086700000| Complete 
|  64|0x0000000086800000, 0x0000000086900000, 0x0000000086900000|100%| S|CS|TAMS 0x0000000086800000, 0x0000000086800000| Complete 
|  65|0x0000000086900000, 0x0000000086a00000, 0x0000000086a00000|100%| S|CS|TAMS 0x0000000086900000, 0x0000000086900000| Complete 
|  66|0x0000000086a00000, 0x0000000086b00000, 0x0000000086b00000|100%| S|CS|TAMS 0x0000000086a00000, 0x0000000086a00000| Complete 
|  67|0x0000000086b00000, 0x0000000086c00000, 0x0000000086c00000|100%| S|CS|TAMS 0x0000000086b00000, 0x0000000086b00000| Complete 
|  68|0x0000000086c00000, 0x0000000086d00000, 0x0000000086d00000|100%| S|CS|TAMS 0x0000000086c00000, 0x0000000086c00000| Complete 
|  69|0x0000000086d00000, 0x0000000086e00000, 0x0000000086e00000|100%| S|CS|TAMS 0x0000000086d00000, 0x0000000086d00000| Complete 
|  70|0x0000000086e00000, 0x0000000086f00000, 0x0000000086f00000|100%| S|CS|TAMS 0x0000000086e00000, 0x0000000086e00000| Complete 
|  71|0x0000000086f00000, 0x0000000087000000, 0x0000000087000000|100%| S|CS|TAMS 0x0000000086f00000, 0x0000000086f00000| Complete 
|  72|0x0000000087000000, 0x0000000087100000, 0x0000000087100000|100%| S|CS|TAMS 0x0000000087000000, 0x0000000087000000| Complete 
|  73|0x0000000087100000, 0x0000000087100000, 0x0000000087200000|  0%| F|  |TAMS 0x0000000087100000, 0x0000000087100000| Untracked 
|  74|0x0000000087200000, 0x0000000087200000, 0x0000000087300000|  0%| F|  |TAMS 0x0000000087200000, 0x0000000087200000| Untracked 
|  75|0x0000000087300000, 0x0000000087300000, 0x0000000087400000|  0%| F|  |TAMS 0x0000000087300000, 0x0000000087300000| Untracked 
|  76|0x0000000087400000, 0x0000000087400000, 0x0000000087500000|  0%| F|  |TAMS 0x0000000087400000, 0x0000000087400000| Untracked 
|  77|0x0000000087500000, 0x0000000087500000, 0x0000000087600000|  0%| F|  |TAMS 0x0000000087500000, 0x0000000087500000| Untracked 
|  78|0x0000000087600000, 0x0000000087600000, 0x0000000087700000|  0%| F|  |TAMS 0x0000000087600000, 0x0000000087600000| Untracked 
|  79|0x0000000087700000, 0x0000000087700000, 0x0000000087800000|  0%| F|  |TAMS 0x0000000087700000, 0x0000000087700000| Untracked 
|  80|0x0000000087800000, 0x0000000087800000, 0x0000000087900000|  0%| F|  |TAMS 0x0000000087800000, 0x0000000087800000| Untracked 
|  81|0x0000000087900000, 0x0000000087900000, 0x0000000087a00000|  0%| F|  |TAMS 0x0000000087900000, 0x0000000087900000| Untracked 
|  82|0x0000000087a00000, 0x0000000087a00000, 0x0000000087b00000|  0%| F|  |TAMS 0x0000000087a00000, 0x0000000087a00000| Untracked 
|  83|0x0000000087b00000, 0x0000000087b00000, 0x0000000087c00000|  0%| F|  |TAMS 0x0000000087b00000, 0x0000000087b00000| Untracked 
|  84|0x0000000087c00000, 0x0000000087c00000, 0x0000000087d00000|  0%| F|  |TAMS 0x0000000087c00000, 0x0000000087c00000| Untracked 
|  85|0x0000000087d00000, 0x0000000087d00000, 0x0000000087e00000|  0%| F|  |TAMS 0x0000000087d00000, 0x0000000087d00000| Untracked 
|  86|0x0000000087e00000, 0x0000000087e00000, 0x0000000087f00000|  0%| F|  |TAMS 0x0000000087e00000, 0x0000000087e00000| Untracked 
|  87|0x0000000087f00000, 0x0000000087f00000, 0x0000000088000000|  0%| F|  |TAMS 0x0000000087f00000, 0x0000000087f00000| Untracked 
|  88|0x0000000088000000, 0x0000000088000000, 0x0000000088100000|  0%| F|  |TAMS 0x0000000088000000, 0x0000000088000000| Untracked 
|  89|0x0000000088100000, 0x0000000088100000, 0x0000000088200000|  0%| F|  |TAMS 0x0000000088100000, 0x0000000088100000| Untracked 
|  90|0x0000000088200000, 0x0000000088200000, 0x0000000088300000|  0%| F|  |TAMS 0x0000000088200000, 0x0000000088200000| Untracked 
|  91|0x0000000088300000, 0x0000000088300000, 0x0000000088400000|  0%| F|  |TAMS 0x0000000088300000, 0x0000000088300000| Untracked 
|  92|0x0000000088400000, 0x0000000088400000, 0x0000000088500000|  0%| F|  |TAMS 0x0000000088400000, 0x0000000088400000| Untracked 
|  93|0x0000000088500000, 0x0000000088500000, 0x0000000088600000|  0%| F|  |TAMS 0x0000000088500000, 0x0000000088500000| Untracked 
|  94|0x0000000088600000, 0x0000000088600000, 0x0000000088700000|  0%| F|  |TAMS 0x0000000088600000, 0x0000000088600000| Untracked 
|  95|0x0000000088700000, 0x0000000088700000, 0x0000000088800000|  0%| F|  |TAMS 0x0000000088700000, 0x0000000088700000| Untracked 
|  96|0x0000000088800000, 0x0000000088800000, 0x0000000088900000|  0%| F|  |TAMS 0x0000000088800000, 0x0000000088800000| Untracked 
|  97|0x0000000088900000, 0x0000000088900000, 0x0000000088a00000|  0%| F|  |TAMS 0x0000000088900000, 0x0000000088900000| Untracked 
|  98|0x0000000088a00000, 0x0000000088a00000, 0x0000000088b00000|  0%| F|  |TAMS 0x0000000088a00000, 0x0000000088a00000| Untracked 
|  99|0x0000000088b00000, 0x0000000088b00000, 0x0000000088c00000|  0%| F|  |TAMS 0x0000000088b00000, 0x0000000088b00000| Untracked 
| 100|0x0000000088c00000, 0x0000000088c00000, 0x0000000088d00000|  0%| F|  |TAMS 0x0000000088c00000, 0x0000000088c00000| Untracked 
| 101|0x0000000088d00000, 0x0000000088d00000, 0x0000000088e00000|  0%| F|  |TAMS 0x0000000088d00000, 0x0000000088d00000| Untracked 
| 102|0x0000000088e00000, 0x0000000088e00000, 0x0000000088f00000|  0%| F|  |TAMS 0x0000000088e00000, 0x0000000088e00000| Untracked 
| 103|0x0000000088f00000, 0x0000000088f00000, 0x0000000089000000|  0%| F|  |TAMS 0x0000000088f00000, 0x0000000088f00000| Untracked 
| 104|0x0000000089000000, 0x0000000089000000, 0x0000000089100000|  0%| F|  |TAMS 0x0000000089000000, 0x0000000089000000| Untracked 
| 105|0x0000000089100000, 0x0000000089100000, 0x0000000089200000|  0%| F|  |TAMS 0x0000000089100000, 0x0000000089100000| Untracked 
| 106|0x0000000089200000, 0x0000000089200000, 0x0000000089300000|  0%| F|  |TAMS 0x0000000089200000, 0x0000000089200000| Untracked 
| 107|0x0000000089300000, 0x0000000089300000, 0x0000000089400000|  0%| F|  |TAMS 0x0000000089300000, 0x0000000089300000| Untracked 
| 108|0x0000000089400000, 0x0000000089400000, 0x0000000089500000|  0%| F|  |TAMS 0x0000000089400000, 0x0000000089400000| Untracked 
| 109|0x0000000089500000, 0x0000000089500000, 0x0000000089600000|  0%| F|  |TAMS 0x0000000089500000, 0x0000000089500000| Untracked 
| 110|0x0000000089600000, 0x0000000089600000, 0x0000000089700000|  0%| F|  |TAMS 0x0000000089600000, 0x0000000089600000| Untracked 
| 111|0x0000000089700000, 0x0000000089700000, 0x0000000089800000|  0%| F|  |TAMS 0x0000000089700000, 0x0000000089700000| Untracked 
| 112|0x0000000089800000, 0x0000000089800000, 0x0000000089900000|  0%| F|  |TAMS 0x0000000089800000, 0x0000000089800000| Untracked 
| 113|0x0000000089900000, 0x0000000089900000, 0x0000000089a00000|  0%| F|  |TAMS 0x0000000089900000, 0x0000000089900000| Untracked 
| 114|0x0000000089a00000, 0x0000000089a00000, 0x0000000089b00000|  0%| F|  |TAMS 0x0000000089a00000, 0x0000000089a00000| Untracked 
| 115|0x0000000089b00000, 0x0000000089b00000, 0x0000000089c00000|  0%| F|  |TAMS 0x0000000089b00000, 0x0000000089b00000| Untracked 
| 116|0x0000000089c00000, 0x0000000089c00000, 0x0000000089d00000|  0%| F|  |TAMS 0x0000000089c00000, 0x0000000089c00000| Untracked 
| 117|0x0000000089d00000, 0x0000000089d00000, 0x0000000089e00000|  0%| F|  |TAMS 0x0000000089d00000, 0x0000000089d00000| Untracked 
| 118|0x0000000089e00000, 0x0000000089e00000, 0x0000000089f00000|  0%| F|  |TAMS 0x0000000089e00000, 0x0000000089e00000| Untracked 
| 119|0x0000000089f00000, 0x0000000089f00000, 0x000000008a000000|  0%| F|  |TAMS 0x0000000089f00000, 0x0000000089f00000| Untracked 
| 120|0x000000008a000000, 0x000000008a000000, 0x000000008a100000|  0%| F|  |TAMS 0x000000008a000000, 0x000000008a000000| Untracked 
| 121|0x000000008a100000, 0x000000008a100000, 0x000000008a200000|  0%| F|  |TAMS 0x000000008a100000, 0x000000008a100000| Untracked 
| 122|0x000000008a200000, 0x000000008a200000, 0x000000008a300000|  0%| F|  |TAMS 0x000000008a200000, 0x000000008a200000| Untracked 
| 123|0x000000008a300000, 0x000000008a300000, 0x000000008a400000|  0%| F|  |TAMS 0x000000008a300000, 0x000000008a300000| Untracked 
| 124|0x000000008a400000, 0x000000008a400000, 0x000000008a500000|  0%| F|  |TAMS 0x000000008a400000, 0x000000008a400000| Untracked 
| 125|0x000000008a500000, 0x000000008a500000, 0x000000008a600000|  0%| F|  |TAMS 0x000000008a500000, 0x000000008a500000| Untracked 
| 126|0x000000008a600000, 0x000000008a600000, 0x000000008a700000|  0%| F|  |TAMS 0x000000008a600000, 0x000000008a600000| Untracked 
| 127|0x000000008a700000, 0x000000008a700000, 0x000000008a800000|  0%| F|  |TAMS 0x000000008a700000, 0x000000008a700000| Untracked 
| 128|0x000000008a800000, 0x000000008a800000, 0x000000008a900000|  0%| F|  |TAMS 0x000000008a800000, 0x000000008a800000| Untracked 
| 129|0x000000008a900000, 0x000000008a900000, 0x000000008aa00000|  0%| F|  |TAMS 0x000000008a900000, 0x000000008a900000| Untracked 
| 130|0x000000008aa00000, 0x000000008aa00000, 0x000000008ab00000|  0%| F|  |TAMS 0x000000008aa00000, 0x000000008aa00000| Untracked 
| 131|0x000000008ab00000, 0x000000008ab00000, 0x000000008ac00000|  0%| F|  |TAMS 0x000000008ab00000, 0x000000008ab00000| Untracked 
| 132|0x000000008ac00000, 0x000000008ac00000, 0x000000008ad00000|  0%| F|  |TAMS 0x000000008ac00000, 0x000000008ac00000| Untracked 
| 133|0x000000008ad00000, 0x000000008ad00000, 0x000000008ae00000|  0%| F|  |TAMS 0x000000008ad00000, 0x000000008ad00000| Untracked 
| 134|0x000000008ae00000, 0x000000008ae00000, 0x000000008af00000|  0%| F|  |TAMS 0x000000008ae00000, 0x000000008ae00000| Untracked 
| 135|0x000000008af00000, 0x000000008af00000, 0x000000008b000000|  0%| F|  |TAMS 0x000000008af00000, 0x000000008af00000| Untracked 
| 136|0x000000008b000000, 0x000000008b000000, 0x000000008b100000|  0%| F|  |TAMS 0x000000008b000000, 0x000000008b000000| Untracked 
| 137|0x000000008b100000, 0x000000008b100000, 0x000000008b200000|  0%| F|  |TAMS 0x000000008b100000, 0x000000008b100000| Untracked 
| 138|0x000000008b200000, 0x000000008b200000, 0x000000008b300000|  0%| F|  |TAMS 0x000000008b200000, 0x000000008b200000| Untracked 
| 139|0x000000008b300000, 0x000000008b300000, 0x000000008b400000|  0%| F|  |TAMS 0x000000008b300000, 0x000000008b300000| Untracked 
| 140|0x000000008b400000, 0x000000008b400000, 0x000000008b500000|  0%| F|  |TAMS 0x000000008b400000, 0x000000008b400000| Untracked 
| 141|0x000000008b500000, 0x000000008b500000, 0x000000008b600000|  0%| F|  |TAMS 0x000000008b500000, 0x000000008b500000| Untracked 
| 142|0x000000008b600000, 0x000000008b600000, 0x000000008b700000|  0%| F|  |TAMS 0x000000008b600000, 0x000000008b600000| Untracked 
| 143|0x000000008b700000, 0x000000008b700000, 0x000000008b800000|  0%| F|  |TAMS 0x000000008b700000, 0x000000008b700000| Untracked 
| 144|0x000000008b800000, 0x000000008b800000, 0x000000008b900000|  0%| F|  |TAMS 0x000000008b800000, 0x000000008b800000| Untracked 
| 145|0x000000008b900000, 0x000000008b900000, 0x000000008ba00000|  0%| F|  |TAMS 0x000000008b900000, 0x000000008b900000| Untracked 
| 146|0x000000008ba00000, 0x000000008ba00000, 0x000000008bb00000|  0%| F|  |TAMS 0x000000008ba00000, 0x000000008ba00000| Untracked 
| 147|0x000000008bb00000, 0x000000008bb00000, 0x000000008bc00000|  0%| F|  |TAMS 0x000000008bb00000, 0x000000008bb00000| Untracked 
| 148|0x000000008bc00000, 0x000000008bc00000, 0x000000008bd00000|  0%| F|  |TAMS 0x000000008bc00000, 0x000000008bc00000| Untracked 
| 149|0x000000008bd00000, 0x000000008bd00000, 0x000000008be00000|  0%| F|  |TAMS 0x000000008bd00000, 0x000000008bd00000| Untracked 
| 150|0x000000008be00000, 0x000000008be00000, 0x000000008bf00000|  0%| F|  |TAMS 0x000000008be00000, 0x000000008be00000| Untracked 
| 151|0x000000008bf00000, 0x000000008bf00000, 0x000000008c000000|  0%| F|  |TAMS 0x000000008bf00000, 0x000000008bf00000| Untracked 
| 152|0x000000008c000000, 0x000000008c000000, 0x000000008c100000|  0%| F|  |TAMS 0x000000008c000000, 0x000000008c000000| Untracked 
| 153|0x000000008c100000, 0x000000008c100000, 0x000000008c200000|  0%| F|  |TAMS 0x000000008c100000, 0x000000008c100000| Untracked 
| 154|0x000000008c200000, 0x000000008c200000, 0x000000008c300000|  0%| F|  |TAMS 0x000000008c200000, 0x000000008c200000| Untracked 
| 155|0x000000008c300000, 0x000000008c300000, 0x000000008c400000|  0%| F|  |TAMS 0x000000008c300000, 0x000000008c300000| Untracked 
| 156|0x000000008c400000, 0x000000008c400000, 0x000000008c500000|  0%| F|  |TAMS 0x000000008c400000, 0x000000008c400000| Untracked 
| 157|0x000000008c500000, 0x000000008c500000, 0x000000008c600000|  0%| F|  |TAMS 0x000000008c500000, 0x000000008c500000| Untracked 
| 158|0x000000008c600000, 0x000000008c600000, 0x000000008c700000|  0%| F|  |TAMS 0x000000008c600000, 0x000000008c600000| Untracked 
| 159|0x000000008c700000, 0x000000008c700000, 0x000000008c800000|  0%| F|  |TAMS 0x000000008c700000, 0x000000008c700000| Untracked 
| 160|0x000000008c800000, 0x000000008c800000, 0x000000008c900000|  0%| F|  |TAMS 0x000000008c800000, 0x000000008c800000| Untracked 
| 161|0x000000008c900000, 0x000000008c900000, 0x000000008ca00000|  0%| F|  |TAMS 0x000000008c900000, 0x000000008c900000| Untracked 
| 162|0x000000008ca00000, 0x000000008ca00000, 0x000000008cb00000|  0%| F|  |TAMS 0x000000008ca00000, 0x000000008ca00000| Untracked 
| 163|0x000000008cb00000, 0x000000008cb00000, 0x000000008cc00000|  0%| F|  |TAMS 0x000000008cb00000, 0x000000008cb00000| Untracked 
| 164|0x000000008cc00000, 0x000000008cc00000, 0x000000008cd00000|  0%| F|  |TAMS 0x000000008cc00000, 0x000000008cc00000| Untracked 
| 165|0x000000008cd00000, 0x000000008cd00000, 0x000000008ce00000|  0%| F|  |TAMS 0x000000008cd00000, 0x000000008cd00000| Untracked 
| 166|0x000000008ce00000, 0x000000008ce00000, 0x000000008cf00000|  0%| F|  |TAMS 0x000000008ce00000, 0x000000008ce00000| Untracked 
| 167|0x000000008cf00000, 0x000000008cf00000, 0x000000008d000000|  0%| F|  |TAMS 0x000000008cf00000, 0x000000008cf00000| Untracked 
| 168|0x000000008d000000, 0x000000008d000000, 0x000000008d100000|  0%| F|  |TAMS 0x000000008d000000, 0x000000008d000000| Untracked 
| 169|0x000000008d100000, 0x000000008d100000, 0x000000008d200000|  0%| F|  |TAMS 0x000000008d100000, 0x000000008d100000| Untracked 
| 170|0x000000008d200000, 0x000000008d200000, 0x000000008d300000|  0%| F|  |TAMS 0x000000008d200000, 0x000000008d200000| Untracked 
| 171|0x000000008d300000, 0x000000008d300000, 0x000000008d400000|  0%| F|  |TAMS 0x000000008d300000, 0x000000008d300000| Untracked 
| 172|0x000000008d400000, 0x000000008d400000, 0x000000008d500000|  0%| F|  |TAMS 0x000000008d400000, 0x000000008d400000| Untracked 
| 173|0x000000008d500000, 0x000000008d500000, 0x000000008d600000|  0%| F|  |TAMS 0x000000008d500000, 0x000000008d500000| Untracked 
| 174|0x000000008d600000, 0x000000008d680800, 0x000000008d700000| 50%| E|  |TAMS 0x000000008d600000, 0x000000008d600000| Complete 
| 175|0x000000008d700000, 0x000000008d800000, 0x000000008d800000|100%| E|CS|TAMS 0x000000008d700000, 0x000000008d700000| Complete 
| 176|0x000000008d800000, 0x000000008d900000, 0x000000008d900000|100%| E|CS|TAMS 0x000000008d800000, 0x000000008d800000| Complete 
| 177|0x000000008d900000, 0x000000008da00000, 0x000000008da00000|100%| E|CS|TAMS 0x000000008d900000, 0x000000008d900000| Complete 
| 178|0x000000008da00000, 0x000000008db00000, 0x000000008db00000|100%| E|CS|TAMS 0x000000008da00000, 0x000000008da00000| Complete 
| 179|0x000000008db00000, 0x000000008dc00000, 0x000000008dc00000|100%| E|CS|TAMS 0x000000008db00000, 0x000000008db00000| Complete 
| 180|0x000000008dc00000, 0x000000008dd00000, 0x000000008dd00000|100%| E|CS|TAMS 0x000000008dc00000, 0x000000008dc00000| Complete 
| 181|0x000000008dd00000, 0x000000008de00000, 0x000000008de00000|100%| E|CS|TAMS 0x000000008dd00000, 0x000000008dd00000| Complete 
| 182|0x000000008de00000, 0x000000008df00000, 0x000000008df00000|100%| E|CS|TAMS 0x000000008de00000, 0x000000008de00000| Complete 

Card table byte_map: [0x000001ad741e0000,0x000001ad745d0000] _byte_map_base: 0x000001ad73dcc000

Marking Bits (Prev, Next): (CMBitMap*) 0x000001ad6b0f7678, (CMBitMap*) 0x000001ad6b0f76b0
 Prev Bits: [0x000001ad749c0000, 0x000001ad76920000)
 Next Bits: [0x000001ad76920000, 0x000001ad78880000)

Polling page: 0x000001ad69880000

Metaspace:

Usage:
  Non-class:     45.69 MB capacity,    44.79 MB ( 98%) used,   736.88 KB (  2%) free+waste,   182.50 KB ( <1%) overhead. 
      Class:      6.84 MB capacity,     6.25 MB ( 91%) used,   516.02 KB (  7%) free+waste,    85.44 KB (  1%) overhead. 
       Both:     52.53 MB capacity,    51.04 MB ( 97%) used,     1.22 MB (  2%) free+waste,   267.94 KB ( <1%) overhead. 

Virtual space:
  Non-class space:       46.00 MB reserved,      45.75 MB (>99%) committed 
      Class space:        1.00 GB reserved,       6.88 MB ( <1%) committed 
             Both:        1.04 GB reserved,      52.63 MB (  5%) committed 

Chunk freelists:
   Non-Class:  62.00 KB
       Class:  7.00 KB
        Both:  69.00 KB

MaxMetaspaceSize: 17179869184.00 GB
CompressedClassSpaceSize: 1.00 GB
Initial GC threshold: 20.80 MB
Current GC threshold: 58.75 MB
CDS: off

CodeHeap 'non-profiled nmethods': size=120064Kb used=2287Kb max_used=2287Kb free=117777Kb
 bounds [0x000001ad07ac0000, 0x000001ad07d30000, 0x000001ad0f000000]
CodeHeap 'profiled nmethods': size=120000Kb used=10560Kb max_used=10560Kb free=109439Kb
 bounds [0x000001ad00590000, 0x000001ad00ff0000, 0x000001ad07ac0000]
CodeHeap 'non-nmethods': size=5696Kb used=1644Kb max_used=1687Kb free=4051Kb
 bounds [0x000001ad00000000, 0x000001ad00270000, 0x000001ad00590000]
 total_blobs=5376 nmethods=4777 adapters=519
 compilation: enabled
              stopped_count=0, restarted_count=0
 full_count=0

Compilation events (20 events):
Event: 11.258 Thread 0x000001ad7af0c800 4828       2       com.sun.org.apache.xerces.internal.impl.XMLEntityScanner::checkLimit (253 bytes)
Event: 11.259 Thread 0x000001ad7af0c800 nmethod 4828 0x000001ad00fd1f10 code [0x000001ad00fd2260, 0x000001ad00fd36e8]
Event: 11.260 Thread 0x000001ad7af0c800 4831       2       com.sun.org.apache.xerces.internal.utils.XMLLimitAnalyzer::addValue (260 bytes)
Event: 11.260 Thread 0x000001ad7af0c800 nmethod 4831 0x000001ad00fd4690 code [0x000001ad00fd4940, 0x000001ad00fd5228]
Event: 11.260 Thread 0x000001ad7af0c800 4829       2       com.sun.org.apache.xerces.internal.impl.XMLNSDocumentScannerImpl::scanAttribute (824 bytes)
Event: 11.264 Thread 0x000001ad7af0c800 nmethod 4829 0x000001ad00fd5a10 code [0x000001ad00fd5ec0, 0x000001ad00fd84f8]
Event: 11.264 Thread 0x000001ad7af0c800 4835       2       org.springframework.beans.factory.support.DefaultListableBeanFactory::findAnnotationOnBean (8 bytes)
Event: 11.264 Thread 0x000001ad7af0c800 nmethod 4835 0x000001ad00fd9c90 code [0x000001ad00fd9ea0, 0x000001ad00fda2d8]
Event: 11.264 Thread 0x000001ad7af0c800 4830       2       com.sun.org.apache.xerces.internal.impl.XMLDocumentFragmentScannerImpl::getString (76 bytes)
Event: 11.265 Thread 0x000001ad7af0c800 nmethod 4830 0x000001ad00fda590 code [0x000001ad00fda7a0, 0x000001ad00fdac28]
Event: 11.265 Thread 0x000001ad7af0c800 4832       2       java.util.stream.ForEachOps$ForEachOp::getOpFlags (15 bytes)
Event: 11.265 Thread 0x000001ad7af0c800 nmethod 4832 0x000001ad00fdb010 code [0x000001ad00fdb1c0, 0x000001ad00fdb2d8]
Event: 11.265 Thread 0x000001ad7af0c800 4833       2       java.util.stream.ForEachOps$ForEachOp$OfRef::evaluateSequential (7 bytes)
Event: 11.265 Thread 0x000001ad7af0c800 nmethod 4833 0x000001ad00fdb390 code [0x000001ad00fdb540, 0x000001ad00fdb6c8]
Event: 11.265 Thread 0x000001ad7af0c800 4834       2       java.util.stream.ForEachOps$ForEachOp::evaluateSequential (13 bytes)
Event: 11.265 Thread 0x000001ad7af0c800 nmethod 4834 0x000001ad00fdb810 code [0x000001ad00fdb9c0, 0x000001ad00fdbb48]
Event: 11.333 Thread 0x000001ad7af0c800 4836       2       org.springframework.util.ConcurrentReferenceHashMap::<init> (176 bytes)
Event: 11.334 Thread 0x000001ad7af0c800 nmethod 4836 0x000001ad00fdbc10 code [0x000001ad00fdbe80, 0x000001ad00fdc7f8]
Event: 11.334 Thread 0x000001ad7af0c800 4837       2       org.springframework.util.ConcurrentReferenceHashMap::calculateShift (26 bytes)
Event: 11.334 Thread 0x000001ad7af0c800 nmethod 4837 0x000001ad00fdcd90 code [0x000001ad00fdcf40, 0x000001ad00fdd098]

GC Heap History (20 events):
Event: 1.798 GC heap before
{Heap before GC invocations=2 (full 0):
 garbage-first heap   total 129024K, used 30229K [0x0000000082800000, 0x0000000100000000)
  region size 1024K, 20 young (20480K), 1 survivors (1024K)
 Metaspace       used 11340K, capacity 11744K, committed 12032K, reserved 1060864K
  class space    used 1098K, capacity 1226K, committed 1280K, reserved 1048576K
}
Event: 1.801 GC heap after
{Heap after GC invocations=3 (full 0):
 garbage-first heap   total 129024K, used 11332K [0x0000000082800000, 0x0000000100000000)
  region size 1024K, 2 young (2048K), 2 survivors (2048K)
 Metaspace       used 11340K, capacity 11744K, committed 12032K, reserved 1060864K
  class space    used 1098K, capacity 1226K, committed 1280K, reserved 1048576K
}
Event: 2.737 GC heap before
{Heap before GC invocations=3 (full 0):
 garbage-first heap   total 129024K, used 42052K [0x0000000082800000, 0x0000000100000000)
  region size 1024K, 32 young (32768K), 2 survivors (2048K)
 Metaspace       used 15618K, capacity 16172K, committed 16512K, reserved 1064960K
  class space    used 1629K, capacity 1835K, committed 1920K, reserved 1048576K
}
Event: 2.745 GC heap after
{Heap after GC invocations=4 (full 0):
 garbage-first heap   total 129024K, used 12678K [0x0000000082800000, 0x0000000100000000)
  region size 1024K, 3 young (3072K), 3 survivors (3072K)
 Metaspace       used 15618K, capacity 16172K, committed 16512K, reserved 1064960K
  class space    used 1629K, capacity 1835K, committed 1920K, reserved 1048576K
}
Event: 3.872 GC heap before
{Heap before GC invocations=4 (full 0):
 garbage-first heap   total 129024K, used 52614K [0x0000000082800000, 0x0000000100000000)
  region size 1024K, 43 young (44032K), 3 survivors (3072K)
 Metaspace       used 20394K, capacity 21130K, committed 21248K, reserved 1069056K
  class space    used 2230K, capacity 2487K, committed 2560K, reserved 1048576K
}
Event: 3.881 GC heap after
{Heap after GC invocations=5 (full 0):
 garbage-first heap   total 129024K, used 14023K [0x0000000082800000, 0x0000000100000000)
  region size 1024K, 5 young (5120K), 5 survivors (5120K)
 Metaspace       used 20394K, capacity 21130K, committed 21248K, reserved 1069056K
  class space    used 2230K, capacity 2487K, committed 2560K, reserved 1048576K
}
Event: 5.146 GC heap before
{Heap before GC invocations=6 (full 0):
 garbage-first heap   total 129024K, used 66247K [0x0000000082800000, 0x0000000100000000)
  region size 1024K, 57 young (58368K), 5 survivors (5120K)
 Metaspace       used 26441K, capacity 27362K, committed 27520K, reserved 1073152K
  class space    used 2995K, capacity 3329K, committed 3456K, reserved 1048576K
}
Event: 5.154 GC heap after
{Heap after GC invocations=7 (full 0):
 garbage-first heap   total 129024K, used 15721K [0x0000000082800000, 0x0000000100000000)
  region size 1024K, 6 young (6144K), 6 survivors (6144K)
 Metaspace       used 26441K, capacity 27362K, committed 27520K, reserved 1073152K
  class space    used 2995K, capacity 3329K, committed 3456K, reserved 1048576K
}
Event: 6.114 GC heap before
{Heap before GC invocations=7 (full 0):
 garbage-first heap   total 129024K, used 86377K [0x0000000082800000, 0x0000000100000000)
  region size 1024K, 75 young (76800K), 6 survivors (6144K)
 Metaspace       used 32582K, capacity 33732K, committed 33920K, reserved 1079296K
  class space    used 3788K, capacity 4218K, committed 4224K, reserved 1048576K
}
Event: 6.132 GC heap after
{Heap after GC invocations=8 (full 0):
 garbage-first heap   total 155648K, used 20248K [0x0000000082800000, 0x0000000100000000)
  region size 1024K, 10 young (10240K), 10 survivors (10240K)
 Metaspace       used 32582K, capacity 33732K, committed 33920K, reserved 1079296K
  class space    used 3788K, capacity 4218K, committed 4224K, reserved 1048576K
}
Event: 6.552 GC heap before
{Heap before GC invocations=8 (full 0):
 garbage-first heap   total 155648K, used 47896K [0x0000000082800000, 0x0000000100000000)
  region size 1024K, 38 young (38912K), 10 survivors (10240K)
 Metaspace       used 34674K, capacity 35807K, committed 35840K, reserved 1081344K
  class space    used 4004K, capacity 4461K, committed 4480K, reserved 1048576K
}
Event: 6.569 GC heap after
{Heap after GC invocations=9 (full 0):
 garbage-first heap   total 155648K, used 20902K [0x0000000082800000, 0x0000000100000000)
  region size 1024K, 6 young (6144K), 6 survivors (6144K)
 Metaspace       used 34674K, capacity 35807K, committed 35840K, reserved 1081344K
  class space    used 4004K, capacity 4461K, committed 4480K, reserved 1048576K
}
Event: 8.147 GC heap before
{Heap before GC invocations=10 (full 0):
 garbage-first heap   total 155648K, used 106918K [0x0000000082800000, 0x0000000100000000)
  region size 1024K, 91 young (93184K), 6 survivors (6144K)
 Metaspace       used 43753K, capacity 45005K, committed 45056K, reserved 1089536K
  class space    used 5085K, capacity 5584K, committed 5632K, reserved 1048576K
}
Event: 8.159 GC heap after
{Heap after GC invocations=11 (full 0):
 garbage-first heap   total 155648K, used 23595K [0x0000000082800000, 0x0000000100000000)
  region size 1024K, 9 young (9216K), 9 survivors (9216K)
 Metaspace       used 43753K, capacity 45005K, committed 45056K, reserved 1089536K
  class space    used 5085K, capacity 5584K, committed 5632K, reserved 1048576K
}
Event: 9.331 GC heap before
{Heap before GC invocations=11 (full 0):
 garbage-first heap   total 155648K, used 107563K [0x0000000082800000, 0x0000000100000000)
  region size 1024K, 91 young (93184K), 9 survivors (9216K)
 Metaspace       used 48270K, capacity 49603K, committed 49792K, reserved 1093632K
  class space    used 5910K, capacity 6424K, committed 6528K, reserved 1048576K
}
Event: 9.342 GC heap after
{Heap after GC invocations=12 (full 0):
 garbage-first heap   total 155648K, used 23450K [0x0000000082800000, 0x0000000100000000)
  region size 1024K, 5 young (5120K), 5 survivors (5120K)
 Metaspace       used 48270K, capacity 49603K, committed 49792K, reserved 1093632K
  class space    used 5910K, capacity 6424K, committed 6528K, reserved 1048576K
}
Event: 10.311 GC heap before
{Heap before GC invocations=12 (full 0):
 garbage-first heap   total 155648K, used 110490K [0x0000000082800000, 0x0000000100000000)
  region size 1024K, 91 young (93184K), 5 survivors (5120K)
 Metaspace       used 50114K, capacity 51438K, committed 51584K, reserved 1093632K
  class space    used 6147K, capacity 6667K, committed 6784K, reserved 1048576K
}
Event: 10.329 GC heap after
{Heap after GC invocations=13 (full 0):
 garbage-first heap   total 155648K, used 32264K [0x0000000082800000, 0x0000000100000000)
  region size 1024K, 12 young (12288K), 12 survivors (12288K)
 Metaspace       used 50114K, capacity 51438K, committed 51584K, reserved 1093632K
  class space    used 6147K, capacity 6667K, committed 6784K, reserved 1048576K
}
Event: 11.197 GC heap before
{Heap before GC invocations=13 (full 0):
 garbage-first heap   total 155648K, used 112136K [0x0000000082800000, 0x0000000100000000)
  region size 1024K, 91 young (93184K), 12 survivors (12288K)
 Metaspace       used 52101K, capacity 53622K, committed 53888K, reserved 1095680K
  class space    used 6383K, capacity 6967K, committed 7040K, reserved 1048576K
}
Event: 11.225 GC heap after
{Heap after GC invocations=14 (full 0):
 garbage-first heap   total 187392K, used 40191K [0x0000000082800000, 0x0000000100000000)
  region size 1024K, 10 young (10240K), 10 survivors (10240K)
 Metaspace       used 52101K, capacity 53622K, committed 53888K, reserved 1095680K
  class space    used 6383K, capacity 6967K, committed 7040K, reserved 1048576K
}

Deoptimization events (20 events):
Event: 11.345 Thread 0x000001ad6b0b7000 DEOPT PACKING pc=0x000001ad07c8da00 sp=0x00000011048fae60
Event: 11.345 Thread 0x000001ad6b0b7000 DEOPT UNPACKING pc=0x000001ad0004a1af sp=0x00000011048faef8 mode 2
Event: 11.345 Thread 0x000001ad6b0b7000 DEOPT PACKING pc=0x000001ad07c74ef4 sp=0x00000011048fbad0
Event: 11.345 Thread 0x000001ad6b0b7000 DEOPT UNPACKING pc=0x000001ad0004a95e sp=0x00000011048faf48 mode 1
Event: 11.345 Thread 0x000001ad6b0b7000 DEOPT PACKING pc=0x000001ad00fa7594 sp=0x00000011048fbb10
Event: 11.345 Thread 0x000001ad6b0b7000 DEOPT UNPACKING pc=0x000001ad0004a95e sp=0x00000011048fb0a0 mode 1
Event: 11.345 Thread 0x000001ad6b0b7000 Uncommon trap: trap_request=0xffffff9f fr.pc=0x000001ad07c8da00 relative=0x0000000000005740
Event: 11.345 Thread 0x000001ad6b0b7000 Uncommon trap: reason=unhandled action=none pc=0x000001ad07c8da00 method=jdk.internal.loader.BuiltinClassLoader.loadClass(Ljava/lang/String;Z)Ljava/lang/Class; @ 19 c2
Event: 11.345 Thread 0x000001ad6b0b7000 DEOPT PACKING pc=0x000001ad07c8da00 sp=0x00000011048fae30
Event: 11.345 Thread 0x000001ad6b0b7000 DEOPT UNPACKING pc=0x000001ad0004a1af sp=0x00000011048faec8 mode 2
Event: 11.345 Thread 0x000001ad6b0b7000 DEOPT PACKING pc=0x000001ad07c74ef4 sp=0x00000011048fbaa0
Event: 11.345 Thread 0x000001ad6b0b7000 DEOPT UNPACKING pc=0x000001ad0004a95e sp=0x00000011048faf18 mode 1
Event: 11.345 Thread 0x000001ad6b0b7000 DEOPT PACKING pc=0x000001ad00f3ebdc sp=0x00000011048fbae0
Event: 11.345 Thread 0x000001ad6b0b7000 DEOPT UNPACKING pc=0x000001ad0004a95e sp=0x00000011048fb030 mode 1
Event: 11.345 Thread 0x000001ad6b0b7000 DEOPT PACKING pc=0x000001ad0093918c sp=0x00000011048fbaf0
Event: 11.345 Thread 0x000001ad6b0b7000 DEOPT UNPACKING pc=0x000001ad0004a95e sp=0x00000011048fafc0 mode 1
Event: 11.346 Thread 0x000001ad6b0b7000 Uncommon trap: trap_request=0xffffff9f fr.pc=0x000001ad07c8da00 relative=0x0000000000005740
Event: 11.346 Thread 0x000001ad6b0b7000 Uncommon trap: reason=unhandled action=none pc=0x000001ad07c8da00 method=jdk.internal.loader.BuiltinClassLoader.loadClass(Ljava/lang/String;Z)Ljava/lang/Class; @ 19 c2
Event: 11.346 Thread 0x000001ad6b0b7000 DEOPT PACKING pc=0x000001ad07c8da00 sp=0x00000011048fae60
Event: 11.346 Thread 0x000001ad6b0b7000 DEOPT UNPACKING pc=0x000001ad0004a1af sp=0x00000011048faef8 mode 2

Classes redefined (0 events):
No events

Internal exceptions (20 events):
Event: 11.096 Thread 0x000001ad6b0b7000 Exception <a 'java/lang/ClassNotFoundException'{0x000000008869b2f8}: java/lang/ObjectCustomizer> (0x000000008869b2f8) thrown at [./src/hotspot/share/classfile/systemDictionary.cpp, line 230]
Event: 11.097 Thread 0x000001ad6b0b7000 Exception <a 'java/lang/ClassNotFoundException'{0x00000000886c85f0}: org/springframework/web/servlet/function/support/HandlerFunctionAdapterCustomizer> (0x00000000886c85f0) thrown at [./src/hotspot/share/classfile/systemDictionary.cpp, line 230]
Event: 11.098 Thread 0x000001ad6b0b7000 Exception <a 'java/lang/ClassNotFoundException'{0x00000000886f0ed0}: org/springframework/web/servlet/HandlerAdapterCustomizer> (0x00000000886f0ed0) thrown at [./src/hotspot/share/classfile/systemDictionary.cpp, line 230]
Event: 11.098 Thread 0x000001ad6b0b7000 Exception <a 'java/lang/ClassNotFoundException'{0x00000000885110b0}: org/springframework/core/OrderedCustomizer> (0x00000000885110b0) thrown at [./src/hotspot/share/classfile/systemDictionary.cpp, line 230]
Event: 11.102 Thread 0x000001ad6b0b7000 Exception <a 'java/lang/ClassNotFoundException'{0x000000008853f8d0}: java/lang/ObjectCustomizer> (0x000000008853f8d0) thrown at [./src/hotspot/share/classfile/systemDictionary.cpp, line 230]
Event: 11.102 Thread 0x000001ad6b0b7000 Exception <a 'java/lang/ClassNotFoundException'{0x000000008856d888}: org/springframework/web/method/support/CompositeUriComponentsContributorCustomizer> (0x000000008856d888) thrown at [./src/hotspot/share/classfile/systemDictionary.cpp, line 230]
Event: 11.105 Thread 0x000001ad6b0b7000 Exception <a 'java/lang/ClassNotFoundException'{0x000000008859bb98}: org/springframework/web/method/support/UriComponentsContributorCustomizer> (0x000000008859bb98) thrown at [./src/hotspot/share/classfile/systemDictionary.cpp, line 230]
Event: 11.106 Thread 0x000001ad6b0b7000 Exception <a 'java/lang/ClassNotFoundException'{0x00000000885a5ec0}: java/lang/ObjectCustomizer> (0x00000000885a5ec0) thrown at [./src/hotspot/share/classfile/systemDictionary.cpp, line 230]
Event: 11.110 Thread 0x000001ad6b0b7000 Exception <a 'java/lang/ClassNotFoundException'{0x00000000885d0908}: org/springframework/web/servlet/mvc/HttpRequestHandlerAdapterCustomizer> (0x00000000885d0908) thrown at [./src/hotspot/share/classfile/systemDictionary.cpp, line 230]
Event: 11.111 Thread 0x000001ad6b0b7000 Exception <a 'java/lang/ClassNotFoundException'{0x00000000885f65a0}: org/springframework/web/servlet/HandlerAdapterCustomizer> (0x00000000885f65a0) thrown at [./src/hotspot/share/classfile/systemDictionary.cpp, line 230]
Event: 11.113 Thread 0x000001ad6b0b7000 Exception <a 'java/lang/ClassNotFoundException'{0x00000000885feb28}: java/lang/ObjectCustomizer> (0x00000000885feb28) thrown at [./src/hotspot/share/classfile/systemDictionary.cpp, line 230]
Event: 11.114 Thread 0x000001ad6b0b7000 Exception <a 'java/lang/ClassNotFoundException'{0x000000008842b5e0}: org/springframework/web/servlet/mvc/SimpleControllerHandlerAdapterCustomizer> (0x000000008842b5e0) thrown at [./src/hotspot/share/classfile/systemDictionary.cpp, line 230]
Event: 11.114 Thread 0x000001ad6b0b7000 Exception <a 'java/lang/ClassNotFoundException'{0x00000000884512a8}: org/springframework/web/servlet/HandlerAdapterCustomizer> (0x00000000884512a8) thrown at [./src/hotspot/share/classfile/systemDictionary.cpp, line 230]
Event: 11.265 Thread 0x000001ad6b0b7000 Exception <a 'java/lang/ClassNotFoundException'{0x000000008db2b7d8}: java/lang/ObjectCustomizer> (0x000000008db2b7d8) thrown at [./src/hotspot/share/classfile/systemDictionary.cpp, line 230]
Event: 11.268 Thread 0x000001ad6b0b7000 Exception <a 'java/lang/ClassNotFoundException'{0x000000008db5a560}: org/springframework/web/servlet/handler/HandlerExceptionResolverCompositeCustomizer> (0x000000008db5a560) thrown at [./src/hotspot/share/classfile/systemDictionary.cpp, line 230]
Event: 11.307 Thread 0x000001ad6b0b7000 Exception <a 'java/lang/ClassNotFoundException'{0x000000008db87d38}: org/springframework/web/servlet/HandlerExceptionResolverCustomizer> (0x000000008db87d38) thrown at [./src/hotspot/share/classfile/systemDictionary.cpp, line 230]
Event: 11.333 Thread 0x000001ad6b0b7000 Exception <a 'java/lang/ClassNotFoundException'{0x000000008dba7148}: org/springframework/core/OrderedCustomizer> (0x000000008dba7148) thrown at [./src/hotspot/share/classfile/systemDictionary.cpp, line 230]
Event: 11.343 Thread 0x000001ad6b0b7000 Exception <a 'java/lang/ClassNotFoundException'{0x000000008dbd9260}: java/lang/ObjectCustomizer> (0x000000008dbd9260) thrown at [./src/hotspot/share/classfile/systemDictionary.cpp, line 230]
Event: 11.344 Thread 0x000001ad6b0b7000 Exception <a 'java/lang/ClassNotFoundException'{0x000000008da03590}: org/springframework/web/servlet/view/ViewResolverCompositeCustomizer> (0x000000008da03590) thrown at [./src/hotspot/share/classfile/systemDictionary.cpp, line 230]
Event: 11.345 Thread 0x000001ad6b0b7000 Exception <a 'java/lang/ClassNotFoundException'{0x000000008da30a78}: org/springframework/web/servlet/ViewResolverCustomizer> (0x000000008da30a78) thrown at [./src/hotspot/share/classfile/systemDictionary.cpp, line 230]

Events (20 events):
Event: 11.342 loading class org/springframework/web/servlet/view/ViewResolverComposite
Event: 11.342 loading class org/springframework/web/servlet/view/ViewResolverComposite done
Event: 11.342 loading class java/lang/ObjectCustomizer
Event: 11.342 loading class java/lang/ObjectCustomizer done
Event: 11.343 loading class java/lang/ObjectCustomizer
Event: 11.343 loading class java/lang/ObjectCustomizer done
Event: 11.343 loading class org/springframework/web/servlet/view/ViewResolverCompositeCustomizer
Event: 11.343 loading class org/springframework/web/servlet/view/ViewResolverCompositeCustomizer done
Event: 11.343 loading class org/springframework/web/servlet/view/ViewResolverCompositeCustomizer
Event: 11.343 loading class org/springframework/web/servlet/view/ViewResolverCompositeCustomizer done
Event: 11.344 loading class org/springframework/web/servlet/view/ViewResolverCompositeCustomizer
Event: 11.344 loading class org/springframework/web/servlet/view/ViewResolverCompositeCustomizer done
Event: 11.344 loading class org/springframework/web/servlet/ViewResolverCustomizer
Event: 11.345 loading class org/springframework/web/servlet/ViewResolverCustomizer done
Event: 11.345 loading class org/springframework/web/servlet/ViewResolverCustomizer
Event: 11.345 loading class org/springframework/web/servlet/ViewResolverCustomizer done
Event: 11.345 loading class org/springframework/web/servlet/ViewResolverCustomizer
Event: 11.345 loading class org/springframework/web/servlet/ViewResolverCustomizer done
Event: 11.346 loading class org/springframework/core/OrderedCustomizer
Event: 11.346 loading class org/springframework/core/OrderedCustomizer done


Dynamic libraries:
0x00007ff7953b0000 - 0x00007ff7953bd000 	C:\Program Files\Amazon Corretto\jdk11.0.14_9\bin\java.exe
0x00007ff9e16c0000 - 0x00007ff9e18c9000 	C:\WINDOWS\SYSTEM32\ntdll.dll
0x00007ff9e0f10000 - 0x00007ff9e0fce000 	C:\WINDOWS\System32\KERNEL32.DLL
0x00007ff9deec0000 - 0x00007ff9df23b000 	C:\WINDOWS\System32\KERNELBASE.dll
0x00007ff9df240000 - 0x00007ff9df351000 	C:\WINDOWS\System32\ucrtbase.dll
0x00007ff9daa10000 - 0x00007ff9daa27000 	C:\Program Files\Amazon Corretto\jdk11.0.14_9\bin\jli.dll
0x00007ff9dfc90000 - 0x00007ff9dfe3d000 	C:\WINDOWS\System32\USER32.dll
0x00007ff9decb0000 - 0x00007ff9decd6000 	C:\WINDOWS\System32\win32u.dll
0x00007ff9e0100000 - 0x00007ff9e0129000 	C:\WINDOWS\System32\GDI32.dll
0x00007ff9dece0000 - 0x00007ff9dedf8000 	C:\WINDOWS\System32\gdi32full.dll
0x00007ff9dec10000 - 0x00007ff9decad000 	C:\WINDOWS\System32\msvcp_win.dll
0x00007ff9d75c0000 - 0x00007ff9d75d9000 	C:\Program Files\Amazon Corretto\jdk11.0.14_9\bin\VCRUNTIME140.dll
0x00007ff9b8b90000 - 0x00007ff9b8e35000 	C:\WINDOWS\WinSxS\amd64_microsoft.windows.common-controls_6595b64144ccf1df_6.0.22000.120_none_9d947278b86cc467\COMCTL32.dll
0x00007ff9e0d30000 - 0x00007ff9e0dd3000 	C:\WINDOWS\System32\msvcrt.dll
0x00007ff9dfe40000 - 0x00007ff9dfe72000 	C:\WINDOWS\System32\IMM32.DLL
0x0000000071510000 - 0x000000007151c000 	C:\Program Files (x86)\360\Total Security\safemon\SafeWrapper.dll
0x00007ff9dfbe0000 - 0x00007ff9dfc8e000 	C:\WINDOWS\System32\ADVAPI32.dll
0x00007ff9e1590000 - 0x00007ff9e162e000 	C:\WINDOWS\System32\sechost.dll
0x00007ff9e0df0000 - 0x00007ff9e0f10000 	C:\WINDOWS\System32\RPCRT4.dll
0x00007ff9b8300000 - 0x00007ff9b8392000 	C:\Program Files (x86)\360\Total Security\safemon\libzdtp64.dll
0x00007ff9e0480000 - 0x00007ff9e0c37000 	C:\WINDOWS\System32\SHELL32.dll
0x00007ff9dfb80000 - 0x00007ff9dfbdd000 	C:\WINDOWS\System32\SHLWAPI.dll
0x00007ff9de540000 - 0x00007ff9de54a000 	C:\WINDOWS\SYSTEM32\VERSION.dll
0x00007ff9b7f60000 - 0x00007ff9b7ffb000 	C:\Program Files\Amazon Corretto\jdk11.0.14_9\bin\msvcp140.dll
0x00007ff9a9150000 - 0x00007ff9a9cd3000 	C:\Program Files\Amazon Corretto\jdk11.0.14_9\bin\server\jvm.dll
0x00007ff9e0de0000 - 0x00007ff9e0de8000 	C:\WINDOWS\System32\PSAPI.DLL
0x00007ff9ada10000 - 0x00007ff9ada19000 	C:\WINDOWS\SYSTEM32\WSOCK32.dll
0x00007ff9d7490000 - 0x00007ff9d74c3000 	C:\WINDOWS\SYSTEM32\WINMM.dll
0x00007ff9dfe80000 - 0x00007ff9dfeef000 	C:\WINDOWS\System32\WS2_32.dll
0x00007ff9ddc90000 - 0x00007ff9ddca8000 	C:\WINDOWS\SYSTEM32\kernel.appcore.dll
0x00007ff9db1a0000 - 0x00007ff9db1b0000 	C:\Program Files\Amazon Corretto\jdk11.0.14_9\bin\verify.dll
0x00007ff9dc080000 - 0x00007ff9dc2a1000 	C:\WINDOWS\SYSTEM32\DBGHELP.DLL
0x00007ff9cd610000 - 0x00007ff9cd641000 	C:\WINDOWS\SYSTEM32\dbgcore.DLL
0x00007ff9deb90000 - 0x00007ff9dec0f000 	C:\WINDOWS\System32\bcryptPrimitives.dll
0x00007ff9cefb0000 - 0x00007ff9cefd8000 	C:\Program Files\Amazon Corretto\jdk11.0.14_9\bin\java.dll
0x00007ff9db110000 - 0x00007ff9db11a000 	C:\Program Files\Amazon Corretto\jdk11.0.14_9\bin\jimage.dll
0x00007ff9b82c0000 - 0x00007ff9b82f8000 	C:\Program Files\Amazon Corretto\jdk11.0.14_9\bin\jdwp.dll
0x00007ff9d8010000 - 0x00007ff9d801e000 	C:\Program Files\Amazon Corretto\jdk11.0.14_9\bin\instrument.dll
0x00007ff9cef90000 - 0x00007ff9cefa8000 	C:\Program Files\Amazon Corretto\jdk11.0.14_9\bin\zip.dll
0x00007ff9dcc20000 - 0x00007ff9dd485000 	C:\WINDOWS\SYSTEM32\windows.storage.dll
0x00007ff9e0fd0000 - 0x00007ff9e1348000 	C:\WINDOWS\System32\combase.dll
0x00007ff9dcab0000 - 0x00007ff9dcc16000 	C:\WINDOWS\SYSTEM32\wintypes.dll
0x00007ff9df540000 - 0x00007ff9df62a000 	C:\WINDOWS\System32\SHCORE.dll
0x00007ff9deac0000 - 0x00007ff9deae1000 	C:\WINDOWS\SYSTEM32\profapi.dll
0x00007ff9cef80000 - 0x00007ff9cef8a000 	C:\Program Files\Amazon Corretto\jdk11.0.14_9\bin\dt_socket.dll
0x00007ff9de130000 - 0x00007ff9de197000 	C:\WINDOWS\system32\mswsock.dll
0x00007ff9cef40000 - 0x00007ff9cef59000 	C:\Program Files\Amazon Corretto\jdk11.0.14_9\bin\net.dll
0x00007ff9d66d0000 - 0x00007ff9d67e4000 	C:\WINDOWS\SYSTEM32\WINHTTP.dll
0x00007ff9be6e0000 - 0x00007ff9be6f3000 	C:\Program Files\Amazon Corretto\jdk11.0.14_9\bin\nio.dll
0x00007ff9cef00000 - 0x00007ff9cef09000 	C:\Program Files\Amazon Corretto\jdk11.0.14_9\bin\management.dll
0x00007ff9b82b0000 - 0x00007ff9b82bb000 	C:\Program Files\Amazon Corretto\jdk11.0.14_9\bin\management_ext.dll
0x00007ff9b8f30000 - 0x00007ff9b8f47000 	C:\WINDOWS\system32\napinsp.dll
0x00007ff982420000 - 0x00007ff98243b000 	C:\WINDOWS\system32\pnrpnsp.dll
0x00007ff9dd770000 - 0x00007ff9dd858000 	C:\WINDOWS\SYSTEM32\DNSAPI.dll
0x00007ff9dd740000 - 0x00007ff9dd76d000 	C:\WINDOWS\SYSTEM32\IPHLPAPI.DLL
0x00007ff9e0c40000 - 0x00007ff9e0c49000 	C:\WINDOWS\System32\NSI.dll
0x00007ff982400000 - 0x00007ff982412000 	C:\WINDOWS\System32\winrnr.dll
0x00007ff9d5b30000 - 0x00007ff9d5b45000 	C:\WINDOWS\system32\wshbth.dll
0x00007ff983140000 - 0x00007ff98315f000 	C:\WINDOWS\system32\nlansp_c.dll
0x00007ff9b5e10000 - 0x00007ff9b5e1a000 	C:\Windows\System32\rasadhlp.dll
0x00007ff9d0f70000 - 0x00007ff9d0ff1000 	C:\WINDOWS\System32\fwpuclnt.dll

dbghelp: loaded successfully - version: 4.0.5 - missing functions: none
symbol engine: initialized successfully - sym options: 0x614 - pdb path: .;C:\Program Files\Amazon Corretto\jdk11.0.14_9\bin;C:\WINDOWS\SYSTEM32;C:\WINDOWS\WinSxS\amd64_microsoft.windows.common-controls_6595b64144ccf1df_6.0.22000.120_none_9d947278b86cc467;C:\Program Files (x86)\360\Total Security\safemon;C:\Program Files\Amazon Corretto\jdk11.0.14_9\bin\server

VM Arguments:
jvm_args: -agentlib:jdwp=transport=dt_socket,address=127.0.0.1:59969,suspend=y,server=n -ea -Dspring.profiles.active=test -Didea.test.cyclic.buffer.size=1048576 -javaagent:C:\Users\Honor\AppData\Local\JetBrains\IntelliJIdea2022.2\captureAgent\debugger-agent.jar -Dfile.encoding=UTF-8 
java_command: com.intellij.rt.junit.JUnitStarter -ideVersion5 -junit5 ru.practicum.shareit.booking.controller.BookingControllerTest,updateBooking_Valid_WithOut_Approve
java_class_path (initial): C:\Users\Honor\.m2\repository\org\junit\platform\junit-platform-launcher\1.8.2\junit-platform-launcher-1.8.2.jar;C:\Users\Honor\.m2\repository\org\junit\vintage\junit-vintage-engine\5.8.2\junit-vintage-engine-5.8.2.jar;C:\Program Files\JetBrains\IntelliJ IDEA 2022.2.1\lib\idea_rt.jar;C:\Program Files\JetBrains\IntelliJ IDEA 2022.2.1\plugins\junit\lib\junit5-rt.jar;C:\Program Files\JetBrains\IntelliJ IDEA 2022.2.1\plugins\junit\lib\junit-rt.jar;C:\Users\Honor\IdeaProjects\java-shareit\target\test-classes;C:\Users\Honor\IdeaProjects\java-shareit\target\classes;C:\Users\Honor\.m2\repository\org\springframework\boot\spring-boot-starter-web\2.7.6\spring-boot-starter-web-2.7.6.jar;C:\Users\Honor\.m2\repository\org\springframework\boot\spring-boot-starter\2.7.6\spring-boot-starter-2.7.6.jar;C:\Users\Honor\.m2\repository\org\springframework\boot\spring-boot\2.7.6\spring-boot-2.7.6.jar;C:\Users\Honor\.m2\repository\org\springframework\boot\spring-boot-autoconfigure\2.7.6\spring-boot-autoconfigure-2.7.6.jar;C:\Users\Honor\.m2\repository\org\springframework\boot\spring-boot-starter-logging\2.7.6\spring-boot-starter-logging-2.7.6.jar;C:\Users\Honor\.m2\repository\ch\qos\logback\logback-classic\1.2.11\logback-classic-1.2.11.jar;C:\Users\Honor\.m2\repository\ch\qos\logback\logback-core\1.2.11\logback-core-1.2.11.jar;C:\Users\Honor\.m2\repository\org\apache\logging\log4j\log4j-to-slf4j\2.17.2\log4j-to-slf4j-2.17.2.jar;C:\Users\Honor\.m2\repository\org\slf4j\jul-to-slf4j\1.7.36\jul-to-slf4j-1.7.36.jar;C:\Users\Honor\.m2\repository\jakarta\annotation\jakarta.annotation-api\1.3.5\jakarta.annotation-api-1.3.5.jar;C:\Users\Honor\.m2\repository\org\yaml\snakeyaml\1.30\snakeyaml-1.30.jar;C:\Users\Honor\.m2\repository\org\springframework\boot\spring-boot-starter-json\2.7.6\spring-boot-starter-json-2.7.6.jar;C:\Users\Honor\.m2\repository\com\fasterxml\jackson\core\jackson-databind\2.13.4.2\jackson-databind-2.13.4.2.jar;C:\Users\Honor\.m2\repository\com\fasterxm
Launcher Type: SUN_STANDARD

[Global flags]
     intx CICompilerCount                          = 3                                         {product} {ergonomic}
     uint ConcGCThreads                            = 1                                         {product} {ergonomic}
     uint G1ConcRefinementThreads                  = 4                                         {product} {ergonomic}
   size_t G1HeapRegionSize                         = 1048576                                   {product} {ergonomic}
    uintx GCDrainStackTargetSize                   = 64                                        {product} {ergonomic}
   size_t InitialHeapSize                          = 132120576                                 {product} {ergonomic}
   size_t MarkStackSize                            = 4194304                                   {product} {ergonomic}
   size_t MaxHeapSize                              = 2105540608                                {product} {ergonomic}
   size_t MaxNewSize                               = 1262485504                                {product} {ergonomic}
   size_t MinHeapDeltaBytes                        = 1048576                                   {product} {ergonomic}
    uintx NonNMethodCodeHeapSize                   = 5830732                                {pd product} {ergonomic}
    uintx NonProfiledCodeHeapSize                  = 122913754                              {pd product} {ergonomic}
    uintx ProfiledCodeHeapSize                     = 122913754                              {pd product} {ergonomic}
    uintx ReservedCodeCacheSize                    = 251658240                              {pd product} {ergonomic}
     bool SegmentedCodeCache                       = true                                      {product} {ergonomic}
     bool UseCompressedClassPointers               = true                                 {lp64_product} {ergonomic}
     bool UseCompressedOops                        = true                                 {lp64_product} {ergonomic}
     bool UseG1GC                                  = true                                      {product} {ergonomic}
     bool UseLargePagesIndividualAllocation        = false                                  {pd product} {ergonomic}

Logging:
Log output configuration:
 #0: stdout all=warning uptime,level,tags
 #1: stderr all=off uptime,level,tags

Environment Variables:
JAVA_HOME=C:\Program Files\Amazon Corretto\jdk11.0.14_9
PATH=C:\Program Files\Amazon Corretto\jdk11.0.14_9\bin;C:\Program Files (x86)\Common Files\Oracle\Java\javapath;C:\WINDOWS\system32;C:\WINDOWS;C:\WINDOWS\System32\Wbem;C:\WINDOWS\System32\WindowsPowerShell\v1.0\;C:\WINDOWS\System32\OpenSSH\;C:\Program Files\Amazon Corretto\jdk11.0.14_9\bin;C:\Program Files\Git\cmd;C:\Users\Honor\AppData\Local\Microsoft\WindowsApps;;C:\Program Files\JetBrains\IntelliJ IDEA Community Edition 2021.3.2\bin;
USERNAME=Honor
OS=Windows_NT
PROCESSOR_IDENTIFIER=Intel64 Family 6 Model 142 Stepping 12, GenuineIntel



---------------  S Y S T E M  ---------------

OS: Windows 11 , 64 bit Build 22000 (10.0.22000.1335)
OS uptime: 34 days 11:02 hours

CPU:total 4 (initial active 4) (2 cores per cpu, 2 threads per core) family 6 model 142 stepping 12 microcode 0xde, cmov, cx8, fxsr, mmx, sse, sse2, sse3, ssse3, sse4.1, sse4.2, popcnt, avx, avx2, aes, clmul, erms, 3dnowpref, lzcnt, ht, tsc, tscinvbit, bmi1, bmi2, adx, fma

Memory: 4k page, system-wide physical 8025M (315M free)
TotalPageFile size 21191M (AvailPageFile size 6M)
current process WorkingSet (physical memory assigned to process): 309M, peak: 309M
current process commit charge ("private bytes"): 380M, peak: 384M

vm_info: OpenJDK 64-Bit Server VM (11.0.14+9-LTS) for windows-amd64 JRE (11.0.14+9-LTS), built on Jan 15 2022 01:18:46 by "Administrator" with unknown MS VC++:1916

END.
